<?xml version="1.0" encoding="utf-8"?><testsuites name="pytest tests"><testsuite name="pytest" errors="0" failures="0" skipped="0" tests="7" time="3.513" timestamp="2026-04-13T15:54:16.866953+00:00" hostname="agent-env-d37d05be-fbf6-449d-a49e-4c6a0d92a48d"><testcase classname="backend.tests.test_attendance_report.TestAttendanceReport" name="test_attendance_report_requires_auth" time="0.699" /><testcase classname="backend.tests.test_attendance_report.TestAttendanceReport" name="test_attendance_report_pdf_requires_auth" time="0.514" /><testcase classname="backend.tests.test_attendance_report.TestAttendanceReport" name="test_attendance_report_not_found" time="0.418" /><testcase classname="backend.tests.test_attendance_report.TestAttendanceReport" name="test_attendance_report_pdf_not_found" time="0.401" /><testcase classname="backend.tests.test_attendance_report.TestAttendanceReport" name="test_attendance_report_json_structure" time="0.482" /><testcase classname="backend.tests.test_attendance_report.TestAttendanceReport" name="test_attendance_report_pdf_download" time="0.505" /><testcase classname="backend.tests.test_attendance_report.TestAttendanceReport" name="test_attendance_report_with_test_meeting" time="0.421" /></testsuite></testsuites>