<?xml version="1.0" encoding="utf-8"?><testsuites name="pytest tests"><testsuite name="pytest" errors="0" failures="0" skipped="0" tests="7" time="3.328" timestamp="2026-04-12T18:47:47.349261+00:00" hostname="agent-env-d37d05be-fbf6-449d-a49e-4c6a0d92a48d"><testcase classname="backend.tests.test_audit_pdf_export.TestAuditPdfExport" name="test_pdf_export_returns_valid_pdf" time="0.441" /><testcase classname="backend.tests.test_audit_pdf_export.TestAuditPdfExport" name="test_pdf_export_requires_authentication" time="0.456" /><testcase classname="backend.tests.test_audit_pdf_export.TestAuditPdfExport" name="test_pdf_export_returns_404_for_nonexistent_document" time="0.446" /><testcase classname="backend.tests.test_audit_pdf_export.TestAuditPdfExport" name="test_pdf_export_returns_404_for_nonexistent_meeting" time="0.399" /><testcase classname="backend.tests.test_audit_pdf_export.TestAuditPdfExport" name="test_pdf_contains_expected_content" time="0.391" /><testcase classname="backend.tests.test_audit_pdf_export.TestAuditPdfExport" name="test_audit_log_endpoint_still_works" time="0.378" /><testcase classname="backend.tests.test_audit_pdf_export.TestAuditPdfExportWithNewDocument" name="test_pdf_export_with_empty_audit_log" time="0.754" /></testsuite></testsuites>