<?xml version="1.0" encoding="utf-8"?><testsuites name="pytest tests"><testsuite name="pytest" errors="0" failures="0" skipped="0" tests="12" time="25.440" timestamp="2026-04-12T18:37:01.435342+00:00" hostname="agent-env-d37d05be-fbf6-449d-a49e-4c6a0d92a48d"><testcase classname="backend.tests.test_document_audit_trail.TestDocumentAuditTrail" name="test_get_audit_log_returns_entries_sorted_desc" time="1.046" /><testcase classname="backend.tests.test_document_audit_trail.TestDocumentAuditTrail" name="test_audit_log_entry_structure" time="0.778" /><testcase classname="backend.tests.test_document_audit_trail.TestDocumentAuditTrail" name="test_audit_log_requires_authentication" time="0.843" /><testcase classname="backend.tests.test_document_audit_trail.TestDocumentAuditTrail" name="test_upload_creates_uploaded_audit_entry" time="0.758" /><testcase classname="backend.tests.test_document_audit_trail.TestDocumentAuditTrail" name="test_view_creates_viewed_audit_entry" time="0.959" /><testcase classname="backend.tests.test_document_audit_trail.TestDocumentAuditTrail" name="test_present_creates_presented_audit_entry" time="16.113" /><testcase classname="backend.tests.test_document_audit_trail.TestDocumentAuditTrail" name="test_stop_presentation_creates_stopped_audit_entry" time="0.925" /><testcase classname="backend.tests.test_document_audit_trail.TestDocumentAuditTrail" name="test_live_sign_creates_signed_audit_entry" time="0.899" /><testcase classname="backend.tests.test_document_audit_trail.TestDocumentAuditTrail" name="test_async_sign_creates_signed_async_audit_entry" time="0.835" /><testcase classname="backend.tests.test_document_audit_trail.TestDocumentAuditTrail" name="test_request_signatures_creates_audit_entry" time="0.801" /><testcase classname="backend.tests.test_document_audit_trail.TestDocumentAuditTrail" name="test_send_for_signing_creates_audit_entry" time="0.876" /><testcase classname="backend.tests.test_document_audit_trail.TestDocumentAuditTrail" name="test_existing_audit_data_from_main_agent" time="0.518" /></testsuite></testsuites>