<?xml version="1.0" encoding="utf-8"?><testsuites name="pytest tests"><testsuite name="pytest" errors="0" failures="0" skipped="0" tests="10" time="9.794" timestamp="2026-04-16T21:32:25.787811+00:00" hostname="agent-env-d37d05be-fbf6-449d-a49e-4c6a0d92a48d"><testcase classname="backend.tests.test_auto_reply.TestAutoReplyFeature" name="test_get_profile_returns_auto_reply_fields" time="0.964" /><testcase classname="backend.tests.test_auto_reply.TestAutoReplyFeature" name="test_update_profile_auto_reply_enabled" time="0.864" /><testcase classname="backend.tests.test_auto_reply.TestAutoReplyFeature" name="test_update_profile_auto_reply_message" time="0.870" /><testcase classname="backend.tests.test_auto_reply.TestAutoReplyFeature" name="test_update_profile_both_auto_reply_fields" time="0.811" /><testcase classname="backend.tests.test_auto_reply.TestAutoReplyFeature" name="test_auto_reply_sent_to_dnd_user" time="1.057" /><testcase classname="backend.tests.test_auto_reply.TestAutoReplyFeature" name="test_auto_reply_has_correct_type" time="1.036" /><testcase classname="backend.tests.test_auto_reply.TestAutoReplyFeature" name="test_auto_reply_is_reply_to_triggering_message" time="1.009" /><testcase classname="backend.tests.test_auto_reply.TestAutoReplyFeature" name="test_auto_reply_throttling" time="1.095" /><testcase classname="backend.tests.test_auto_reply.TestAutoReplyFeature" name="test_no_auto_reply_when_disabled" time="1.063" /><testcase classname="backend.tests.test_auto_reply.TestAutoReplyFeature" name="test_no_auto_reply_for_bot_commands" time="0.935" /></testsuite></testsuites>