<?xml version="1.0" encoding="utf-8"?><testsuites name="pytest tests"><testsuite name="pytest" errors="0" failures="0" skipped="0" tests="18" time="2.878" timestamp="2026-04-12T13:26:33.436168+00:00" hostname="agent-env-d37d05be-fbf6-449d-a49e-4c6a0d92a48d"><testcase classname="backend.tests.test_booking_feature.TestAvailabilityEndpoints" name="test_get_availability_returns_config" time="0.490" /><testcase classname="backend.tests.test_booking_feature.TestAvailabilityEndpoints" name="test_put_availability_saves_config" time="0.148" /><testcase classname="backend.tests.test_booking_feature.TestAvailabilityEndpoints" name="test_availability_requires_auth" time="0.156" /><testcase classname="backend.tests.test_booking_feature.TestPublicBookingInfo" name="test_get_booking_info_returns_public_data" time="0.104" /><testcase classname="backend.tests.test_booking_feature.TestPublicBookingInfo" name="test_get_booking_info_user_not_found" time="0.105" /><testcase classname="backend.tests.test_booking_feature.TestPublicSlots" name="test_get_slots_for_enabled_weekday" time="0.105" /><testcase classname="backend.tests.test_booking_feature.TestPublicSlots" name="test_get_slots_for_disabled_weekday" time="0.112" /><testcase classname="backend.tests.test_booking_feature.TestPublicSlots" name="test_get_slots_respects_blocked_dates" time="0.286" /><testcase classname="backend.tests.test_booking_feature.TestPublicSlots" name="test_get_slots_invalid_date_format" time="0.108" /><testcase classname="backend.tests.test_booking_feature.TestBookingCreation" name="test_create_booking_success" time="0.223" /><testcase classname="backend.tests.test_booking_feature.TestBookingCreation" name="test_double_booking_returns_409" time="0.105" /><testcase classname="backend.tests.test_booking_feature.TestBookingCreation" name="test_booked_slot_disappears_from_available" time="0.100" /><testcase classname="backend.tests.test_booking_feature.TestBookingCreation" name="test_create_booking_missing_fields" time="0.108" /><testcase classname="backend.tests.test_booking_feature.TestMyBookings" name="test_get_my_bookings_with_pagination" time="0.125" /><testcase classname="backend.tests.test_booking_feature.TestMyBookings" name="test_my_bookings_requires_auth" time="0.098" /><testcase classname="backend.tests.test_booking_feature.TestCancelBooking" name="test_cancel_booking_success" time="0.260" /><testcase classname="backend.tests.test_booking_feature.TestCancelBooking" name="test_cancel_booking_not_found" time="0.047" /><testcase classname="backend.tests.test_booking_feature.TestCancelBooking" name="test_cancel_booking_requires_auth" time="0.105" /></testsuite></testsuites>