<?xml version="1.0" encoding="utf-8"?><testsuites name="pytest tests"><testsuite name="pytest" errors="0" failures="0" skipped="0" tests="13" time="8.204" timestamp="2026-04-12T19:12:13.153860+00:00" hostname="agent-env-d37d05be-fbf6-449d-a49e-4c6a0d92a48d"><testcase classname="backend.tests.test_breakout_rooms.TestBreakoutRoomsCRUD" name="test_create_breakout_room" time="0.559" /><testcase classname="backend.tests.test_breakout_rooms.TestBreakoutRoomsCRUD" name="test_list_breakout_rooms" time="0.591" /><testcase classname="backend.tests.test_breakout_rooms.TestBreakoutRoomsCRUD" name="test_update_breakout_room" time="0.577" /><testcase classname="backend.tests.test_breakout_rooms.TestBreakoutRoomsCRUD" name="test_delete_breakout_room" time="0.617" /><testcase classname="backend.tests.test_breakout_rooms.TestBreakoutRoomsCRUD" name="test_create_room_requires_auth" time="0.557" /><testcase classname="backend.tests.test_breakout_rooms.TestBreakoutRoomsAutoAssign" name="test_auto_assign_creates_rooms" time="0.634" /><testcase classname="backend.tests.test_breakout_rooms.TestBreakoutRoomsAutoAssign" name="test_auto_assign_uses_existing_rooms" time="0.783" /><testcase classname="backend.tests.test_breakout_rooms.TestBreakoutRoomsSession" name="test_start_returns_400_if_no_open_rooms" time="0.530" /><testcase classname="backend.tests.test_breakout_rooms.TestBreakoutRoomsSession" name="test_start_breakout_session" time="0.686" /><testcase classname="backend.tests.test_breakout_rooms.TestBreakoutRoomsSession" name="test_end_breakout_session" time="0.805" /><testcase classname="backend.tests.test_breakout_rooms.TestBreakoutRoomsBroadcast" name="test_broadcast_message" time="0.674" /><testcase classname="backend.tests.test_breakout_rooms.TestBreakoutRoomsBroadcast" name="test_close_all_rooms" time="0.718" /><testcase classname="backend.tests.test_breakout_rooms.TestBreakoutRoomsExistingMeeting" name="test_list_existing_meeting_rooms" time="0.383" /></testsuite></testsuites>