<?xml version="1.0" encoding="utf-8"?><testsuites name="pytest tests"><testsuite name="pytest" errors="0" failures="0" skipped="0" tests="13" time="7.011" timestamp="2026-04-16T21:16:23.984527+00:00" hostname="agent-env-d37d05be-fbf6-449d-a49e-4c6a0d92a48d"><testcase classname="backend.tests.test_chat_status_dnd.TestChatStatusDND" name="test_my_status_endpoint_exists" time="0.522" /><testcase classname="backend.tests.test_chat_status_dnd.TestChatStatusDND" name="test_my_status_returns_dnd_with_active_focus" time="0.496" /><testcase classname="backend.tests.test_chat_status_dnd.TestChatStatusDND" name="test_my_status_includes_focus_info" time="0.478" /><testcase classname="backend.tests.test_chat_status_dnd.TestChatStatusDND" name="test_chat_users_includes_status_mode" time="0.463" /><testcase classname="backend.tests.test_chat_status_dnd.TestChatStatusDND" name="test_chat_users_excludes_current_user" time="0.493" /><testcase classname="backend.tests.test_chat_status_dnd.TestChatStatusDND" name="test_conversations_includes_other_status" time="0.461" /><testcase classname="backend.tests.test_chat_status_dnd.TestChatStatusDND" name="test_conversations_direct_has_display_name" time="0.555" /><testcase classname="backend.tests.test_chat_status_dnd.TestChatStatusDND" name="test_create_focus_time_changes_status" time="0.686" /><testcase classname="backend.tests.test_chat_status_dnd.TestChatStatusDND" name="test_my_status_requires_auth" time="0.497" /><testcase classname="backend.tests.test_chat_status_dnd.TestChatStatusDND" name="test_chat_users_requires_auth" time="0.506" /><testcase classname="backend.tests.test_chat_status_dnd.TestChatStatusDND" name="test_conversations_requires_auth" time="0.553" /><testcase classname="backend.tests.test_chat_status_dnd.TestFocusTimeStatusIntegration" name="test_focus_time_active_endpoint" time="0.582" /><testcase classname="backend.tests.test_chat_status_dnd.TestFocusTimeStatusIntegration" name="test_status_mode_values" time="0.621" /></testsuite></testsuites>