<?xml version="1.0" encoding="utf-8"?><testsuites name="pytest tests"><testsuite name="pytest" errors="0" failures="1" skipped="0" tests="42" time="19.485" timestamp="2026-04-12T16:33:14.996854+00:00" hostname="agent-env-d37d05be-fbf6-449d-a49e-4c6a0d92a48d"><testcase classname="backend.tests.test_comprehensive.TestAuth" name="test_login_success" time="0.498" /><testcase classname="backend.tests.test_comprehensive.TestAuth" name="test_login_wrong_password" time="0.341" /><testcase classname="backend.tests.test_comprehensive.TestAuth" name="test_get_me_without_auth" time="0.114" /><testcase classname="backend.tests.test_comprehensive.TestAuth" name="test_register_new_user" time="0.352" /><testcase classname="backend.tests.test_comprehensive.TestMeetings" name="test_create_instant_meeting" time="0.405" /><testcase classname="backend.tests.test_comprehensive.TestMeetings" name="test_create_scheduled_meeting" time="0.412" /><testcase classname="backend.tests.test_comprehensive.TestMeetings" name="test_list_meetings_pagination" time="0.391" /><testcase classname="backend.tests.test_comprehensive.TestMeetings" name="test_list_meetings_search" time="0.447" /><testcase classname="backend.tests.test_comprehensive.TestMeetings" name="test_list_meetings_upcoming" time="0.392" /><testcase classname="backend.tests.test_comprehensive.TestMeetings" name="test_update_meeting" time="0.433" /><testcase classname="backend.tests.test_comprehensive.TestMeetings" name="test_delete_meeting" time="0.496" /><testcase classname="backend.tests.test_comprehensive.TestMeetings" name="test_meeting_ical_export" time="0.556" /><testcase classname="backend.tests.test_comprehensive.TestSchedulePolls" name="test_create_schedule_poll" time="0.380" /><testcase classname="backend.tests.test_comprehensive.TestSchedulePolls" name="test_get_public_poll" time="0.542" /><testcase classname="backend.tests.test_comprehensive.TestSchedulePolls" name="test_vote_on_poll" time="0.740" /><testcase classname="backend.tests.test_comprehensive.TestSchedulePolls" name="test_add_comment" time="0.483" /><testcase classname="backend.tests.test_comprehensive.TestSchedulePolls" name="test_suggest_time_slot" time="0.496" /><testcase classname="backend.tests.test_comprehensive.TestSchedulePolls" name="test_confirm_poll_creates_meeting" time="0.561" /><testcase classname="backend.tests.test_comprehensive.TestSchedulePolls" name="test_export_csv" time="0.428" /><testcase classname="backend.tests.test_comprehensive.TestSchedulePolls" name="test_export_pdf" time="0.635" /><testcase classname="backend.tests.test_comprehensive.TestGeneralPolls" name="test_create_single_choice_poll" time="0.386" /><testcase classname="backend.tests.test_comprehensive.TestGeneralPolls" name="test_create_multiple_choice_poll" time="0.381" /><testcase classname="backend.tests.test_comprehensive.TestGeneralPolls" name="test_get_public_general_poll" time="0.483" /><testcase classname="backend.tests.test_comprehensive.TestGeneralPolls" name="test_vote_single_choice" time="0.592" /><testcase classname="backend.tests.test_comprehensive.TestGeneralPolls" name="test_vote_multiple_choice" time="0.523" /><testcase classname="backend.tests.test_comprehensive.TestGeneralPolls" name="test_add_custom_option" time="0.502" /><testcase classname="backend.tests.test_comprehensive.TestGeneralPolls" name="test_close_poll_prevents_voting" time="0.562" /><testcase classname="backend.tests.test_comprehensive.TestBooking" name="test_get_availability" time="0.406" /><testcase classname="backend.tests.test_comprehensive.TestBooking" name="test_update_availability" time="0.371" /><testcase classname="backend.tests.test_comprehensive.TestBooking" name="test_get_public_user_info" time="0.453" /><testcase classname="backend.tests.test_comprehensive.TestBooking" name="test_get_available_slots_enabled_day" time="0.442" /><testcase classname="backend.tests.test_comprehensive.TestBooking" name="test_get_slots_disabled_day" time="0.438" /><testcase classname="backend.tests.test_comprehensive.TestBooking" name="test_create_booking" time="0.574" /><testcase classname="backend.tests.test_comprehensive.TestBooking" name="test_double_booking_prevention" time="0.733" /><testcase classname="backend.tests.test_comprehensive.TestBooking" name="test_booking_ical" time="0.675" /><testcase classname="backend.tests.test_comprehensive.TestRecordings" name="test_list_recordings" time="0.411" /><testcase classname="backend.tests.test_comprehensive.TestAdmin" name="test_admin_list_users" time="0.410" /><testcase classname="backend.tests.test_comprehensive.TestAdmin" name="test_get_email_config" time="0.391" /><testcase classname="backend.tests.test_comprehensive.TestAdmin" name="test_update_email_config" time="0.371" /><testcase classname="backend.tests.test_comprehensive.TestAdmin" name="test_get_api_config" time="0.370" /><testcase classname="backend.tests.test_comprehensive.TestAnalytics" name="test_analytics_overview" time="0.373" /><testcase classname="backend.tests.test_comprehensive.TestAnalytics" name="test_analytics_scheduling" time="0.379"><failure message="AssertionError: assert 'bookings' in {'booking_by_day': [{'count': 2, 'date': '2026-03-16'}, {'count': 1, 'date': '2026-03-17'}, {'count': 4, 'date': '2026-04-13'}, {'count': 1, 'date': '2026-04-14'}, {'count': 2, 'date': '2026-04-16'}, {'count': 2, 'date': '2026-04-17'}], 'general_polls': [{'created_at': '2026-04-12T16:33:27.465837+00:00', 'creator': 'Updated Admin Name', 'options': 3, 'poll_id': 'gpoll_cdf0e08dc8', ...}, {'created_at': '2026-04-12T16:33:26.946147+00:00', 'creator': 'Updated Admin Name', 'options': 4, 'poll_id': 'gpoll_76a7a7d14a', ...}, {'created_at': '2026-04-12T16:33:26.418236+00:00', 'creator': 'Updated Admin Name', 'options': 4, 'poll_id': 'gpoll_cb745cd46c', ...}, {'created_at': '2026-04-12T16:33:25.912322+00:00', 'creator': 'Updated Admin Name', 'options': 3, 'poll_id': 'gpoll_4839ac1d87', ...}, {'created_at': '2026-04-12T16:33:25.342762+00:00', 'creator': 'Updated Admin Name', 'options': 3, 'poll_id': 'gpoll_d6cccd7a61', ...}, {'created_at': '2026-04-12T16:33:24.970519+00:00', 'creator': 'Updated Admin Name', 'options': 4, 'poll_id': 'gpoll_6f623becec', ...}, ...], 'schedule_polls': [{'best_score': 0, 'best_slot': None, 'created_at': '2026-04-12T16:33:23.987809+00:00', 'creator': 'Updated Admin Name', ...}, {'best_score': 0, 'best_slot': None, 'created_at': '2026-04-12T16:33:23.515430+00:00', 'creator': 'Updated Admin Name', ...}, {'best_score': 0, 'best_slot': None, 'created_at': '2026-04-12T16:33:22.966564+00:00', 'creator': 'Updated Admin Name', ...}, {'best_score': 0, 'best_slot': None, 'created_at': '2026-04-12T16:33:22.465570+00:00', 'creator': 'Updated Admin Name', ...}, {'best_score': 0, 'best_slot': None, 'created_at': '2026-04-12T16:33:21.972790+00:00', 'creator': 'Updated Admin Name', ...}, {'best_score': 2, 'best_slot': '2026-04-13 14:00', 'created_at': '2026-04-12T16:33:21.231435+00:00', 'creator': 'Updated Admin Name', ...}, ...], 'top_booking_hosts': [{'count': 12, 'name': 'Updated Admin Name'}]}">backend/tests/test_comprehensive.py:700: in test_analytics_scheduling
    assert "bookings" in data
E   AssertionError: assert 'bookings' in {'booking_by_day': [{'count': 2, 'date': '2026-03-16'}, {'count': 1, 'date': '2026-03-17'}, {'count': 4, 'date': '2026-04-13'}, {'count': 1, 'date': '2026-04-14'}, {'count': 2, 'date': '2026-04-16'}, {'count': 2, 'date': '2026-04-17'}], 'general_polls': [{'created_at': '2026-04-12T16:33:27.465837+00:00', 'creator': 'Updated Admin Name', 'options': 3, 'poll_id': 'gpoll_cdf0e08dc8', ...}, {'created_at': '2026-04-12T16:33:26.946147+00:00', 'creator': 'Updated Admin Name', 'options': 4, 'poll_id': 'gpoll_76a7a7d14a', ...}, {'created_at': '2026-04-12T16:33:26.418236+00:00', 'creator': 'Updated Admin Name', 'options': 4, 'poll_id': 'gpoll_cb745cd46c', ...}, {'created_at': '2026-04-12T16:33:25.912322+00:00', 'creator': 'Updated Admin Name', 'options': 3, 'poll_id': 'gpoll_4839ac1d87', ...}, {'created_at': '2026-04-12T16:33:25.342762+00:00', 'creator': 'Updated Admin Name', 'options': 3, 'poll_id': 'gpoll_d6cccd7a61', ...}, {'created_at': '2026-04-12T16:33:24.970519+00:00', 'creator': 'Updated Admin Name', 'options': 4, 'poll_id': 'gpoll_6f623becec', ...}, ...], 'schedule_polls': [{'best_score': 0, 'best_slot': None, 'created_at': '2026-04-12T16:33:23.987809+00:00', 'creator': 'Updated Admin Name', ...}, {'best_score': 0, 'best_slot': None, 'created_at': '2026-04-12T16:33:23.515430+00:00', 'creator': 'Updated Admin Name', ...}, {'best_score': 0, 'best_slot': None, 'created_at': '2026-04-12T16:33:22.966564+00:00', 'creator': 'Updated Admin Name', ...}, {'best_score': 0, 'best_slot': None, 'created_at': '2026-04-12T16:33:22.465570+00:00', 'creator': 'Updated Admin Name', ...}, {'best_score': 0, 'best_slot': None, 'created_at': '2026-04-12T16:33:21.972790+00:00', 'creator': 'Updated Admin Name', ...}, {'best_score': 2, 'best_slot': '2026-04-13 14:00', 'created_at': '2026-04-12T16:33:21.231435+00:00', 'creator': 'Updated Admin Name', ...}, ...], 'top_booking_hosts': [{'count': 12, 'name': 'Updated Admin Name'}]}</failure></testcase></testsuite></testsuites>