<?xml version="1.0" encoding="utf-8"?><testsuites name="pytest tests"><testsuite name="pytest" errors="0" failures="2" skipped="0" tests="53" time="31.553" timestamp="2026-04-14T19:39:22.467233+00:00" hostname="agent-env-d37d05be-fbf6-449d-a49e-4c6a0d92a48d"><testcase classname="tests.test_comprehensive_v41.TestAuthAndUserManagement" name="test_01_register_new_user" time="0.509" /><testcase classname="tests.test_comprehensive_v41.TestAuthAndUserManagement" name="test_02_login_admin" time="0.379" /><testcase classname="tests.test_comprehensive_v41.TestAuthAndUserManagement" name="test_03_login_user1" time="0.339" /><testcase classname="tests.test_comprehensive_v41.TestAuthAndUserManagement" name="test_04_get_current_user" time="0.392" /><testcase classname="tests.test_comprehensive_v41.TestAuthAndUserManagement" name="test_05_update_user_profile" time="0.422" /><testcase classname="tests.test_comprehensive_v41.TestAuthAndUserManagement" name="test_06_logout" time="0.379" /><testcase classname="tests.test_comprehensive_v41.TestMeetingsCRUD" name="test_07_dashboard_meetings_list" time="0.395" /><testcase classname="tests.test_comprehensive_v41.TestMeetingsCRUD" name="test_08_create_instant_meeting" time="0.431" /><testcase classname="tests.test_comprehensive_v41.TestMeetingsCRUD" name="test_09_create_scheduled_meeting" time="0.372" /><testcase classname="tests.test_comprehensive_v41.TestMeetingsCRUD" name="test_10_list_meetings_with_pagination" time="0.390" /><testcase classname="tests.test_comprehensive_v41.TestMeetingsCRUD" name="test_11_get_meeting_details" time="0.436" /><testcase classname="tests.test_comprehensive_v41.TestMeetingsCRUD" name="test_12_update_meeting_settings" time="0.512" /><testcase classname="tests.test_comprehensive_v41.TestMeetingsCRUD" name="test_13_delete_meeting" time="0.511" /><testcase classname="tests.test_comprehensive_v41.TestLiveMeetingFeatures" name="test_14_join_meeting" time="0.459" /><testcase classname="tests.test_comprehensive_v41.TestLiveMeetingFeatures" name="test_15_get_participants" time="0.463" /><testcase classname="tests.test_comprehensive_v41.TestLiveMeetingFeatures" name="test_16_send_chat_message" time="0.482" /><testcase classname="tests.test_comprehensive_v41.TestLiveMeetingFeatures" name="test_17_list_chat_messages" time="0.522" /><testcase classname="tests.test_comprehensive_v41.TestLiveMeetingFeatures" name="test_18_create_and_vote_poll" time="0.528" /><testcase classname="tests.test_comprehensive_v41.TestLiveMeetingFeatures" name="test_19_create_and_upvote_question" time="0.831" /><testcase classname="tests.test_comprehensive_v41.TestLiveMeetingFeatures" name="test_20_create_breakout_room" time="0.438" /><testcase classname="tests.test_comprehensive_v41.TestLiveMeetingFeatures" name="test_21_hand_raise_toggle" time="0.525" /><testcase classname="tests.test_comprehensive_v41.TestLiveMeetingFeatures" name="test_22_get_polls" time="0.442" /><testcase classname="tests.test_comprehensive_v41.TestDocumentsAndSignatures" name="test_23_upload_pdf_document" time="1.061" /><testcase classname="tests.test_comprehensive_v41.TestDocumentsAndSignatures" name="test_24_list_documents" time="0.459" /><testcase classname="tests.test_comprehensive_v41.TestDocumentsAndSignatures" name="test_25_present_document" time="0.902" /><testcase classname="tests.test_comprehensive_v41.TestDocumentsAndSignatures" name="test_26_sign_document" time="0.801" /><testcase classname="tests.test_comprehensive_v41.TestDocumentsAndSignatures" name="test_27_download_signed_pdf" time="0.622"><failure message="AssertionError: Upload failed: {&quot;detail&quot;:&quot;Upload failed&quot;}&#10;assert 500 == 200&#10; +  where 500 = &lt;Response [500]&gt;.status_code">tests/test_comprehensive_v41.py:481: in test_27_download_signed_pdf
    assert upload_resp.status_code == 200, f"Upload failed: {upload_resp.text}"
E   AssertionError: Upload failed: {"detail":"Upload failed"}
E   assert 500 == 200
E    +  where 500 = &lt;Response [500]&gt;.status_code</failure></testcase><testcase classname="tests.test_comprehensive_v41.TestDocumentsAndSignatures" name="test_28_delete_document" time="0.993" /><testcase classname="tests.test_comprehensive_v41.TestDocumentsAndSignatures" name="test_29_reorder_documents" time="1.353" /><testcase classname="tests.test_comprehensive_v41.TestDocumentsAndSignatures" name="test_30_audit_trail" time="0.628"><failure message="AssertionError: Upload failed: {&quot;detail&quot;:&quot;Upload failed&quot;}&#10;assert 500 == 200&#10; +  where 500 = &lt;Response [500]&gt;.status_code">tests/test_comprehensive_v41.py:564: in test_30_audit_trail
    assert upload_resp.status_code == 200, f"Upload failed: {upload_resp.text}"
E   AssertionError: Upload failed: {"detail":"Upload failed"}
E   assert 500 == 200
E    +  where 500 = &lt;Response [500]&gt;.status_code</failure></testcase><testcase classname="tests.test_comprehensive_v41.TestCalendar" name="test_31_get_calendar_events" time="0.486" /><testcase classname="tests.test_comprehensive_v41.TestCalendar" name="test_32_calendar_includes_bookings" time="0.502" /><testcase classname="tests.test_comprehensive_v41.TestCalendar" name="test_33_rsvp_to_event" time="0.503" /><testcase classname="tests.test_comprehensive_v41.TestScheduling" name="test_34_create_schedule_poll" time="0.405" /><testcase classname="tests.test_comprehensive_v41.TestScheduling" name="test_35_vote_on_schedule_poll" time="0.508" /><testcase classname="tests.test_comprehensive_v41.TestScheduling" name="test_36_create_booking_availability" time="0.399" /><testcase classname="tests.test_comprehensive_v41.TestScheduling" name="test_37_book_a_slot" time="0.495" /><testcase classname="tests.test_comprehensive_v41.TestScheduling" name="test_38_get_my_bookings" time="0.387" /><testcase classname="tests.test_comprehensive_v41.TestScheduling" name="test_39_create_general_poll" time="0.392" /><testcase classname="tests.test_comprehensive_v41.TestScheduling" name="test_40_vote_on_general_poll" time="0.471" /><testcase classname="tests.test_comprehensive_v41.TestAdmin" name="test_41_admin_list_users" time="0.434" /><testcase classname="tests.test_comprehensive_v41.TestAdmin" name="test_42_admin_stats" time="0.393" /><testcase classname="tests.test_comprehensive_v41.TestAdmin" name="test_43_update_user_role" time="0.478" /><testcase classname="tests.test_comprehensive_v41.TestAdmin" name="test_44_email_config" time="0.446" /><testcase classname="tests.test_comprehensive_v41.TestAdmin" name="test_45_reminder_config" time="0.425" /><testcase classname="tests.test_comprehensive_v41.TestWhiteboard" name="test_46_get_whiteboard_strokes" time="0.428" /><testcase classname="tests.test_comprehensive_v41.TestWhiteboard" name="test_47_get_whiteboard_notes" time="0.454" /><testcase classname="tests.test_comprehensive_v41.TestRecordings" name="test_48_get_recordings" time="0.445" /><testcase classname="tests.test_comprehensive_v41.TestMultiUserFlow" name="test_49_user1_creates_meeting_user2_joins" time="1.299" /><testcase classname="tests.test_comprehensive_v41.TestMultiUserFlow" name="test_50_both_users_send_chat_messages" time="0.991" /><testcase classname="tests.test_comprehensive_v41.TestMultiUserFlow" name="test_51_user1_uploads_user2_sees" time="1.304" /><testcase classname="tests.test_comprehensive_v41.TestMultiUserFlow" name="test_52_user2_signs_document" time="1.255" /><testcase classname="tests.test_comprehensive_v41.TestMultiUserFlow" name="test_53_user1_downloads_signed_with_user2_signature" time="1.502" /></testsuite></testsuites>