<?xml version="1.0" encoding="utf-8"?><testsuites name="pytest tests"><testsuite name="pytest" errors="0" failures="0" skipped="0" tests="11" time="5.245" timestamp="2026-04-16T20:52:33.652625+00:00" hostname="agent-env-d37d05be-fbf6-449d-a49e-4c6a0d92a48d"><testcase classname="backend.tests.test_dashboard_agenda.TestDashboardAgenda" name="test_dashboard_stats_endpoint_works" time="0.587" /><testcase classname="backend.tests.test_dashboard_agenda.TestDashboardAgenda" name="test_dashboard_agenda_endpoint_works" time="0.444" /><testcase classname="backend.tests.test_dashboard_agenda.TestDashboardAgenda" name="test_agenda_today_meetings_structure" time="0.494" /><testcase classname="backend.tests.test_dashboard_agenda.TestDashboardAgenda" name="test_agenda_week_days_structure" time="0.436" /><testcase classname="backend.tests.test_dashboard_agenda.TestDashboardAgenda" name="test_agenda_recent_activity_structure" time="0.473" /><testcase classname="backend.tests.test_dashboard_agenda.TestDashboardAgenda" name="test_dashboard_stats_requires_auth" time="0.519" /><testcase classname="backend.tests.test_dashboard_agenda.TestDashboardAgenda" name="test_dashboard_agenda_requires_auth" time="0.527" /><testcase classname="backend.tests.test_dashboard_agenda.TestMeetingsEndpoint" name="test_meetings_list_upcoming" time="0.406" /><testcase classname="backend.tests.test_dashboard_agenda.TestMeetingsEndpoint" name="test_meetings_list_past" time="0.404" /><testcase classname="backend.tests.test_dashboard_agenda.TestMeetingsEndpoint" name="test_meetings_search" time="0.427" /><testcase classname="backend.tests.test_dashboard_agenda.TestMeetingsEndpoint" name="test_meetings_pagination" time="0.432" /></testsuite></testsuites>