<?xml version="1.0" encoding="utf-8"?><testsuites name="pytest tests"><testsuite name="pytest" errors="0" failures="0" skipped="0" tests="11" time="4.955" timestamp="2026-04-16T20:25:28.826863+00:00" hostname="agent-env-d37d05be-fbf6-449d-a49e-4c6a0d92a48d"><testcase classname="backend.tests.test_dashboard_stats.TestDashboardStats" name="test_dashboard_stats_returns_200" time="0.515" /><testcase classname="backend.tests.test_dashboard_stats.TestDashboardStats" name="test_dashboard_stats_has_required_fields" time="0.438" /><testcase classname="backend.tests.test_dashboard_stats.TestDashboardStats" name="test_dashboard_stats_field_types" time="0.475" /><testcase classname="backend.tests.test_dashboard_stats.TestDashboardStats" name="test_dashboard_stats_next_meetings_structure" time="0.415" /><testcase classname="backend.tests.test_dashboard_stats.TestDashboardStats" name="test_dashboard_stats_daily_counts_structure" time="0.465" /><testcase classname="backend.tests.test_dashboard_stats.TestDashboardStats" name="test_dashboard_stats_requires_auth" time="0.474" /><testcase classname="backend.tests.test_dashboard_stats.TestDashboardStats" name="test_dashboard_stats_values_are_non_negative" time="0.438" /><testcase classname="backend.tests.test_dashboard_stats.TestMeetingsEndpoint" name="test_meetings_list_upcoming" time="0.432" /><testcase classname="backend.tests.test_dashboard_stats.TestMeetingsEndpoint" name="test_meetings_list_past" time="0.410" /><testcase classname="backend.tests.test_dashboard_stats.TestMeetingsEndpoint" name="test_meetings_list_pagination" time="0.400" /><testcase classname="backend.tests.test_dashboard_stats.TestMeetingsEndpoint" name="test_meetings_list_search" time="0.402" /></testsuite></testsuites>