<?xml version="1.0" encoding="utf-8"?><testsuites name="pytest tests"><testsuite name="pytest" errors="0" failures="0" skipped="0" tests="8" time="6.964" timestamp="2026-04-13T20:04:22.788414+00:00" hostname="agent-env-d37d05be-fbf6-449d-a49e-4c6a0d92a48d"><testcase classname="tests.test_document_thumbnails.TestDocumentThumbnails" name="test_upload_pdf_document" time="0.798" /><testcase classname="tests.test_document_thumbnails.TestDocumentThumbnails" name="test_upload_image_document" time="0.810" /><testcase classname="tests.test_document_thumbnails.TestDocumentThumbnails" name="test_list_documents_with_file_ext" time="0.713" /><testcase classname="tests.test_document_thumbnails.TestDocumentThumbnails" name="test_view_document_for_thumbnail" time="0.857" /><testcase classname="tests.test_document_thumbnails.TestDocumentThumbnails" name="test_view_image_for_thumbnail" time="0.903" /><testcase classname="tests.test_document_thumbnails.TestDocumentThumbnails" name="test_document_download" time="0.905" /><testcase classname="tests.test_document_thumbnails.TestDocumentThumbnails" name="test_document_present" time="0.959" /><testcase classname="tests.test_document_thumbnails.TestDocumentPanelUI" name="test_document_action_buttons_available" time="0.909" /></testsuite></testsuites>