<?xml version="1.0" encoding="utf-8"?><testsuites name="pytest tests"><testsuite name="pytest" errors="0" failures="0" skipped="0" tests="17" time="2.417" timestamp="2026-04-16T21:03:40.754827+00:00" hostname="agent-env-d37d05be-fbf6-449d-a49e-4c6a0d92a48d"><testcase classname="backend.tests.test_focus_time_and_reactions.TestFocusTimeCRUD" name="test_create_focus_time" time="0.522" /><testcase classname="backend.tests.test_focus_time_and_reactions.TestFocusTimeCRUD" name="test_create_focus_time_missing_fields" time="0.066" /><testcase classname="backend.tests.test_focus_time_and_reactions.TestFocusTimeCRUD" name="test_list_focus_times" time="0.069" /><testcase classname="backend.tests.test_focus_time_and_reactions.TestFocusTimeCRUD" name="test_get_active_focus_none" time="0.077" /><testcase classname="backend.tests.test_focus_time_and_reactions.TestFocusTimeCRUD" name="test_create_active_focus_time" time="0.064" /><testcase classname="backend.tests.test_focus_time_and_reactions.TestFocusTimeCRUD" name="test_get_active_focus_exists" time="0.104" /><testcase classname="backend.tests.test_focus_time_and_reactions.TestFocusTimeCRUD" name="test_delete_focus_time" time="0.108" /><testcase classname="backend.tests.test_focus_time_and_reactions.TestFocusTimeCRUD" name="test_delete_focus_time_not_found" time="0.064" /><testcase classname="backend.tests.test_focus_time_and_reactions.TestFocusTimeCRUD" name="test_cleanup_active_focus" time="0.057" /><testcase classname="backend.tests.test_focus_time_and_reactions.TestChatReactions" name="test_add_reaction_returns_updated_message" time="0.227" /><testcase classname="backend.tests.test_focus_time_and_reactions.TestChatReactions" name="test_toggle_reaction_removes" time="0.125" /><testcase classname="backend.tests.test_focus_time_and_reactions.TestChatReactions" name="test_reaction_missing_emoji" time="0.054" /><testcase classname="backend.tests.test_focus_time_and_reactions.TestChatReactions" name="test_reaction_nonexistent_message" time="0.072" /><testcase classname="backend.tests.test_focus_time_and_reactions.TestFocusTimeRequiresAuth" name="test_list_focus_times_requires_auth" time="0.134" /><testcase classname="backend.tests.test_focus_time_and_reactions.TestFocusTimeRequiresAuth" name="test_create_focus_time_requires_auth" time="0.333" /><testcase classname="backend.tests.test_focus_time_and_reactions.TestFocusTimeRequiresAuth" name="test_delete_focus_time_requires_auth" time="0.119" /><testcase classname="backend.tests.test_focus_time_and_reactions.TestFocusTimeRequiresAuth" name="test_active_focus_requires_auth" time="0.127" /></testsuite></testsuites>