<?xml version="1.0" encoding="utf-8"?><testsuites name="pytest tests"><testsuite name="pytest" errors="0" failures="0" skipped="0" tests="5" time="1.339" timestamp="2026-05-24T06:13:59.753649+00:00" hostname="agent-env-d37d05be-fbf6-449d-a49e-4c6a0d92a48d"><testcase classname="backend.tests.test_resources_sprint8" name="test_suggest_slots_empty_schedule" time="0.655" /><testcase classname="backend.tests.test_resources_sprint8" name="test_suggest_slots_skips_conflicts" time="0.252" /><testcase classname="backend.tests.test_resources_sprint8" name="test_suggest_slots_rejects_bad_duration" time="0.057" /><testcase classname="backend.tests.test_resources_sprint8" name="test_availability_snapshot_basic" time="0.051" /><testcase classname="backend.tests.test_resources_sprint8" name="test_availability_snapshot_marks_busy" time="0.252" /></testsuite></testsuites>