<?xml version="1.0" encoding="utf-8"?><testsuites name="pytest tests"><testsuite name="pytest" errors="0" failures="1" skipped="0" tests="8" time="34.591" timestamp="2026-05-05T13:58:02.272539+00:00" hostname="agent-env-d37d05be-fbf6-449d-a49e-4c6a0d92a48d"><testcase classname="backend.tests.test_iter192_tasks" name="test_task_full_crud" time="1.969" /><testcase classname="backend.tests.test_iter192_tasks" name="test_subtasks_and_filter" time="1.491" /><testcase classname="backend.tests.test_iter192_tasks" name="test_comments_and_mentions" time="3.888" /><testcase classname="backend.tests.test_iter192_tasks" name="test_attachments_file_and_link" time="1.941" /><testcase classname="backend.tests.test_iter192_tasks" name="test_full_text_search" time="1.759" /><testcase classname="backend.tests.test_iter192_tasks" name="test_due_date_appears_in_calendar" time="1.131" /><testcase classname="backend.tests.test_iter192_tasks" name="test_visibility_isolation" time="1.946" /><testcase classname="backend.tests.test_iter192_tasks" name="test_out_of_office_delegation" time="20.279"><failure message="requests.exceptions.ConnectTimeout: HTTPSConnectionPool(host='video-meet-pro.preview.emergentagent.com', port=443): Max retries exceeded with url: /api/auth/register (Caused by ConnectTimeoutError(&lt;HTTPSConnection(host='video-meet-pro.preview.emergentagent.com', port=443) at 0xf8181fd8f250&gt;, 'Connection to video-meet-pro.preview.emergentagent.com timed out. (connect timeout=10)'))">/root/.venv/lib/python3.11/site-packages/urllib3/connection.py:204: in _new_conn
    sock = connection.create_connection(
/root/.venv/lib/python3.11/site-packages/urllib3/util/connection.py:85: in create_connection
    raise err
/root/.venv/lib/python3.11/site-packages/urllib3/util/connection.py:73: in create_connection
    sock.connect(sa)
E   TimeoutError: timed out

The above exception was the direct cause of the following exception:
/root/.venv/lib/python3.11/site-packages/urllib3/connectionpool.py:787: in urlopen
    response = self._make_request(
/root/.venv/lib/python3.11/site-packages/urllib3/connectionpool.py:488: in _make_request
    raise new_e
/root/.venv/lib/python3.11/site-packages/urllib3/connectionpool.py:464: in _make_request
    self._validate_conn(conn)
/root/.venv/lib/python3.11/site-packages/urllib3/connectionpool.py:1093: in _validate_conn
    conn.connect()
/root/.venv/lib/python3.11/site-packages/urllib3/connection.py:759: in connect
    self.sock = sock = self._new_conn()
                       ^^^^^^^^^^^^^^^^
/root/.venv/lib/python3.11/site-packages/urllib3/connection.py:213: in _new_conn
    raise ConnectTimeoutError(
E   urllib3.exceptions.ConnectTimeoutError: (&lt;HTTPSConnection(host='video-meet-pro.preview.emergentagent.com', port=443) at 0xf8181fd8f250&gt;, 'Connection to video-meet-pro.preview.emergentagent.com timed out. (connect timeout=10)')

The above exception was the direct cause of the following exception:
/root/.venv/lib/python3.11/site-packages/requests/adapters.py:645: in send
    resp = conn.urlopen(
/root/.venv/lib/python3.11/site-packages/urllib3/connectionpool.py:841: in urlopen
    retries = retries.increment(
/root/.venv/lib/python3.11/site-packages/urllib3/util/retry.py:535: in increment
    raise MaxRetryError(_pool, url, reason) from reason  # type: ignore[arg-type]
    ^^^^^^^^^^^^^^^^^^^^^^^^^^^^^^^^^^^^^^^^^^^^^^^^^^^
E   urllib3.exceptions.MaxRetryError: HTTPSConnectionPool(host='video-meet-pro.preview.emergentagent.com', port=443): Max retries exceeded with url: /api/auth/register (Caused by ConnectTimeoutError(&lt;HTTPSConnection(host='video-meet-pro.preview.emergentagent.com', port=443) at 0xf8181fd8f250&gt;, 'Connection to video-meet-pro.preview.emergentagent.com timed out. (connect timeout=10)'))

During handling of the above exception, another exception occurred:
backend/tests/test_iter192_tasks.py:286: in test_out_of_office_delegation
    requests.post(f"{API}/auth/register", json={"email": a_email, "name": "Deleg A", "password": "Test1234!"}, timeout=10)
/root/.venv/lib/python3.11/site-packages/requests/api.py:115: in post
    return request("post", url, data=data, json=json, **kwargs)
           ^^^^^^^^^^^^^^^^^^^^^^^^^^^^^^^^^^^^^^^^^^^^^^^^^^^^
/root/.venv/lib/python3.11/site-packages/requests/api.py:59: in request
    return session.request(method=method, url=url, **kwargs)
           ^^^^^^^^^^^^^^^^^^^^^^^^^^^^^^^^^^^^^^^^^^^^^^^^^
/root/.venv/lib/python3.11/site-packages/requests/sessions.py:592: in request
    resp = self.send(prep, **send_kwargs)
           ^^^^^^^^^^^^^^^^^^^^^^^^^^^^^^
/root/.venv/lib/python3.11/site-packages/requests/sessions.py:706: in send
    r = adapter.send(request, **kwargs)
        ^^^^^^^^^^^^^^^^^^^^^^^^^^^^^^^
/root/.venv/lib/python3.11/site-packages/requests/adapters.py:666: in send
    raise ConnectTimeout(e, request=request)
E   requests.exceptions.ConnectTimeout: HTTPSConnectionPool(host='video-meet-pro.preview.emergentagent.com', port=443): Max retries exceeded with url: /api/auth/register (Caused by ConnectTimeoutError(&lt;HTTPSConnection(host='video-meet-pro.preview.emergentagent.com', port=443) at 0xf8181fd8f250&gt;, 'Connection to video-meet-pro.preview.emergentagent.com timed out. (connect timeout=10)'))</failure></testcase></testsuite></testsuites>