<?xml version="1.0" encoding="utf-8"?><testsuites name="pytest tests"><testsuite name="pytest" errors="0" failures="0" skipped="0" tests="42" time="11.731" timestamp="2026-05-16T17:24:54.094493+00:00" hostname="agent-env-d37d05be-fbf6-449d-a49e-4c6a0d92a48d"><testcase classname="tests.test_iter221_tasks_meetings_scheduling.TestAuth" name="test_admin_login" time="0.511" /><testcase classname="tests.test_iter221_tasks_meetings_scheduling.TestAuth" name="test_member_login" time="0.383" /><testcase classname="tests.test_iter221_tasks_meetings_scheduling.TestTasksAdmin" name="test_list_tasks" time="1.589" /><testcase classname="tests.test_iter221_tasks_meetings_scheduling.TestTasksAdmin" name="test_create_task" time="0.102" /><testcase classname="tests.test_iter221_tasks_meetings_scheduling.TestTasksAdmin" name="test_get_task_detail" time="0.288" /><testcase classname="tests.test_iter221_tasks_meetings_scheduling.TestTasksAdmin" name="test_update_task" time="0.259" /><testcase classname="tests.test_iter221_tasks_meetings_scheduling.TestTasksAdmin" name="test_task_checklist" time="0.153" /><testcase classname="tests.test_iter221_tasks_meetings_scheduling.TestTasksAdmin" name="test_task_templates_list" time="0.128" /><testcase classname="tests.test_iter221_tasks_meetings_scheduling.TestTasksAdmin" name="test_task_pending_count" time="0.113" /><testcase classname="tests.test_iter221_tasks_meetings_scheduling.TestTasksAdmin" name="test_delete_task" time="0.480" /><testcase classname="tests.test_iter221_tasks_meetings_scheduling.TestTasksMember" name="test_member_list_tasks" time="0.446" /><testcase classname="tests.test_iter221_tasks_meetings_scheduling.TestTasksMember" name="test_member_create_task" time="0.104" /><testcase classname="tests.test_iter221_tasks_meetings_scheduling.TestTasksMember" name="test_member_pending_count" time="0.123" /><testcase classname="tests.test_iter221_tasks_meetings_scheduling.TestMeetingsAdmin" name="test_list_meetings" time="0.119" /><testcase classname="tests.test_iter221_tasks_meetings_scheduling.TestMeetingsAdmin" name="test_list_upcoming_meetings" time="0.166" /><testcase classname="tests.test_iter221_tasks_meetings_scheduling.TestMeetingsAdmin" name="test_list_past_meetings" time="0.112" /><testcase classname="tests.test_iter221_tasks_meetings_scheduling.TestMeetingsAdmin" name="test_create_instant_meeting" time="0.164" /><testcase classname="tests.test_iter221_tasks_meetings_scheduling.TestMeetingsAdmin" name="test_create_scheduled_meeting" time="0.102" /><testcase classname="tests.test_iter221_tasks_meetings_scheduling.TestMeetingsAdmin" name="test_get_meeting_detail" time="0.221" /><testcase classname="tests.test_iter221_tasks_meetings_scheduling.TestMeetingsAdmin" name="test_update_meeting" time="0.256" /><testcase classname="tests.test_iter221_tasks_meetings_scheduling.TestMeetingsAdmin" name="test_meeting_participants" time="0.245" /><testcase classname="tests.test_iter221_tasks_meetings_scheduling.TestMeetingsAdmin" name="test_meeting_chat" time="0.303" /><testcase classname="tests.test_iter221_tasks_meetings_scheduling.TestMeetingsAdmin" name="test_delete_meeting" time="0.250" /><testcase classname="tests.test_iter221_tasks_meetings_scheduling.TestMeetingsMember" name="test_member_list_meetings" time="0.100" /><testcase classname="tests.test_iter221_tasks_meetings_scheduling.TestMeetingsMember" name="test_member_create_meeting" time="0.112" /><testcase classname="tests.test_iter221_tasks_meetings_scheduling.TestSchedulingAdmin" name="test_list_schedule_polls" time="0.114" /><testcase classname="tests.test_iter221_tasks_meetings_scheduling.TestSchedulingAdmin" name="test_create_schedule_poll" time="0.110" /><testcase classname="tests.test_iter221_tasks_meetings_scheduling.TestSchedulingAdmin" name="test_get_schedule_poll_detail" time="0.218" /><testcase classname="tests.test_iter221_tasks_meetings_scheduling.TestSchedulingAdmin" name="test_delete_schedule_poll" time="0.222" /><testcase classname="tests.test_iter221_tasks_meetings_scheduling.TestSchedulingAdmin" name="test_list_general_polls" time="0.156" /><testcase classname="tests.test_iter221_tasks_meetings_scheduling.TestSchedulingAdmin" name="test_create_general_poll" time="0.218" /><testcase classname="tests.test_iter221_tasks_meetings_scheduling.TestSchedulingAdmin" name="test_booking_availability" time="0.118" /><testcase classname="tests.test_iter221_tasks_meetings_scheduling.TestSchedulingAdmin" name="test_my_bookings" time="0.131" /><testcase classname="tests.test_iter221_tasks_meetings_scheduling.TestSchedulingAdmin" name="test_booking_pages" time="0.130" /><testcase classname="tests.test_iter221_tasks_meetings_scheduling.TestSchedulingMember" name="test_member_list_schedule_polls" time="0.116" /><testcase classname="tests.test_iter221_tasks_meetings_scheduling.TestSchedulingMember" name="test_member_create_schedule_poll" time="0.104" /><testcase classname="tests.test_iter221_tasks_meetings_scheduling.TestSchedulingMember" name="test_member_booking_availability" time="0.105" /><testcase classname="tests.test_iter221_tasks_meetings_scheduling.TestPublicPollVoting" name="test_public_schedule_poll_vote" time="0.334" /><testcase classname="tests.test_iter221_tasks_meetings_scheduling.TestPublicPollVoting" name="test_public_general_poll_vote" time="0.223" /><testcase classname="tests.test_iter221_tasks_meetings_scheduling.TestCrossRole" name="test_admin_creates_poll_member_votes" time="0.450" /><testcase classname="tests.test_iter221_tasks_meetings_scheduling.TestCrossRole" name="test_member_creates_meeting_admin_sees" time="0.218" /><testcase classname="tests.test_iter221_tasks_meetings_scheduling.TestCleanup" name="test_cleanup_test_tasks" time="1.807" /></testsuite></testsuites>