<?xml version="1.0" encoding="utf-8"?><testsuites name="pytest tests"><testsuite name="pytest" errors="0" failures="0" skipped="1" tests="7" time="7.990" timestamp="2026-06-03T07:05:36.314903+00:00" hostname="agent-env-d37d05be-fbf6-449d-a49e-4c6a0d92a48d"><testcase classname="backend.tests.test_iter338_booking_issues.TestIter338AllowPendingOverlap" name="test_get_resources_list" time="0.561" /><testcase classname="backend.tests.test_iter338_booking_issues.TestIter338AllowPendingOverlap" name="test_create_pending_booking_then_overlap_without_flag" time="1.623" /><testcase classname="backend.tests.test_iter338_booking_issues.TestIter338AllowPendingOverlap" name="test_create_pending_booking_then_overlap_with_flag" time="2.515" /><testcase classname="backend.tests.test_iter338_booking_issues.TestIter338AllowPendingOverlap" name="test_confirmed_conflict_still_blocks_with_flag" time="0.642" /><testcase classname="backend.tests.test_iter338_booking_issues.TestIter338CheckConflicts" name="test_check_conflicts_returns_pending_status" time="1.590" /><testcase classname="backend.tests.test_iter338_booking_issues.TestIter338SplittableRoomConflicts" name="test_find_splittable_rooms" time="0.407" /><testcase classname="backend.tests.test_iter338_booking_issues.TestIter338SplittableRoomConflicts" name="test_subroom_booking_blocks_parent" time="0.504"><skipped type="pytest.skip" message="No sub-rooms found for splittable room">/app/backend/tests/test_iter338_booking_issues.py:344: No sub-rooms found for splittable room</skipped></testcase></testsuite></testsuites>