<?xml version="1.0" encoding="utf-8"?><testsuites name="pytest tests"><testsuite name="pytest" errors="0" failures="0" skipped="0" tests="14" time="10.171" timestamp="2026-06-03T12:04:56.074744+00:00" hostname="agent-env-d37d05be-fbf6-449d-a49e-4c6a0d92a48d"><testcase classname="tests.test_iter348_catering_factory_refactor.TestBookingWithoutCatering" name="test_create_booking_no_catering" time="0.667" /><testcase classname="tests.test_iter348_catering_factory_refactor.TestBookingWithCatering" name="test_create_booking_with_catering" time="1.315" /><testcase classname="tests.test_iter348_catering_factory_refactor.TestLeadTimeBreach" name="test_lead_time_breach_flagged" time="1.234" /><testcase classname="tests.test_iter348_catering_factory_refactor.TestCateringIgnoredWhenNotAllowed" name="test_catering_silently_ignored" time="0.280" /><testcase classname="tests.test_iter348_catering_factory_refactor.TestWorstItemIndexing" name="test_worst_item_is_longest_lead_time" time="1.061" /><testcase classname="tests.test_iter348_catering_factory_refactor.TestAutoTaskCreation" name="test_auto_task_attributes" time="1.239" /><testcase classname="tests.test_iter348_catering_factory_refactor.TestCascadeOnDelete" name="test_cascade_cancels_catering_and_task" time="1.330" /><testcase classname="tests.test_iter348_catering_factory_refactor.TestExistingEndpointsRegression" name="test_list_bookings" time="0.110" /><testcase classname="tests.test_iter348_catering_factory_refactor.TestExistingEndpointsRegression" name="test_get_booking" time="0.201" /><testcase classname="tests.test_iter348_catering_factory_refactor.TestExistingEndpointsRegression" name="test_update_booking" time="0.204" /><testcase classname="tests.test_iter348_catering_factory_refactor.TestExistingEndpointsRegression" name="test_check_conflicts" time="0.047" /><testcase classname="tests.test_iter348_catering_factory_refactor.TestExistingEndpointsRegression" name="test_suggest_slots" time="0.049" /><testcase classname="tests.test_iter348_catering_factory_refactor.TestCateringFallbackValues" name="test_cost_center_account_fallback" time="1.147" /><testcase classname="tests.test_iter348_catering_factory_refactor.TestCateringFallbackValues" name="test_catering_values_override_fallback" time="1.135" /></testsuite></testsuites>