<?xml version="1.0" encoding="utf-8"?><testsuites name="pytest tests"><testsuite name="pytest" errors="0" failures="0" skipped="0" tests="10" time="9.502" timestamp="2026-04-19T19:52:46.266079+00:00" hostname="agent-env-d37d05be-fbf6-449d-a49e-4c6a0d92a48d"><testcase classname="tests.test_iteration_142_scheduled_meeting_ring.TestScheduledMeetingRinging" name="test_01_login_admin" time="0.515" /><testcase classname="tests.test_iteration_142_scheduled_meeting_ring.TestScheduledMeetingRinging" name="test_02_login_testuser2" time="0.347" /><testcase classname="tests.test_iteration_142_scheduled_meeting_ring.TestScheduledMeetingRinging" name="test_03_create_scheduled_meeting_with_invitee" time="0.611" /><testcase classname="tests.test_iteration_142_scheduled_meeting_ring.TestScheduledMeetingRinging" name="test_04_join_scheduled_meeting_triggers_ring" time="1.078" /><testcase classname="tests.test_iteration_142_scheduled_meeting_ring.TestScheduledMeetingRinging" name="test_05_subsequent_join_does_not_rering" time="1.180" /><testcase classname="tests.test_iteration_142_scheduled_meeting_ring.TestScheduledMeetingRinging" name="test_06_guest_email_invitee_skipped_without_crash" time="0.738" /><testcase classname="tests.test_iteration_142_scheduled_meeting_ring.TestScheduledMeetingRinging" name="test_07_web_push_no_import_error" time="1.065" /><testcase classname="tests.test_iteration_142_scheduled_meeting_ring.TestInstantMeetingRingRegression" name="test_08_instant_meeting_creation_rings_invitees" time="0.890" /><testcase classname="tests.test_iteration_142_scheduled_meeting_ring.TestChatCallRegression" name="test_09_chat_call_endpoint_works" time="1.306" /><testcase classname="tests.test_iteration_142_scheduled_meeting_ring.TestWebSocketIncomingCall" name="test_10_ws_incoming_call_event_on_scheduled_meeting_join" time="1.702" /></testsuite></testsuites>