<?xml version="1.0" encoding="utf-8"?><testsuites name="pytest tests"><testsuite name="pytest" errors="0" failures="0" skipped="0" tests="10" time="7.398" timestamp="2026-05-31T11:30:08.359780+00:00" hostname="agent-env-d37d05be-fbf6-449d-a49e-4c6a0d92a48d"><testcase classname="backend.tests.test_iter287_dialog_notifications.TestNotificationsFix" name="test_notifications_since_days_returns_results" time="0.561" /><testcase classname="backend.tests.test_iter287_dialog_notifications.TestNotificationsFix" name="test_notifications_have_category_field" time="0.430" /><testcase classname="backend.tests.test_iter287_dialog_notifications.TestNotificationsFix" name="test_notifications_have_link_target" time="0.423" /><testcase classname="backend.tests.test_iter287_dialog_notifications.TestNotificationsFix" name="test_catering_status_notifications_exist" time="0.429" /><testcase classname="backend.tests.test_iter287_dialog_notifications.TestNotificationsFix" name="test_catering_status_notifications_have_bookings_category" time="0.397" /><testcase classname="backend.tests.test_iter287_dialog_notifications.TestCateringTransitionNotifications" name="test_get_catering_requests" time="0.457" /><testcase classname="backend.tests.test_iter287_dialog_notifications.TestCateringTransitionNotifications" name="test_catering_transition_confirmed_creates_notification" time="1.941" /><testcase classname="backend.tests.test_iter287_dialog_notifications.TestCateringTransitionNotifications" name="test_catering_transition_rejected_includes_reason" time="1.844" /><testcase classname="backend.tests.test_iter287_dialog_notifications.TestNotificationCategories" name="test_notification_categories_endpoint" time="0.432" /><testcase classname="backend.tests.test_iter287_dialog_notifications.TestUnreadCount" name="test_unread_count_endpoint" time="0.385" /></testsuite></testsuites>