<?xml version="1.0" encoding="utf-8"?><testsuites name="pytest tests"><testsuite name="pytest" errors="0" failures="0" skipped="0" tests="14" time="4.148" timestamp="2026-06-03T15:45:21.413480+00:00" hostname="agent-env-d37d05be-fbf6-449d-a49e-4c6a0d92a48d"><testcase classname="backend.tests.test_iter351_splitable_parent_rooms.TestAvailabilitySnapshotSplitableParent" name="test_snapshot_returns_parent_with_children_bookings" time="0.615" /><testcase classname="backend.tests.test_iter351_splitable_parent_rooms.TestAvailabilitySnapshotSplitableParent" name="test_snapshot_parent_next_free_is_max_of_children" time="0.105" /><testcase classname="backend.tests.test_iter351_splitable_parent_rooms.TestResourceBookingsAvailabilityOnly" name="test_parent_query_returns_children_bookings" time="0.104" /><testcase classname="backend.tests.test_iter351_splitable_parent_rooms.TestResourceBookingsAvailabilityOnly" name="test_child_query_returns_parent_bookings" time="0.125" /><testcase classname="backend.tests.test_iter351_splitable_parent_rooms.TestResourceBookingsAvailabilityOnly" name="test_availability_only_returns_correct_statuses" time="0.105" /><testcase classname="backend.tests.test_iter351_splitable_parent_rooms.TestParentWithOwnAndChildrenBookings" name="test_parent_query_returns_both_parent_and_children_bookings" time="0.159" /><testcase classname="backend.tests.test_iter351_splitable_parent_rooms.TestNonSplitableResourcesBehavior" name="test_non_splitable_resource_no_children_foldin" time="0.285" /><testcase classname="backend.tests.test_iter351_splitable_parent_rooms.TestSanityExistingEndpoints" name="test_create_booking_still_works" time="1.522" /><testcase classname="backend.tests.test_iter351_splitable_parent_rooms.TestSanityExistingEndpoints" name="test_check_conflicts_still_works" time="0.116" /><testcase classname="backend.tests.test_iter351_splitable_parent_rooms.TestSanityExistingEndpoints" name="test_list_bookings_mine_only_still_works" time="0.177" /><testcase classname="backend.tests.test_iter351_splitable_parent_rooms.TestSanityExistingEndpoints" name="test_availability_snapshot_still_works" time="0.121" /><testcase classname="backend.tests.test_iter351_splitable_parent_rooms.TestSpecificBookingVerification" name="test_verify_child_bookings_exist" time="0.216" /><testcase classname="backend.tests.test_iter351_splitable_parent_rooms.TestSpecificBookingVerification" name="test_verify_parent_resource_is_splitable" time="0.124" /><testcase classname="backend.tests.test_iter351_splitable_parent_rooms.TestSpecificBookingVerification" name="test_verify_children_have_correct_parent" time="0.226" /></testsuite></testsuites>