<?xml version="1.0" encoding="utf-8"?><testsuites name="pytest tests"><testsuite name="pytest" errors="0" failures="0" skipped="0" tests="16" time="5.509" timestamp="2026-06-03T19:28:46.607671+00:00" hostname="agent-env-d37d05be-fbf6-449d-a49e-4c6a0d92a48d"><testcase classname="backend.tests.test_iter356_hybrid_resource_availability.TestHybridEndpointGlobal" name="test_global_returns_snapshot_and_bookings_by_resource" time="1.052" /><testcase classname="backend.tests.test_iter356_hybrid_resource_availability.TestHybridEndpointGlobal" name="test_global_snapshot_includes_parent_with_children_bookings" time="0.137" /><testcase classname="backend.tests.test_iter356_hybrid_resource_availability.TestHybridEndpointScoped" name="test_scoped_returns_snapshot_and_bookings_for_requested_ids" time="0.143" /><testcase classname="backend.tests.test_iter356_hybrid_resource_availability.TestHybridEndpointScoped" name="test_scoped_child_booking_appears_in_both_child_and_parent_lists" time="0.153" /><testcase classname="backend.tests.test_iter356_hybrid_resource_availability.TestHybridEndpointScoped" name="test_scoped_snapshot_reflects_child_bookings_on_parent" time="0.126" /><testcase classname="backend.tests.test_iter356_hybrid_resource_availability.TestLegacySnapshotEndpoint" name="test_legacy_endpoint_returns_snapshot" time="0.134" /><testcase classname="backend.tests.test_iter356_hybrid_resource_availability.TestLegacySnapshotEndpoint" name="test_legacy_and_hybrid_snapshots_match" time="0.244" /><testcase classname="backend.tests.test_iter356_hybrid_resource_availability.TestParentNextFreeMaxEndAt" name="test_parent_next_free_is_max_of_children_end_times" time="0.119" /><testcase classname="backend.tests.test_iter356_hybrid_resource_availability.TestNonSplittableResources" name="test_non_splittable_resource_no_expansion" time="0.294" /><testcase classname="backend.tests.test_iter356_hybrid_resource_availability.TestPermissionCheck" name="test_hybrid_endpoint_requires_auth" time="0.122" /><testcase classname="backend.tests.test_iter356_hybrid_resource_availability.TestPermissionCheck" name="test_legacy_endpoint_requires_auth" time="0.119" /><testcase classname="backend.tests.test_iter356_hybrid_resource_availability.TestLegacyAvailabilityOnlyEndpoint" name="test_availability_only_endpoint_still_works" time="0.129" /><testcase classname="backend.tests.test_iter356_hybrid_resource_availability.TestRegressionBookingSnapshotSync" name="test_booking_lifecycle_reflects_in_snapshot" time="1.929" /><testcase classname="backend.tests.test_iter356_hybrid_resource_availability.TestBookingsListStructure" name="test_bookings_have_required_fields" time="0.113" /><testcase classname="backend.tests.test_iter356_hybrid_resource_availability.TestBookingsListStructure" name="test_bookings_are_privacy_safe" time="0.105" /><testcase classname="backend.tests.test_iter356_hybrid_resource_availability.TestSnapshotStructure" name="test_snapshot_entries_have_required_fields" time="0.384" /></testsuite></testsuites>