<?xml version="1.0" encoding="utf-8"?><testsuites name="pytest tests"><testsuite name="pytest" errors="0" failures="0" skipped="0" tests="16" time="5.014" timestamp="2026-04-20T21:33:31.094586+00:00" hostname="agent-env-d37d05be-fbf6-449d-a49e-4c6a0d92a48d"><testcase classname="tests.test_iteration_178_smtp_presence.TestAuth" name="test_admin_login" time="0.391" /><testcase classname="tests.test_iteration_178_smtp_presence.TestSMTPBug1TLSNormalization" name="test_smtp_health_port_587_both_tls_flags" time="0.556" /><testcase classname="tests.test_iteration_178_smtp_presence.TestSMTPBug1TLSNormalization" name="test_smtp_health_port_465_implicit_tls" time="0.213" /><testcase classname="tests.test_iteration_178_smtp_presence.TestSMTPBug2ResendSandboxDetection" name="test_resend_sandbox_sender_detection_in_email_service" time="0.000" /><testcase classname="tests.test_iteration_178_smtp_presence.TestSMTPBug2ResendSandboxDetection" name="test_email_test_endpoint_with_resend_sandbox_config" time="0.445" /><testcase classname="tests.test_iteration_178_smtp_presence.TestChatPresenceEndpoint" name="test_presence_endpoint_requires_auth" time="0.115" /><testcase classname="tests.test_iteration_178_smtp_presence.TestChatPresenceEndpoint" name="test_presence_endpoint_returns_online_list" time="0.467" /><testcase classname="tests.test_iteration_178_smtp_presence.TestChatPresenceEndpoint" name="test_presence_endpoint_with_user_ids_filter" time="0.259" /><testcase classname="tests.test_iteration_178_smtp_presence.TestChatRegressions" name="test_list_conversations" time="0.444" /><testcase classname="tests.test_iteration_178_smtp_presence.TestChatRegressions" name="test_chat_users_list" time="0.120" /><testcase classname="tests.test_iteration_178_smtp_presence.TestChatRegressions" name="test_chat_my_status" time="0.117" /><testcase classname="tests.test_iteration_178_smtp_presence.TestChatRegressions" name="test_unread_summary" time="0.125" /><testcase classname="tests.test_iteration_178_smtp_presence.TestChatRegressions" name="test_create_and_delete_conversation" time="0.347" /><testcase classname="tests.test_iteration_178_smtp_presence.TestRedisBrokerIntegration" name="test_presence_endpoint_uses_redis" time="0.717" /><testcase classname="tests.test_iteration_178_smtp_presence.TestAdminEmailConfigEndpoints" name="test_get_email_config" time="0.468" /><testcase classname="tests.test_iteration_178_smtp_presence.TestAdminEmailConfigEndpoints" name="test_smtp_health_requires_admin" time="0.128" /></testsuite></testsuites>