<?xml version="1.0" encoding="utf-8"?><testsuites name="pytest tests"><testsuite name="pytest" errors="2" failures="3" skipped="0" tests="24" time="10.417" timestamp="2026-05-25T04:35:10.386546+00:00" hostname="agent-env-d37d05be-fbf6-449d-a49e-4c6a0d92a48d"><testcase classname="tests.test_iter267_audit_session_mobile.TestAuditBackend" name="test_audit_no_filter" time="0.442" /><testcase classname="tests.test_iter267_audit_session_mobile.TestAuditBackend" name="test_audit_since_hours_filter" time="0.461" /><testcase classname="tests.test_iter267_audit_session_mobile.TestAuditBackend" name="test_audit_actor_filter" time="0.414" /><testcase classname="tests.test_iter267_audit_session_mobile.TestAuditBackend" name="test_audit_search_filter" time="0.396" /><testcase classname="tests.test_iter267_audit_session_mobile.TestAuditBackend" name="test_audit_combined_filter" time="0.393" /><testcase classname="tests.test_iter267_audit_session_mobile.TestAuditBackend" name="test_audit_pagination" time="0.443" /><testcase classname="tests.test_iter267_audit_session_mobile.TestAuditCSVExport" name="test_csv_export_content_type" time="0.490" /><testcase classname="tests.test_iter267_audit_session_mobile.TestAuditCSVExport" name="test_csv_export_header_row" time="0.484" /><testcase classname="tests.test_iter267_audit_session_mobile.TestAuditCSVExport" name="test_csv_export_with_filters" time="0.384" /><testcase classname="tests.test_iter267_audit_session_mobile.TestAuditRBAC" name="test_audit_no_token_401" time="0.121" /><testcase classname="tests.test_iter267_audit_session_mobile.TestAuditRBAC" name="test_audit_csv_no_token_401" time="0.103" /><testcase classname="tests.test_iter267_audit_session_mobile.TestAuditRBAC" name="test_audit_member_403" time="1.739" /><testcase classname="tests.test_iter267_audit_session_mobile.TestRegressionSanityCheck" name="test_auth_me" time="0.414" /><testcase classname="tests.test_iter267_audit_session_mobile.TestRegressionSanityCheck" name="test_tasks_list" time="0.451" /><testcase classname="tests.test_iter267_audit_session_mobile.TestRegressionSanityCheck" name="test_calendar_events" time="0.502" /><testcase classname="tests.test_iter267_audit_session_mobile.TestRegressionSanityCheck" name="test_news_list" time="0.390"><failure message="assert 404 == 200&#10; +  where 404 = &lt;Response [404]&gt;.status_code">tests/test_iter267_audit_session_mobile.py:237: in test_news_list
    assert resp.status_code == 200
E   assert 404 == 200
E    +  where 404 = &lt;Response [404]&gt;.status_code</failure></testcase><testcase classname="tests.test_iter267_audit_session_mobile.TestRegressionSanityCheck" name="test_resources_list" time="0.430" /><testcase classname="tests.test_iter267_audit_session_mobile.TestRegressionSanityCheck" name="test_chat_channels" time="0.379"><failure message="assert 404 == 200&#10; +  where 404 = &lt;Response [404]&gt;.status_code">tests/test_iter267_audit_session_mobile.py:249: in test_chat_channels
    assert resp.status_code == 200
E   assert 404 == 200
E    +  where 404 = &lt;Response [404]&gt;.status_code</failure></testcase><testcase classname="tests.test_iter267_audit_session_mobile.TestRegressionSanityCheck" name="test_admin_stats" time="0.428" /><testcase classname="tests.test_iter267_audit_session_mobile.TestRegressionSanityCheck" name="test_surveys_list" time="0.404" /><testcase classname="tests.test_iter267_audit_session_mobile.TestRegressionSanityCheck" name="test_meetings_list" time="0.103"><error message="failed on setup with &quot;assert 429 == 200&#10; +  where 429 = &lt;Response [429]&gt;.status_code&quot;">tests/test_iter267_audit_session_mobile.py:214: in setup
    assert login_resp.status_code == 200
E   assert 429 == 200
E    +  where 429 = &lt;Response [429]&gt;.status_code</error></testcase><testcase classname="tests.test_iter267_audit_session_mobile.TestRegressionSanityCheck" name="test_notifications_list" time="0.393" /><testcase classname="tests.test_iter267_audit_session_mobile.TestRegressionSanityCheck" name="test_dashboard_stats" time="0.117"><error message="failed on setup with &quot;assert 429 == 200&#10; +  where 429 = &lt;Response [429]&gt;.status_code&quot;">tests/test_iter267_audit_session_mobile.py:214: in setup
    assert login_resp.status_code == 200
E   assert 429 == 200
E    +  where 429 = &lt;Response [429]&gt;.status_code</error></testcase><testcase classname="tests.test_iter267_audit_session_mobile.TestRegressionSanityCheck" name="test_scheduling_polls" time="0.399"><failure message="assert 404 == 200&#10; +  where 404 = &lt;Response [404]&gt;.status_code">tests/test_iter267_audit_session_mobile.py:285: in test_scheduling_polls
    assert resp.status_code == 200
E   assert 404 == 200
E    +  where 404 = &lt;Response [404]&gt;.status_code</failure></testcase></testsuite></testsuites>