<?xml version="1.0" encoding="utf-8"?><testsuites name="pytest tests"><testsuite name="pytest" errors="0" failures="0" skipped="0" tests="28" time="25.847" timestamp="2026-04-27T07:57:36.794272+00:00" hostname="agent-env-d37d05be-fbf6-449d-a49e-4c6a0d92a48d"><testcase classname="tests.test_iter188_comprehensive.Test2FAStatus" name="test_2fa_status_returns_disabled_initially" time="0.585" /><testcase classname="tests.test_iter188_comprehensive.Test2FAStatus" name="test_2fa_status_requires_auth" time="0.096" /><testcase classname="tests.test_iter188_comprehensive.Test2FASetup" name="test_2fa_setup_generates_secret_and_qr" time="0.994" /><testcase classname="tests.test_iter188_comprehensive.Test2FASetup" name="test_2fa_setup_requires_auth" time="0.107" /><testcase classname="tests.test_iter188_comprehensive.Test2FAVerifySetup" name="test_verify_setup_with_wrong_code_returns_401" time="0.773" /><testcase classname="tests.test_iter188_comprehensive.Test2FAVerifySetup" name="test_verify_setup_with_correct_code_enables_2fa" time="1.897" /><testcase classname="tests.test_iter188_comprehensive.Test2FALoginFlow" name="test_login_with_2fa_returns_challenge_token" time="2.222" /><testcase classname="tests.test_iter188_comprehensive.Test2FALoginFlow" name="test_verify_login_with_correct_totp" time="3.539" /><testcase classname="tests.test_iter188_comprehensive.Test2FALoginFlow" name="test_verify_login_with_wrong_code_returns_401" time="2.337" /><testcase classname="tests.test_iter188_comprehensive.Test2FALoginFlow" name="test_verify_login_with_recovery_code" time="3.334" /><testcase classname="tests.test_iter188_comprehensive.Test2FARegenerateRecovery" name="test_regenerate_recovery_returns_10_fresh_codes" time="3.534" /><testcase classname="tests.test_iter188_comprehensive.Test2FADisable" name="test_disable_with_correct_code_disables_2fa" time="2.249" /><testcase classname="tests.test_iter188_comprehensive.TestNoSecretLeaks" name="test_auth_me_never_leaks_totp_fields" time="0.115" /><testcase classname="tests.test_iter188_comprehensive.TestNoSecretLeaks" name="test_login_response_never_leaks_totp_fields" time="0.327" /><testcase classname="tests.test_iter188_comprehensive.TestDSGVOExport" name="test_export_contains_legacy_keys" time="0.431" /><testcase classname="tests.test_iter188_comprehensive.TestDSGVOExport" name="test_export_contains_iter188_block" time="0.428" /><testcase classname="tests.test_iter188_comprehensive.TestDSGVOExport" name="test_export_profile_strips_sensitive_fields" time="0.432" /><testcase classname="tests.test_iter188_comprehensive.TestDSGVOExport" name="test_export_caldav_masks_password" time="0.483" /><testcase classname="tests.test_iter188_comprehensive.TestReadDBExtension" name="test_admin_stats_returns_correct_counts" time="0.110" /><testcase classname="tests.test_iter188_comprehensive.TestReadDBExtension" name="test_search_global_returns_grouped_results" time="0.106" /><testcase classname="tests.test_iter188_comprehensive.TestReadDBExtension" name="test_admin_health_returns_email_stats" time="0.304" /><testcase classname="tests.test_iter188_comprehensive.TestRegressionNewsFeed" name="test_news_feed_returns_200" time="0.130" /><testcase classname="tests.test_iter188_comprehensive.TestRegressionSurveys" name="test_surveys_list_returns_200" time="0.110" /><testcase classname="tests.test_iter188_comprehensive.TestRegressionMeetings" name="test_meetings_list_returns_200" time="0.104" /><testcase classname="tests.test_iter188_comprehensive.TestRegressionLoginWithout2FA" name="test_member_login_without_2fa" time="0.659" /><testcase classname="tests.test_iter188_comprehensive.TestRegressionChatRoutes" name="test_chat_conversations_list" time="0.113" /><testcase classname="tests.test_iter188_comprehensive.TestRegressionChatRoutes" name="test_chat_users_list" time="0.107" /><testcase classname="tests.test_iter188_comprehensive.TestRegressionPrivacyGuards" name="test_stranger_cannot_access_targeted_news" time="0.107" /></testsuite></testsuites>