<?xml version="1.0" encoding="utf-8"?><testsuites name="pytest tests"><testsuite name="pytest" errors="0" failures="0" skipped="0" tests="13" time="4.728" timestamp="2026-04-18T10:09:00.688478+00:00" hostname="agent-env-d37d05be-fbf6-449d-a49e-4c6a0d92a48d"><testcase classname="backend.tests.test_iteration_75_features.TestOnboardingComplete" name="test_onboarding_complete_requires_auth" time="0.600" /><testcase classname="backend.tests.test_iteration_75_features.TestOnboardingComplete" name="test_onboarding_complete_sets_timestamp" time="0.414" /><testcase classname="backend.tests.test_iteration_75_features.TestOnboardingComplete" name="test_onboarding_complete_persists_in_user" time="0.468" /><testcase classname="backend.tests.test_iteration_75_features.TestUserPermissionsWithLabels" name="test_permissions_returns_capability_labels" time="0.369" /><testcase classname="backend.tests.test_iteration_75_features.TestUserPermissionsWithLabels" name="test_capability_labels_structure" time="0.378" /><testcase classname="backend.tests.test_iteration_75_features.TestUserPermissionsWithLabels" name="test_capability_labels_match_capabilities" time="0.376" /><testcase classname="backend.tests.test_iteration_75_features.TestUserPermissionsWithLabels" name="test_admin_has_all_capabilities" time="0.363" /><testcase classname="backend.tests.test_iteration_75_features.TestUserPermissionsWithLabels" name="test_capability_labels_have_german_labels" time="0.379" /><testcase classname="backend.tests.test_iteration_75_features.TestEmailPreferencesRegression" name="test_get_email_preferences" time="0.415" /><testcase classname="backend.tests.test_iteration_75_features.TestEmailPreferencesRegression" name="test_put_email_preferences" time="0.550" /><testcase classname="backend.tests.test_iteration_75_features.TestUnsubscribeRegression" name="test_unsubscribe_invalid_token" time="0.113" /><testcase classname="backend.tests.test_iteration_75_features.TestUnsubscribeRegression" name="test_unsubscribe_post_invalid_token" time="0.107" /><testcase classname="backend.tests.test_iteration_75_features.TestUnsubscribeRegression" name="test_resubscribe_invalid_token" time="0.106" /></testsuite></testsuites>