<?xml version="1.0" encoding="utf-8"?><testsuites name="pytest tests"><testsuite name="pytest" errors="0" failures="0" skipped="0" tests="19" time="3.202" timestamp="2026-04-18T12:57:41.226627+00:00" hostname="agent-env-d37d05be-fbf6-449d-a49e-4c6a0d92a48d"><testcase classname="tests.test_iteration_84_caldav_sync.TestCalDAVConfigDefaults" name="test_config_defaults_for_logged_in_user" time="0.458" /><testcase classname="tests.test_iteration_84_caldav_sync.TestCalDAVConfigPersist" name="test_config_persist_with_password" time="0.438" /><testcase classname="tests.test_iteration_84_caldav_sync.TestCalDAVConfigMaskPreserve" name="test_mask_preserve_password" time="0.150" /><testcase classname="tests.test_iteration_84_caldav_sync.TestCalDAVSyncInvalidURL" name="test_sync_invalid_url_returns_400" time="0.189" /><testcase classname="tests.test_iteration_84_caldav_sync.TestCalDAVSyncValidICS" name="test_sync_valid_ics_imports_events" time="0.256" /><testcase classname="tests.test_iteration_84_caldav_sync.TestCalDAVEventsList" name="test_events_list_returns_sorted_events" time="0.180" /><testcase classname="tests.test_iteration_84_caldav_sync.TestConflictCheckOverlap" name="test_conflict_check_returns_overlapping_events" time="0.211" /><testcase classname="tests.test_iteration_84_caldav_sync.TestConflictCheckOverlap" name="test_conflict_check_no_overlap_returns_empty" time="0.048" /><testcase classname="tests.test_iteration_84_caldav_sync.TestConflictCheckOverlap" name="test_conflict_check_invalid_date_returns_400" time="0.051" /><testcase classname="tests.test_iteration_84_caldav_sync.TestConflictCheckIsolation" name="test_user_isolation" time="0.228" /><testcase classname="tests.test_iteration_84_caldav_sync.TestMaintenanceCron" name="test_maintenance_has_caldav_sync_task" time="0.081" /><testcase classname="tests.test_iteration_84_caldav_sync.TestMaintenanceCron" name="test_maintenance_runs_has_caldav_entry" time="0.046" /><testcase classname="tests.test_iteration_84_caldav_sync.TestSecurity" name="test_caldav_config_requires_auth" time="0.106" /><testcase classname="tests.test_iteration_84_caldav_sync.TestSecurity" name="test_caldav_sync_requires_auth" time="0.101" /><testcase classname="tests.test_iteration_84_caldav_sync.TestSecurity" name="test_caldav_events_requires_auth" time="0.112" /><testcase classname="tests.test_iteration_84_caldav_sync.TestSecurity" name="test_meetings_conflicts_requires_auth" time="0.155" /><testcase classname="tests.test_iteration_84_caldav_sync.TestRegressionIteration83" name="test_rate_limit_feedback_still_works" time="0.051" /><testcase classname="tests.test_iteration_84_caldav_sync.TestRegressionIteration83" name="test_system_audit_still_works" time="0.051" /><testcase classname="tests.test_iteration_84_caldav_sync.TestRegressionIteration83" name="test_health_alerts_still_works" time="0.178" /></testsuite></testsuites>