<?xml version="1.0" encoding="utf-8"?><testsuites name="pytest tests"><testsuite name="pytest" errors="0" failures="1" skipped="0" tests="24" time="3.454" timestamp="2026-05-23T21:26:22.815389+00:00" hostname="agent-env-d37d05be-fbf6-449d-a49e-4c6a0d92a48d"><testcase classname="backend.tests.test_resources_sprint4" name="test_buffer_time_enforces_conflict" time="0.650" /><testcase classname="backend.tests.test_resources_sprint4" name="test_ics_export" time="0.104" /><testcase classname="backend.tests.test_resources_sprint4" name="test_csv_export" time="0.050" /><testcase classname="backend.tests.test_resources_sprint4" name="test_catering_csv_export" time="0.048" /><testcase classname="backend.tests.test_resources_sprint4" name="test_qr_code" time="0.062" /><testcase classname="backend.tests.test_resources_sprint4" name="test_resource_calendar" time="0.051" /><testcase classname="backend.tests.test_resources_sprint4" name="test_check_in_out_flow" time="0.144" /><testcase classname="backend.tests.test_resources_sprint4" name="test_series_booking" time="0.061" /><testcase classname="backend.tests.test_resources_sprint4" name="test_damage_report" time="0.104" /><testcase classname="backend.tests.test_resources_sprint4" name="test_catering_re_request_on_time_change" time="0.202"><failure message="assert 409 == 200&#10; +  where 409 = &lt;Response [409]&gt;.status_code">backend/tests/test_resources_sprint4.py:164: in test_catering_re_request_on_time_change
    assert r.status_code == 200
E   assert 409 == 200
E    +  where 409 = &lt;Response [409]&gt;.status_code</failure></testcase><testcase classname="backend.tests.test_resources_module" name="test_list_resources" time="0.389" /><testcase classname="backend.tests.test_resources_module" name="test_create_booking_and_self_conflict" time="0.201" /><testcase classname="backend.tests.test_resources_module" name="test_parent_child_conflict" time="0.056" /><testcase classname="backend.tests.test_resources_module" name="test_sibling_does_not_conflict" time="0.052" /><testcase classname="backend.tests.test_resources_module" name="test_catering_workflow" time="0.156" /><testcase classname="backend.tests.test_resources_module" name="test_booking_validation" time="0.047" /><testcase classname="backend.tests.test_resources_module" name="test_resource_404" time="0.047" /><testcase classname="backend.tests.test_resources_module" name="test_check_conflicts_endpoint" time="0.081" /><testcase classname="backend.tests.test_resources_module" name="test_unauthorised_without_cookie" time="0.144" /><testcase classname="backend.tests.test_resources_module" name="test_catering_items_listing" time="0.098" /><testcase classname="backend.tests.test_resources_sprint3" name="test_approvals_pending_count" time="0.379" /><testcase classname="backend.tests.test_resources_sprint3" name="test_dashboard_overview" time="0.052" /><testcase classname="backend.tests.test_resources_sprint3" name="test_invoice_for_catering_booking" time="0.121" /><testcase classname="backend.tests.test_resources_sprint3" name="test_invoice_404_unknown" time="0.047" /></testsuite></testsuites>