<?xml version="1.0" encoding="utf-8"?><testsuites name="pytest tests"><testsuite name="pytest" errors="0" failures="0" skipped="3" tests="15" time="4.230" timestamp="2026-05-24T11:08:45.064239+00:00" hostname="agent-env-d37d05be-fbf6-449d-a49e-4c6a0d92a48d"><testcase classname="backend.tests.test_iter244_features.TestCateringCancel" name="test_owner_can_cancel_own_catering_request" time="2.416" /><testcase classname="backend.tests.test_iter244_features.TestCateringCancel" name="test_non_owner_without_cap_gets_403" time="0.103"><skipped type="pytest.skip" message="Could not create booking: {&quot;detail&quot;:{&quot;detail&quot;:&quot;Konflikt mit bestehender Buchung&quot;,&quot;conflicts&quot;:[{&quot;booking_id&quot;:&quot;bk_a1399590a45b&quot;,&quot;resource_id&quot;:&quot;res_dc078b08e2ca&quot;,&quot;user_id&quot;:&quot;user_8ed8246f3332&quot;,&quot;booked_for_user_id&quot;:null,&quot;title&quot;:&quot;Test Meeting Catering 4ef9a2&quot;,&quot;description&quot;:null,&quot;start_at&quot;:&quot;2026-05-31T11:08:46.054000&quot;,&quot;end_at&quot;:&quot;2026-05-31T13:08:46.054000&quot;,&quot;status&quot;:&quot;pending_approval&quot;,&quot;purpose&quot;:null,&quot;destination&quot;:null,&quot;passengers&quot;:[],&quot;mileage_before&quot;:null,&quot;mileage_after&quot;:null,&quot;cost_center&quot;:null,&quot;account&quot;:null,&quot;catering_request_id&quot;:&quot;cat_ab62af3f5d2c&quot;,&quot;approved_by&quot;:null,&quot;approved_at&quot;:null,&quot;cancelled_at&quot;:null,&quot;cancelled_by&quot;:null,&quot;cancellation_reason&quot;:null,&quot;checked_in_at&quot;:null,&quot;checked_out_at&quot;:null,&quot;created_at&quot;:&quot;2026-05-24T11:08:46.172000&quot;,&quot;updated_at&quot;:&quot;2026-05-24T11:08:46.172000&quot;}]}}">/app/backend/tests/test_iter244_features.py:202: Could not create booking: {"detail":{"detail":"Konflikt mit bestehender Buchung","conflicts":[{"booking_id":"bk_a1399590a45b","resource_id":"res_dc078b08e2ca","user_id":"user_8ed8246f3332","booked_for_user_id":null,"title":"Test Meeting Catering 4ef9a2","description":null,"start_at":"2026-05-31T11:08:46.054000","end_at":"2026-05-31T13:08:46.054000","status":"pending_approval","purpose":null,"destination":null,"passengers":[],"mileage_before":null,"mileage_after":null,"cost_center":null,"account":null,"catering_request_id":"cat_ab62af3f5d2c","approved_by":null,"approved_at":null,"cancelled_at":null,"cancelled_by":null,"cancellation_reason":null,"checked_in_at":null,"checked_out_at":null,"created_at":"2026-05-24T11:08:46.172000","updated_at":"2026-05-24T11:08:46.172000"}]}}</skipped></testcase><testcase classname="backend.tests.test_iter244_features.TestCateringCancel" name="test_admin_with_cap_can_cancel_any_cr" time="0.098"><skipped type="pytest.skip" message="Could not create booking: {&quot;detail&quot;:{&quot;detail&quot;:&quot;Konflikt mit bestehender Buchung&quot;,&quot;conflicts&quot;:[{&quot;booking_id&quot;:&quot;bk_a1399590a45b&quot;,&quot;resource_id&quot;:&quot;res_dc078b08e2ca&quot;,&quot;user_id&quot;:&quot;user_8ed8246f3332&quot;,&quot;booked_for_user_id&quot;:null,&quot;title&quot;:&quot;Test Meeting Catering 4ef9a2&quot;,&quot;description&quot;:null,&quot;start_at&quot;:&quot;2026-05-31T11:08:46.054000&quot;,&quot;end_at&quot;:&quot;2026-05-31T13:08:46.054000&quot;,&quot;status&quot;:&quot;pending_approval&quot;,&quot;purpose&quot;:null,&quot;destination&quot;:null,&quot;passengers&quot;:[],&quot;mileage_before&quot;:null,&quot;mileage_after&quot;:null,&quot;cost_center&quot;:null,&quot;account&quot;:null,&quot;catering_request_id&quot;:&quot;cat_ab62af3f5d2c&quot;,&quot;approved_by&quot;:null,&quot;approved_at&quot;:null,&quot;cancelled_at&quot;:null,&quot;cancelled_by&quot;:null,&quot;cancellation_reason&quot;:null,&quot;checked_in_at&quot;:null,&quot;checked_out_at&quot;:null,&quot;created_at&quot;:&quot;2026-05-24T11:08:46.172000&quot;,&quot;updated_at&quot;:&quot;2026-05-24T11:08:46.172000&quot;}]}}">/app/backend/tests/test_iter244_features.py:233: Could not create booking: {"detail":{"detail":"Konflikt mit bestehender Buchung","conflicts":[{"booking_id":"bk_a1399590a45b","resource_id":"res_dc078b08e2ca","user_id":"user_8ed8246f3332","booked_for_user_id":null,"title":"Test Meeting Catering 4ef9a2","description":null,"start_at":"2026-05-31T11:08:46.054000","end_at":"2026-05-31T13:08:46.054000","status":"pending_approval","purpose":null,"destination":null,"passengers":[],"mileage_before":null,"mileage_after":null,"cost_center":null,"account":null,"catering_request_id":"cat_ab62af3f5d2c","approved_by":null,"approved_at":null,"cancelled_at":null,"cancelled_by":null,"cancellation_reason":null,"checked_in_at":null,"checked_out_at":null,"created_at":"2026-05-24T11:08:46.172000","updated_at":"2026-05-24T11:08:46.172000"}]}}</skipped></testcase><testcase classname="backend.tests.test_iter244_features.TestCateringCancel" name="test_double_cancel_returns_409" time="0.099"><skipped type="pytest.skip" message="Could not create booking: {&quot;detail&quot;:{&quot;detail&quot;:&quot;Konflikt mit bestehender Buchung&quot;,&quot;conflicts&quot;:[{&quot;booking_id&quot;:&quot;bk_a1399590a45b&quot;,&quot;resource_id&quot;:&quot;res_dc078b08e2ca&quot;,&quot;user_id&quot;:&quot;user_8ed8246f3332&quot;,&quot;booked_for_user_id&quot;:null,&quot;title&quot;:&quot;Test Meeting Catering 4ef9a2&quot;,&quot;description&quot;:null,&quot;start_at&quot;:&quot;2026-05-31T11:08:46.054000&quot;,&quot;end_at&quot;:&quot;2026-05-31T13:08:46.054000&quot;,&quot;status&quot;:&quot;pending_approval&quot;,&quot;purpose&quot;:null,&quot;destination&quot;:null,&quot;passengers&quot;:[],&quot;mileage_before&quot;:null,&quot;mileage_after&quot;:null,&quot;cost_center&quot;:null,&quot;account&quot;:null,&quot;catering_request_id&quot;:&quot;cat_ab62af3f5d2c&quot;,&quot;approved_by&quot;:null,&quot;approved_at&quot;:null,&quot;cancelled_at&quot;:null,&quot;cancelled_by&quot;:null,&quot;cancellation_reason&quot;:null,&quot;checked_in_at&quot;:null,&quot;checked_out_at&quot;:null,&quot;created_at&quot;:&quot;2026-05-24T11:08:46.172000&quot;,&quot;updated_at&quot;:&quot;2026-05-24T11:08:46.172000&quot;}]}}">/app/backend/tests/test_iter244_features.py:258: Could not create booking: {"detail":{"detail":"Konflikt mit bestehender Buchung","conflicts":[{"booking_id":"bk_a1399590a45b","resource_id":"res_dc078b08e2ca","user_id":"user_8ed8246f3332","booked_for_user_id":null,"title":"Test Meeting Catering 4ef9a2","description":null,"start_at":"2026-05-31T11:08:46.054000","end_at":"2026-05-31T13:08:46.054000","status":"pending_approval","purpose":null,"destination":null,"passengers":[],"mileage_before":null,"mileage_after":null,"cost_center":null,"account":null,"catering_request_id":"cat_ab62af3f5d2c","approved_by":null,"approved_at":null,"cancelled_at":null,"cancelled_by":null,"cancellation_reason":null,"checked_in_at":null,"checked_out_at":null,"created_at":"2026-05-24T11:08:46.172000","updated_at":"2026-05-24T11:08:46.172000"}]}}</skipped></testcase><testcase classname="backend.tests.test_iter244_features.TestSlackWebhookStorage" name="test_set_slack_webhook_url" time="0.098" /><testcase classname="backend.tests.test_iter244_features.TestSlackWebhookStorage" name="test_get_shows_slack_configured_not_url" time="0.098" /><testcase classname="backend.tests.test_iter244_features.TestSlackWebhookStorage" name="test_clear_slack_webhook" time="0.138" /><testcase classname="backend.tests.test_iter244_features.TestSlackGenerate" name="test_generate_returns_slack_notified_field" time="0.111" /><testcase classname="backend.tests.test_iter244_features.TestSlackGenerate" name="test_invalid_slack_url_returns_false_no_500" time="0.122" /><testcase classname="backend.tests.test_iter244_features.TestSlackGenerate" name="test_non_slack_url_returns_false" time="0.098" /><testcase classname="backend.tests.test_iter244_features.TestSkipNote" name="test_skip_with_note_saves_note" time="0.216" /><testcase classname="backend.tests.test_iter244_features.TestSkipNote" name="test_office_week_shows_note_in_absent" time="0.246" /><testcase classname="backend.tests.test_iter244_features.TestIter243Regression" name="test_skip_reasons_endpoint_still_works" time="0.046" /><testcase classname="backend.tests.test_iter244_features.TestIter243Regression" name="test_skip_with_reason_still_works" time="0.201" /><testcase classname="backend.tests.test_iter244_features.TestIter243Regression" name="test_office_week_absent_fields_still_present" time="0.046" /></testsuite></testsuites>