<?xml version="1.0" encoding="utf-8"?><testsuites name="pytest tests"><testsuite name="pytest" errors="0" failures="0" skipped="0" tests="4" time="0.710" timestamp="2026-05-23T21:00:33.316516+00:00" hostname="agent-env-d37d05be-fbf6-449d-a49e-4c6a0d92a48d"><testcase classname="backend.tests.test_resources_sprint3" name="test_approvals_pending_count" time="0.444" /><testcase classname="backend.tests.test_resources_sprint3" name="test_dashboard_overview" time="0.053" /><testcase classname="backend.tests.test_resources_sprint3" name="test_invoice_for_catering_booking" time="0.103" /><testcase classname="backend.tests.test_resources_sprint3" name="test_invoice_404_unknown" time="0.047" /></testsuite></testsuites>