<?xml version="1.0" encoding="utf-8"?><testsuites name="pytest tests"><testsuite name="pytest" errors="0" failures="0" skipped="0" tests="15" time="3.553" timestamp="2026-05-31T10:32:07.535526+00:00" hostname="agent-env-d37d05be-fbf6-449d-a49e-4c6a0d92a48d"><testcase classname="backend.tests.test_iter284_billing.TestNewAggregateBookingInvoice" name="test_aggregate_invoice_json_no_filter" time="0.650" /><testcase classname="backend.tests.test_iter284_billing.TestNewAggregateBookingInvoice" name="test_aggregate_invoice_json_with_date_filter" time="0.057" /><testcase classname="backend.tests.test_iter284_billing.TestNewAggregateBookingInvoice" name="test_aggregate_invoice_json_with_cost_center_filter" time="0.061" /><testcase classname="backend.tests.test_iter284_billing.TestNewAggregateBookingInvoice" name="test_aggregate_invoice_pdf" time="0.063" /><testcase classname="backend.tests.test_iter284_billing.TestAggregateInvoicePermissions" name="test_aggregate_invoice_requires_capability" time="1.783" /><testcase classname="backend.tests.test_iter284_billing.TestExistingInvoiceEndpointsRegression" name="test_single_booking_invoice_json" time="0.163" /><testcase classname="backend.tests.test_iter284_billing.TestExistingInvoiceEndpointsRegression" name="test_single_booking_invoice_pdf" time="0.139" /><testcase classname="backend.tests.test_iter284_billing.TestExistingInvoiceEndpointsRegression" name="test_catering_aggregate_invoice_json" time="0.059" /><testcase classname="backend.tests.test_iter284_billing.TestExistingInvoiceEndpointsRegression" name="test_catering_aggregate_invoice_pdf" time="0.057" /><testcase classname="backend.tests.test_iter284_billing.TestExistingInvoiceEndpointsRegression" name="test_bookings_export_csv" time="0.140" /><testcase classname="backend.tests.test_iter284_billing.TestExistingInvoiceEndpointsRegression" name="test_erp_export_csv_datev" time="0.050" /><testcase classname="backend.tests.test_iter284_billing.TestExistingInvoiceEndpointsRegression" name="test_erp_export_csv_generic" time="0.050" /><testcase classname="backend.tests.test_iter284_billing.TestAggregateInvoiceDataIntegrity" name="test_lines_structure" time="0.056" /><testcase classname="backend.tests.test_iter284_billing.TestAggregateInvoiceDataIntegrity" name="test_bookings_structure" time="0.054" /><testcase classname="backend.tests.test_iter284_billing.TestAggregateInvoiceDataIntegrity" name="test_total_matches_lines_sum" time="0.057" /></testsuite></testsuites>