<?xml version="1.0" encoding="utf-8"?><testsuites name="pytest tests"><testsuite name="pytest" errors="0" failures="0" skipped="0" tests="30" time="5.655" timestamp="2026-05-24T17:14:55.975231+00:00" hostname="agent-env-d37d05be-fbf6-449d-a49e-4c6a0d92a48d"><testcase classname="tests.test_iter260_refactor_regression.TestGroupDuplicateNameFix" name="test_create_group_duplicate_name_exact" time="0.757" /><testcase classname="tests.test_iter260_refactor_regression.TestGroupDuplicateNameFix" name="test_create_group_duplicate_name_case_insensitive" time="0.353" /><testcase classname="tests.test_iter260_refactor_regression.TestGroupDuplicateNameFix" name="test_update_group_to_existing_name" time="0.569" /><testcase classname="tests.test_iter260_refactor_regression.TestGroupDuplicateNameFix" name="test_update_group_same_name_allowed" time="0.333" /><testcase classname="tests.test_iter260_refactor_regression.TestOfficeDaysEndpoints" name="test_get_office_days" time="0.110" /><testcase classname="tests.test_iter260_refactor_regression.TestOfficeDaysEndpoints" name="test_put_office_days" time="0.109" /><testcase classname="tests.test_iter260_refactor_regression.TestOfficeDaysEndpoints" name="test_get_skip_reasons" time="0.124" /><testcase classname="tests.test_iter260_refactor_regression.TestOfficeDaysEndpoints" name="test_get_upcoming_office_days" time="0.108" /><testcase classname="tests.test_iter260_refactor_regression.TestOfficeDaysEndpoints" name="test_get_office_week" time="0.113" /><testcase classname="tests.test_iter260_refactor_regression.TestOfficeDaysEndpoints" name="test_slack_test_without_webhook" time="0.110" /><testcase classname="tests.test_iter260_refactor_regression.TestBookingsEndpoints" name="test_get_resource_bookings" time="0.146" /><testcase classname="tests.test_iter260_refactor_regression.TestBookingsEndpoints" name="test_get_approvals_pending_count" time="0.123" /><testcase classname="tests.test_iter260_refactor_regression.TestBookingsEndpoints" name="test_check_conflicts_endpoint" time="0.266" /><testcase classname="tests.test_iter260_refactor_regression.TestBookingsEndpoints" name="test_suggest_slots_endpoint" time="0.234" /><testcase classname="tests.test_iter260_refactor_regression.TestGifsEndpoint" name="test_gif_search_no_nameerror" time="0.166" /><testcase classname="tests.test_iter260_refactor_regression.TestSurveyArchive" name="test_auto_archive_endpoint_exists" time="0.102" /><testcase classname="tests.test_iter260_refactor_regression.TestSurveyArchive" name="test_surveys_list_works" time="0.117" /><testcase classname="tests.test_iter260_refactor_regression.TestModuleSanityCheck" name="test_auth_module" time="0.106" /><testcase classname="tests.test_iter260_refactor_regression.TestModuleSanityCheck" name="test_tasks_module" time="0.137" /><testcase classname="tests.test_iter260_refactor_regression.TestModuleSanityCheck" name="test_calendar_module" time="0.212" /><testcase classname="tests.test_iter260_refactor_regression.TestModuleSanityCheck" name="test_news_module" time="0.113" /><testcase classname="tests.test_iter260_refactor_regression.TestModuleSanityCheck" name="test_resources_module" time="0.125" /><testcase classname="tests.test_iter260_refactor_regression.TestModuleSanityCheck" name="test_chat_module" time="0.109" /><testcase classname="tests.test_iter260_refactor_regression.TestModuleSanityCheck" name="test_admin_module" time="0.114" /><testcase classname="tests.test_iter260_refactor_regression.TestModuleSanityCheck" name="test_surveys_module" time="0.135" /><testcase classname="tests.test_iter260_refactor_regression.TestModuleSanityCheck" name="test_meetings_module" time="0.113" /><testcase classname="tests.test_iter260_refactor_regression.TestModuleSanityCheck" name="test_notifications_module" time="0.163" /><testcase classname="tests.test_iter260_refactor_regression.TestModuleSanityCheck" name="test_dashboard_module" time="0.140" /><testcase classname="tests.test_iter260_refactor_regression.TestModuleSanityCheck" name="test_scheduling_module" time="0.125" /><testcase classname="tests.test_iter260_refactor_regression.TestCleanup" name="test_cleanup_test_groups" time="0.107" /></testsuite></testsuites>