<?xml version="1.0" encoding="utf-8"?><testsuites name="pytest tests"><testsuite name="pytest" errors="0" failures="0" skipped="0" tests="11" time="2.206" timestamp="2026-05-24T08:27:47.105109+00:00" hostname="agent-env-d37d05be-fbf6-449d-a49e-4c6a0d92a48d"><testcase classname="backend.tests.test_iter236_drag_drop_move.TestDragDropMoveBooking" name="test_move_booking_to_same_type_resource" time="0.720" /><testcase classname="backend.tests.test_iter236_drag_drop_move.TestDragDropMoveBooking" name="test_move_booking_to_different_type_returns_400" time="0.209" /><testcase classname="backend.tests.test_iter236_drag_drop_move.TestDragDropMoveBooking" name="test_move_booking_with_conflict_returns_409" time="0.278" /><testcase classname="backend.tests.test_iter236_drag_drop_move.TestDragDropMoveBooking" name="test_move_booking_time_only_no_resource_change" time="0.158" /><testcase classname="backend.tests.test_iter236_drag_drop_move.TestDragDropMoveBooking" name="test_move_to_inactive_resource_returns_400" time="0.251" /><testcase classname="backend.tests.test_iter236_drag_drop_move.TestOccupancyOverviewEndpoint" name="test_occupancy_returns_resources_and_bookings" time="0.073" /><testcase classname="backend.tests.test_iter236_drag_drop_move.TestOccupancyOverviewEndpoint" name="test_occupancy_type_filter" time="0.153" /><testcase classname="backend.tests.test_iter236_drag_drop_move.TestTabNavigation" name="test_resources_endpoint_rooms" time="0.080" /><testcase classname="backend.tests.test_iter236_drag_drop_move.TestTabNavigation" name="test_resources_endpoint_vehicles" time="0.050" /><testcase classname="backend.tests.test_iter236_drag_drop_move.TestTabNavigation" name="test_resources_endpoint_desks" time="0.050" /><testcase classname="backend.tests.test_iter236_drag_drop_move.TestTabNavigation" name="test_my_bookings_endpoint" time="0.090" /></testsuite></testsuites>