<?xml version="1.0" encoding="utf-8"?><testsuites name="pytest tests"><testsuite name="pytest" errors="0" failures="0" skipped="0" tests="10" time="4.100" timestamp="2026-05-05T06:31:54.601472+00:00" hostname="agent-env-d37d05be-fbf6-449d-a49e-4c6a0d92a48d"><testcase classname="backend.tests.test_iter197_template_editor.TestUpdateTemplate" name="test_admin_can_update_template_name" time="0.689" /><testcase classname="backend.tests.test_iter197_template_editor.TestUpdateTemplate" name="test_admin_can_update_template_all_fields" time="0.341" /><testcase classname="backend.tests.test_iter197_template_editor.TestUpdateTemplate" name="test_admin_can_update_template_assignees_and_groups" time="0.425" /><testcase classname="backend.tests.test_iter197_template_editor.TestUpdateTemplate" name="test_member_cannot_update_template" time="1.081" /><testcase classname="backend.tests.test_iter197_template_editor.TestUpdateTemplate" name="test_update_nonexistent_template_returns_404" time="0.107" /><testcase classname="backend.tests.test_iter197_template_editor.TestUpdateTemplate" name="test_update_template_checklist_regenerates_ids" time="0.332" /><testcase classname="backend.tests.test_iter197_template_editor.TestTemplateRegression" name="test_get_templates_still_works" time="0.107" /><testcase classname="backend.tests.test_iter197_template_editor.TestTemplateRegression" name="test_post_templates_still_works" time="0.256" /><testcase classname="backend.tests.test_iter197_template_editor.TestTemplateRegression" name="test_delete_templates_still_works" time="0.235" /><testcase classname="backend.tests.test_iter197_template_editor.TestTemplateRegression" name="test_create_from_template_still_works" time="0.443" /></testsuite></testsuites>