<?xml version="1.0" encoding="utf-8"?><testsuites name="pytest tests"><testsuite name="pytest" errors="2" failures="0" skipped="0" tests="22" time="8.155" timestamp="2026-05-24T17:48:37.804488+00:00" hostname="agent-env-d37d05be-fbf6-449d-a49e-4c6a0d92a48d"><testcase classname="backend.tests.test_iter262_webpush_dms_pwa.TestWebPushDMs" name="test_chat_push_test_without_token_returns_401" time="0.715" /><testcase classname="backend.tests.test_iter262_webpush_dms_pwa.TestWebPushDMs" name="test_chat_push_test_with_token_no_subscription" time="0.403" /><testcase classname="backend.tests.test_iter262_webpush_dms_pwa.TestChatMessagesRegression" name="test_get_conversations_returns_200" time="0.451" /><testcase classname="backend.tests.test_iter262_webpush_dms_pwa.TestChatMessagesRegression" name="test_post_message_to_conversation" time="0.502" /><testcase classname="backend.tests.test_iter262_webpush_dms_pwa.TestPWAPolish" name="test_unread_summary_returns_total_unread" time="0.390" /><testcase classname="backend.tests.test_iter262_webpush_dms_pwa.TestPWAPolish" name="test_unread_summary_without_token_returns_401" time="0.435" /><testcase classname="backend.tests.test_iter262_webpush_dms_pwa.TestRegressionSanityCheck" name="test_auth_me" time="0.434" /><testcase classname="backend.tests.test_iter262_webpush_dms_pwa.TestRegressionSanityCheck" name="test_tasks" time="0.508" /><testcase classname="backend.tests.test_iter262_webpush_dms_pwa.TestRegressionSanityCheck" name="test_calendar" time="0.506" /><testcase classname="backend.tests.test_iter262_webpush_dms_pwa.TestRegressionSanityCheck" name="test_news" time="0.400" /><testcase classname="backend.tests.test_iter262_webpush_dms_pwa.TestRegressionSanityCheck" name="test_resources" time="0.479" /><testcase classname="backend.tests.test_iter262_webpush_dms_pwa.TestRegressionSanityCheck" name="test_chat" time="0.444" /><testcase classname="backend.tests.test_iter262_webpush_dms_pwa.TestRegressionSanityCheck" name="test_admin" time="0.494" /><testcase classname="backend.tests.test_iter262_webpush_dms_pwa.TestRegressionSanityCheck" name="test_surveys" time="0.386" /><testcase classname="backend.tests.test_iter262_webpush_dms_pwa.TestRegressionSanityCheck" name="test_meetings" time="0.392" /><testcase classname="backend.tests.test_iter262_webpush_dms_pwa.TestRegressionSanityCheck" name="test_notifications" time="0.130"><error message="failed on setup with &quot;AssertionError: Login failed: {&quot;error&quot;:&quot;Rate limit exceeded: 10 per 1 minute&quot;}&#10;assert 429 == 200&#10; +  where 429 = &lt;Response [429]&gt;.status_code&quot;">backend/tests/test_iter262_webpush_dms_pwa.py:160: in setup
    assert login_resp.status_code == 200, f"Login failed: {login_resp.text}"
E   AssertionError: Login failed: {"error":"Rate limit exceeded: 10 per 1 minute"}
E   assert 429 == 200
E    +  where 429 = &lt;Response [429]&gt;.status_code</error></testcase><testcase classname="backend.tests.test_iter262_webpush_dms_pwa.TestRegressionSanityCheck" name="test_dashboard" time="0.413" /><testcase classname="backend.tests.test_iter262_webpush_dms_pwa.TestRegressionSanityCheck" name="test_scheduling" time="0.100"><error message="failed on setup with &quot;AssertionError: Login failed: {&quot;error&quot;:&quot;Rate limit exceeded: 10 per 1 minute&quot;}&#10;assert 429 == 200&#10; +  where 429 = &lt;Response [429]&gt;.status_code&quot;">backend/tests/test_iter262_webpush_dms_pwa.py:160: in setup
    assert login_resp.status_code == 200, f"Login failed: {login_resp.text}"
E   AssertionError: Login failed: {"error":"Rate limit exceeded: 10 per 1 minute"}
E   assert 429 == 200
E    +  where 429 = &lt;Response [429]&gt;.status_code</error></testcase><testcase classname="backend.tests.test_iter262_webpush_dms_pwa.TestRBACTokenless" name="test_chat_push_test_no_token" time="0.107" /><testcase classname="backend.tests.test_iter262_webpush_dms_pwa.TestRBACTokenless" name="test_chat_conversations_no_token" time="0.108" /><testcase classname="backend.tests.test_iter262_webpush_dms_pwa.TestRBACTokenless" name="test_chat_unread_summary_no_token" time="0.103" /><testcase classname="backend.tests.test_iter262_webpush_dms_pwa.TestRBACTokenless" name="test_admin_users_no_token" time="0.114" /></testsuite></testsuites>