<?xml version="1.0" encoding="utf-8"?><testsuites name="pytest tests"><testsuite name="pytest" errors="0" failures="0" skipped="0" tests="15" time="3.108" timestamp="2026-05-24T10:35:19.124269+00:00" hostname="agent-env-d37d05be-fbf6-449d-a49e-4c6a0d92a48d"><testcase classname="backend.tests.test_iter242_features.TestOfficeWeek" name="test_office_week_returns_structure" time="0.538" /><testcase classname="backend.tests.test_iter242_features.TestOfficeWeek" name="test_office_week_has_five_days" time="0.578" /><testcase classname="backend.tests.test_iter242_features.TestOfficeWeek" name="test_office_week_day_structure" time="0.163" /><testcase classname="backend.tests.test_iter242_features.TestOfficeWeek" name="test_office_week_only_confirmed_bookings" time="0.051" /><testcase classname="backend.tests.test_iter242_features.TestOfficeWeek" name="test_office_week_member_access" time="0.056" /><testcase classname="backend.tests.test_iter242_features.TestOfficeDaysUpcoming" name="test_upcoming_returns_structure" time="0.170" /><testcase classname="backend.tests.test_iter242_features.TestOfficeDaysUpcoming" name="test_upcoming_booking_structure" time="0.159" /><testcase classname="backend.tests.test_iter242_features.TestOfficeDaysUpcoming" name="test_upcoming_sorted_by_start_at" time="0.168" /><testcase classname="backend.tests.test_iter242_features.TestOfficeDaysSkip" name="test_skip_own_auto_generated_booking" time="0.280" /><testcase classname="backend.tests.test_iter242_features.TestOfficeDaysChatAnnounce" name="test_put_office_days_with_announce_conversation" time="0.159" /><testcase classname="backend.tests.test_iter242_features.TestOfficeDaysChatAnnounce" name="test_generate_with_announce_returns_announced_field" time="0.137" /><testcase classname="backend.tests.test_iter242_features.TestOfficeDaysChatAnnounce" name="test_generate_without_announce_config_returns_false" time="0.109" /><testcase classname="backend.tests.test_iter242_features.TestOfficeDaysChatAnnounce" name="test_generate_with_invalid_conversation_id_is_failure_tolerant" time="0.112" /><testcase classname="backend.tests.test_iter242_features.TestOfficeDaysConfigAnnounce" name="test_get_office_days_includes_announce_field" time="0.050" /><testcase classname="backend.tests.test_iter242_features.TestOfficeWeekPrivacy" name="test_hidden_user_not_in_office_week" time="0.274" /></testsuite></testsuites>