<?xml version="1.0" encoding="utf-8"?><testsuites name="pytest tests"><testsuite name="pytest" errors="0" failures="0" skipped="1" tests="23" time="20.487" timestamp="2026-04-19T21:42:28.480402+00:00" hostname="agent-env-d37d05be-fbf6-449d-a49e-4c6a0d92a48d"><testcase classname="tests.test_iteration_149_simulation.TestIteration149Simulation" name="test_01_admin_login" time="0.395" /><testcase classname="tests.test_iteration_149_simulation.TestIteration149Simulation" name="test_02_seed_100_simulation_users" time="3.133" /><testcase classname="tests.test_iteration_149_simulation.TestIteration149Simulation" name="test_03_chat_1to1_direct_messages" time="0.545" /><testcase classname="tests.test_iteration_149_simulation.TestIteration149Simulation" name="test_04_chat_group_with_10_members" time="1.212" /><testcase classname="tests.test_iteration_149_simulation.TestIteration149Simulation" name="test_05_chat_call_from_group" time="0.145" /><testcase classname="tests.test_iteration_149_simulation.TestIteration149Simulation" name="test_06_create_20_scheduled_meetings" time="1.344" /><testcase classname="tests.test_iteration_149_simulation.TestIteration149Simulation" name="test_07_host_joins_meeting_triggers_ring" time="0.124" /><testcase classname="tests.test_iteration_149_simulation.TestIteration149Simulation" name="test_08_manual_ring_endpoint" time="0.115" /><testcase classname="tests.test_iteration_149_simulation.TestIteration149Simulation" name="test_09_reachability_endpoint" time="0.119" /><testcase classname="tests.test_iteration_149_simulation.TestIteration149Simulation" name="test_10_create_5_schedule_polls" time="0.340" /><testcase classname="tests.test_iteration_149_simulation.TestIteration149Simulation" name="test_11_vote_on_schedule_polls" time="1.285" /><testcase classname="tests.test_iteration_149_simulation.TestIteration149Simulation" name="test_12_create_10_news_posts" time="2.417" /><testcase classname="tests.test_iteration_149_simulation.TestIteration149Simulation" name="test_13_news_read_receipts_and_reactions" time="2.086" /><testcase classname="tests.test_iteration_149_simulation.TestIteration149Simulation" name="test_14_create_5_surveys" time="3.061" /><testcase classname="tests.test_iteration_149_simulation.TestIteration149Simulation" name="test_15_survey_responses" time="1.030" /><testcase classname="tests.test_iteration_149_simulation.TestIteration149Simulation" name="test_16_status_manual_override" time="0.181" /><testcase classname="tests.test_iteration_149_simulation.TestIteration149Simulation" name="test_17_parallel_message_sending" time="0.000"><skipped type="pytest.skip" message="Not enough users with tokens">/app/backend/tests/test_iteration_149_simulation.py:727: Not enough users with tokens</skipped></testcase><testcase classname="tests.test_iteration_149_simulation.TestIteration149Simulation" name="test_18_send_chat_to_non_member" time="0.124" /><testcase classname="tests.test_iteration_149_simulation.TestIteration149Simulation" name="test_19_ring_meeting_as_non_host" time="0.135" /><testcase classname="tests.test_iteration_149_simulation.TestIteration149Simulation" name="test_20_reachability_nonexistent_meeting" time="0.109" /><testcase classname="tests.test_iteration_149_simulation.TestIteration149Simulation" name="test_21_vote_on_nonexistent_poll_slot" time="0.118" /><testcase classname="tests.test_iteration_149_simulation.TestIteration149Simulation" name="test_22_push_subscription_validation" time="0.128" /><testcase classname="tests.test_iteration_149_simulation.TestIteration149Simulation" name="test_99_cleanup_test_data" time="2.245" /></testsuite></testsuites>