<?xml version="1.0" encoding="utf-8"?><testsuites name="pytest tests"><testsuite name="pytest" errors="0" failures="0" skipped="0" tests="19" time="2.834" timestamp="2026-04-17T20:04:09.513078+00:00" hostname="agent-env-d37d05be-fbf6-449d-a49e-4c6a0d92a48d"><testcase classname="backend.tests.test_iteration_61_features.TestAuth" name="test_admin_login" time="0.530" /><testcase classname="backend.tests.test_iteration_61_features.TestNewsTargeting" name="test_create_news_with_granular_targeting" time="0.065" /><testcase classname="backend.tests.test_iteration_61_features.TestNewsTargeting" name="test_get_news_with_targeting" time="0.059" /><testcase classname="backend.tests.test_iteration_61_features.TestVideoEmbed" name="test_create_news_with_video_url" time="0.052" /><testcase classname="backend.tests.test_iteration_61_features.TestVideoEmbed" name="test_create_news_with_vimeo_url" time="0.061" /><testcase classname="backend.tests.test_iteration_61_features.TestCommentReplyThreads" name="test_create_parent_comment" time="0.118" /><testcase classname="backend.tests.test_iteration_61_features.TestCommentReplyThreads" name="test_create_reply_comment" time="0.099" /><testcase classname="backend.tests.test_iteration_61_features.TestCommentReplyThreads" name="test_get_comments_with_threads" time="0.055" /><testcase classname="backend.tests.test_iteration_61_features.TestMentionNotifications" name="test_create_comment_with_mention" time="0.138" /><testcase classname="backend.tests.test_iteration_61_features.TestInteractionsDashboard" name="test_get_interaction_stats" time="0.059" /><testcase classname="backend.tests.test_iteration_61_features.TestInteractionsDashboard" name="test_interaction_stats_requires_auth" time="0.107" /><testcase classname="backend.tests.test_iteration_61_features.TestAdminUserProfile" name="test_update_user_profile_fields" time="0.668" /><testcase classname="backend.tests.test_iteration_61_features.TestAdminUserProfile" name="test_update_user_via_standard_endpoint" time="0.050" /><testcase classname="backend.tests.test_iteration_61_features.TestGlobalSearch" name="test_global_search_returns_grouped_results" time="0.053" /><testcase classname="backend.tests.test_iteration_61_features.TestGlobalSearch" name="test_global_search_min_query_length" time="0.049" /><testcase classname="backend.tests.test_iteration_61_features.TestGlobalSearch" name="test_global_search_for_admin" time="0.054" /><testcase classname="backend.tests.test_iteration_61_features.TestNewsModerationReports" name="test_get_reports_list" time="0.050" /><testcase classname="backend.tests.test_iteration_61_features.TestNewsModerationReports" name="test_get_pending_reports_count" time="0.049" /><testcase classname="backend.tests.test_iteration_61_features.TestCleanup" name="test_cleanup_test_posts" time="0.366" /></testsuite></testsuites>