<?xml version="1.0" encoding="utf-8"?><testsuites name="pytest tests"><testsuite name="pytest" errors="3" failures="8" skipped="0" tests="48" time="16.086" timestamp="2026-05-16T17:38:18.749346+00:00" hostname="agent-env-d37d05be-fbf6-449d-a49e-4c6a0d92a48d"><testcase classname="backend.tests.test_iter222_chat_profile_calendar_surveys.TestAuth" name="test_admin_login" time="0.578" /><testcase classname="backend.tests.test_iter222_chat_profile_calendar_surveys.TestAuth" name="test_member_login" time="0.348" /><testcase classname="backend.tests.test_iter222_chat_profile_calendar_surveys.TestChatConversations" name="test_list_conversations_admin" time="0.458" /><testcase classname="backend.tests.test_iter222_chat_profile_calendar_surveys.TestChatConversations" name="test_list_conversations_member" time="0.386" /><testcase classname="backend.tests.test_iter222_chat_profile_calendar_surveys.TestChatConversations" name="test_list_chat_users" time="0.068" /><testcase classname="backend.tests.test_iter222_chat_profile_calendar_surveys.TestChatConversations" name="test_create_direct_message" time="0.084" /><testcase classname="backend.tests.test_iter222_chat_profile_calendar_surveys.TestChatConversations" name="test_create_group_chat" time="0.060" /><testcase classname="backend.tests.test_iter222_chat_profile_calendar_surveys.TestChatMessages" name="test_send_message" time="0.933" /><testcase classname="backend.tests.test_iter222_chat_profile_calendar_surveys.TestChatMessages" name="test_get_messages" time="0.107" /><testcase classname="backend.tests.test_iter222_chat_profile_calendar_surveys.TestChatMessages" name="test_edit_message" time="0.155" /><testcase classname="backend.tests.test_iter222_chat_profile_calendar_surveys.TestChatMessages" name="test_delete_message" time="0.161" /><testcase classname="backend.tests.test_iter222_chat_profile_calendar_surveys.TestChatMessages" name="test_add_reaction" time="0.173" /><testcase classname="backend.tests.test_iter222_chat_profile_calendar_surveys.TestChatFeatures" name="test_pin_conversation" time="0.839" /><testcase classname="backend.tests.test_iter222_chat_profile_calendar_surveys.TestChatFeatures" name="test_mute_conversation" time="0.118" /><testcase classname="backend.tests.test_iter222_chat_profile_calendar_surveys.TestChatFeatures" name="test_search_messages" time="0.096" /><testcase classname="backend.tests.test_iter222_chat_profile_calendar_surveys.TestChatFeatures" name="test_get_my_status" time="0.053" /><testcase classname="backend.tests.test_iter222_chat_profile_calendar_surveys.TestChatFeatures" name="test_read_status" time="0.100" /><testcase classname="backend.tests.test_iter222_chat_profile_calendar_surveys.TestProfile" name="test_get_profile" time="0.454" /><testcase classname="backend.tests.test_iter222_chat_profile_calendar_surveys.TestProfile" name="test_update_profile" time="0.052"><failure message="AssertionError: Failed: {&quot;detail&quot;:&quot;Method Not Allowed&quot;}&#10;assert 405 == 200&#10; +  where 405 = &lt;Response [405]&gt;.status_code">backend/tests/test_iter222_chat_profile_calendar_surveys.py:337: in test_update_profile
    assert response.status_code == 200, f"Failed: {response.text}"
E   AssertionError: Failed: {"detail":"Method Not Allowed"}
E   assert 405 == 200
E    +  where 405 = &lt;Response [405]&gt;.status_code</failure></testcase><testcase classname="backend.tests.test_iter222_chat_profile_calendar_surveys.TestProfile" name="test_update_auto_reply" time="0.051"><failure message="AssertionError: Failed: {&quot;detail&quot;:&quot;Method Not Allowed&quot;}&#10;assert 405 == 200&#10; +  where 405 = &lt;Response [405]&gt;.status_code">backend/tests/test_iter222_chat_profile_calendar_surveys.py:346: in test_update_auto_reply
    assert response.status_code == 200, f"Failed: {response.text}"
E   AssertionError: Failed: {"detail":"Method Not Allowed"}
E   assert 405 == 200
E    +  where 405 = &lt;Response [405]&gt;.status_code</failure></testcase><testcase classname="backend.tests.test_iter222_chat_profile_calendar_surveys.TestProfile" name="test_get_permissions" time="0.053"><failure message="AssertionError: Failed: {&quot;detail&quot;:&quot;Not Found&quot;}&#10;assert 404 == 200&#10; +  where 404 = &lt;Response [404]&gt;.status_code">backend/tests/test_iter222_chat_profile_calendar_surveys.py:352: in test_get_permissions
    assert response.status_code == 200, f"Failed: {response.text}"
E   AssertionError: Failed: {"detail":"Not Found"}
E   assert 404 == 200
E    +  where 404 = &lt;Response [404]&gt;.status_code</failure></testcase><testcase classname="backend.tests.test_iter222_chat_profile_calendar_surveys.TestProfile" name="test_email_preferences" time="0.065" /><testcase classname="backend.tests.test_iter222_chat_profile_calendar_surveys.TestProfile" name="test_notification_preferences" time="0.050" /><testcase classname="backend.tests.test_iter222_chat_profile_calendar_surveys.TestCalDAV" name="test_get_caldav_config" time="0.405"><failure message="AssertionError: Failed: {&quot;detail&quot;:&quot;Not Found&quot;}&#10;assert 404 == 200&#10; +  where 404 = &lt;Response [404]&gt;.status_code">backend/tests/test_iter222_chat_profile_calendar_surveys.py:380: in test_get_caldav_config
    assert response.status_code == 200, f"Failed: {response.text}"
E   AssertionError: Failed: {"detail":"Not Found"}
E   assert 404 == 200
E    +  where 404 = &lt;Response [404]&gt;.status_code</failure></testcase><testcase classname="backend.tests.test_iter222_chat_profile_calendar_surveys.TestCalDAV" name="test_save_caldav_config" time="0.056"><failure message="AssertionError: Failed: {&quot;detail&quot;:&quot;Not Found&quot;}&#10;assert 404 == 200&#10; +  where 404 = &lt;Response [404]&gt;.status_code">backend/tests/test_iter222_chat_profile_calendar_surveys.py:391: in test_save_caldav_config
    assert response.status_code == 200, f"Failed: {response.text}"
E   AssertionError: Failed: {"detail":"Not Found"}
E   assert 404 == 200
E    +  where 404 = &lt;Response [404]&gt;.status_code</failure></testcase><testcase classname="backend.tests.test_iter222_chat_profile_calendar_surveys.TestCalDAV" name="test_get_ical_feed" time="0.058"><failure message="AssertionError: Failed: {&quot;detail&quot;:&quot;Not Found&quot;}&#10;assert 404 == 200&#10; +  where 404 = &lt;Response [404]&gt;.status_code">backend/tests/test_iter222_chat_profile_calendar_surveys.py:397: in test_get_ical_feed
    assert response.status_code == 200, f"Failed: {response.text}"
E   AssertionError: Failed: {"detail":"Not Found"}
E   assert 404 == 200
E    +  where 404 = &lt;Response [404]&gt;.status_code</failure></testcase><testcase classname="backend.tests.test_iter222_chat_profile_calendar_surveys.TestCalDAV" name="test_regenerate_ical_feed" time="0.053"><failure message="AssertionError: Failed: {&quot;detail&quot;:&quot;Not Found&quot;}&#10;assert 404 == 200&#10; +  where 404 = &lt;Response [404]&gt;.status_code">backend/tests/test_iter222_chat_profile_calendar_surveys.py:405: in test_regenerate_ical_feed
    assert response.status_code == 200, f"Failed: {response.text}"
E   AssertionError: Failed: {"detail":"Not Found"}
E   assert 404 == 200
E    +  where 404 = &lt;Response [404]&gt;.status_code</failure></testcase><testcase classname="backend.tests.test_iter222_chat_profile_calendar_surveys.TestDSGVO" name="test_data_export" time="0.812"><failure message="AssertionError: No user data in export&#10;assert ('user' in {'_iter188': {'_meta': {'email': 'admin@meetflow.com', 'exported_at': '2026-05-16T17:38:25.359549+00:00', 'format_version': 1, 'notes': ['Diese Datei enthaelt alle personenbezogenen Daten, die MeetFlow zu Ihrem Konto speichert.', 'Passwoerter und 2FA-Geheimnisse sind aus Sicherheitsgruenden NICHT enthalten.', 'Anonyme Umfrage-Antworten erscheinen nicht (sind nicht Ihrer Identitaet zugeordnet).'], ...}, 'audit': {'auth_refresh_log': [{'ip': '10.79.131.93', 'ts': '2026-05-14T15:20:37.752000', 'ua': 'Mozilla/5.0 (iPhone; CPU iPhone OS 26_4_2 like Mac OS X) AppleWebKit/605.1.15 (KHTML, like Gecko) GSA/419.4.905781065 Mobile/15E148 Safari/604.1', 'user_id': 'user_6d5b8761ae5e'}, {'ip': '10.79.131.92', 'ts': '2026-05-11T11:55:12.319000', 'ua': 'Mozilla/5.0 (Windows NT 10.0; Win64; x64) AppleWebKit/537.36 (KHTML, like Gecko) Chrome/147.0.0.0 Safari/537.36 Edg/147.0.0.0', 'user_id': 'user_6d5b8761ae5e'}, {'ip': '10.79.131.93', 'ts': '2026-05-10T16:41:02.315000', 'ua': 'Mozilla/5.0 (iPhone; CPU iPhone OS 26_4_2 like Mac OS X) AppleWebKit/605.1.15 (KHTML, like Gecko) GSA/419.4.905781065 Mobile/15E148 Safari/604.1', 'user_id': 'user_6d5b8761ae5e'}, {'ip': '10.79.131.93', 'ts': '2026-05-07T1...ilfe', 'conversation_id': 'conv_28a25d3a74', 'created_at': '2026-04-16T14:34:20.069894+00:00', 'deleted': False, ...}, ...]}, ...}, 'action_items_assigned': [], 'audit_log_entries': [{'action': 'create_preset', 'actor_email': 'admin@meetflow.com', 'actor_id': 'user_6d5b8761ae5e', 'actor_name': 'Updated Admin Name', ...}, {'action': 'create_rule', 'actor_email': 'admin@meetflow.com', 'actor_id': 'user_6d5b8761ae5e', 'actor_name': 'Updated Admin Name', ...}, {'action': 'create_preset', 'actor_email': 'admin@meetflow.com', 'actor_id': 'user_6d5b8761ae5e', 'actor_name': 'Updated Admin Name', ...}, {'action': 'delete_preset', 'actor_email': 'admin@meetflow.com', 'actor_id': 'user_6d5b8761ae5e', 'actor_name': 'Updated Admin Name', ...}, {'action': 'create_preset', 'actor_email': 'admin@meetflow.com', 'actor_id': 'user_6d5b8761ae5e', 'actor_name': 'Updated Admin Name', ...}, {'action': 'update_preset', 'actor_email': 'admin@meetflow.com', 'actor_id': 'user_6d5b8761ae5e', 'actor_name': 'Updated Admin Name', ...}, ...], 'busy_slots': [{'created_at': '2026-04-18T14:47:37.268235+00:00', 'end': '2026-04-19T16:47:37.173646+00:00', 'slot_id': 'busy_3c703e87d7b9', 'source': 'manual', ...}], ...} or 'email' in {'_iter188': {'_meta': {'email': 'admin@meetflow.com', 'exported_at': '2026-05-16T17:38:25.359549+00:00', 'format_version': 1, 'notes': ['Diese Datei enthaelt alle personenbezogenen Daten, die MeetFlow zu Ihrem Konto speichert.', 'Passwoerter und 2FA-Geheimnisse sind aus Sicherheitsgruenden NICHT enthalten.', 'Anonyme Umfrage-Antworten erscheinen nicht (sind nicht Ihrer Identitaet zugeordnet).'], ...}, 'audit': {'auth_refresh_log': [{'ip': '10.79.131.93', 'ts': '2026-05-14T15:20:37.752000', 'ua': 'Mozilla/5.0 (iPhone; CPU iPhone OS 26_4_2 like Mac OS X) AppleWebKit/605.1.15 (KHTML, like Gecko) GSA/419.4.905781065 Mobile/15E148 Safari/604.1', 'user_id': 'user_6d5b8761ae5e'}, {'ip': '10.79.131.92', 'ts': '2026-05-11T11:55:12.319000', 'ua': 'Mozilla/5.0 (Windows NT 10.0; Win64; x64) AppleWebKit/537.36 (KHTML, like Gecko) Chrome/147.0.0.0 Safari/537.36 Edg/147.0.0.0', 'user_id': 'user_6d5b8761ae5e'}, {'ip': '10.79.131.93', 'ts': '2026-05-10T16:41:02.315000', 'ua': 'Mozilla/5.0 (iPhone; CPU iPhone OS 26_4_2 like Mac OS X) AppleWebKit/605.1.15 (KHTML, like Gecko) GSA/419.4.905781065 Mobile/15E148 Safari/604.1', 'user_id': 'user_6d5b8761ae5e'}, {'ip': '10.79.131.93', 'ts': '2026-05-07T1...ilfe', 'conversation_id': 'conv_28a25d3a74', 'created_at': '2026-04-16T14:34:20.069894+00:00', 'deleted': False, ...}, ...]}, ...}, 'action_items_assigned': [], 'audit_log_entries': [{'action': 'create_preset', 'actor_email': 'admin@meetflow.com', 'actor_id': 'user_6d5b8761ae5e', 'actor_name': 'Updated Admin Name', ...}, {'action': 'create_rule', 'actor_email': 'admin@meetflow.com', 'actor_id': 'user_6d5b8761ae5e', 'actor_name': 'Updated Admin Name', ...}, {'action': 'create_preset', 'actor_email': 'admin@meetflow.com', 'actor_id': 'user_6d5b8761ae5e', 'actor_name': 'Updated Admin Name', ...}, {'action': 'delete_preset', 'actor_email': 'admin@meetflow.com', 'actor_id': 'user_6d5b8761ae5e', 'actor_name': 'Updated Admin Name', ...}, {'action': 'create_preset', 'actor_email': 'admin@meetflow.com', 'actor_id': 'user_6d5b8761ae5e', 'actor_name': 'Updated Admin Name', ...}, {'action': 'update_preset', 'actor_email': 'admin@meetflow.com', 'actor_id': 'user_6d5b8761ae5e', 'actor_name': 'Updated Admin Name', ...}, ...], 'busy_slots': [{'created_at': '2026-04-18T14:47:37.268235+00:00', 'end': '2026-04-19T16:47:37.173646+00:00', 'slot_id': 'busy_3c703e87d7b9', 'source': 'manual', ...}], ...})">backend/tests/test_iter222_chat_profile_calendar_surveys.py:418: in test_data_export
    assert "user" in data or "email" in data, "No user data in export"
E   AssertionError: No user data in export
E   assert ('user' in {'_iter188': {'_meta': {'email': 'admin@meetflow.com', 'exported_at': '2026-05-16T17:38:25.359549+00:00', 'format_version': 1, 'notes': ['Diese Datei enthaelt alle personenbezogenen Daten, die MeetFlow zu Ihrem Konto speichert.', 'Passwoerter und 2FA-Geheimnisse sind aus Sicherheitsgruenden NICHT enthalten.', 'Anonyme Umfrage-Antworten erscheinen nicht (sind nicht Ihrer Identitaet zugeordnet).'], ...}, 'audit': {'auth_refresh_log': [{'ip': '10.79.131.93', 'ts': '2026-05-14T15:20:37.752000', 'ua': 'Mozilla/5.0 (iPhone; CPU iPhone OS 26_4_2 like Mac OS X) AppleWebKit/605.1.15 (KHTML, like Gecko) GSA/419.4.905781065 Mobile/15E148 Safari/604.1', 'user_id': 'user_6d5b8761ae5e'}, {'ip': '10.79.131.92', 'ts': '2026-05-11T11:55:12.319000', 'ua': 'Mozilla/5.0 (Windows NT 10.0; Win64; x64) AppleWebKit/537.36 (KHTML, like Gecko) Chrome/147.0.0.0 Safari/537.36 Edg/147.0.0.0', 'user_id': 'user_6d5b8761ae5e'}, {'ip': '10.79.131.93', 'ts': '2026-05-10T16:41:02.315000', 'ua': 'Mozilla/5.0 (iPhone; CPU iPhone OS 26_4_2 like Mac OS X) AppleWebKit/605.1.15 (KHTML, like Gecko) GSA/419.4.905781065 Mobile/15E148 Safari/604.1', 'user_id': 'user_6d5b8761ae5e'}, {'ip': '10.79.131.93', 'ts': '2026-05-07T1...ilfe', 'conversation_id': 'conv_28a25d3a74', 'created_at': '2026-04-16T14:34:20.069894+00:00', 'deleted': False, ...}, ...]}, ...}, 'action_items_assigned': [], 'audit_log_entries': [{'action': 'create_preset', 'actor_email': 'admin@meetflow.com', 'actor_id': 'user_6d5b8761ae5e', 'actor_name': 'Updated Admin Name', ...}, {'action': 'create_rule', 'actor_email': 'admin@meetflow.com', 'actor_id': 'user_6d5b8761ae5e', 'actor_name': 'Updated Admin Name', ...}, {'action': 'create_preset', 'actor_email': 'admin@meetflow.com', 'actor_id': 'user_6d5b8761ae5e', 'actor_name': 'Updated Admin Name', ...}, {'action': 'delete_preset', 'actor_email': 'admin@meetflow.com', 'actor_id': 'user_6d5b8761ae5e', 'actor_name': 'Updated Admin Name', ...}, {'action': 'create_preset', 'actor_email': 'admin@meetflow.com', 'actor_id': 'user_6d5b8761ae5e', 'actor_name': 'Updated Admin Name', ...}, {'action': 'update_preset', 'actor_email': 'admin@meetflow.com', 'actor_id': 'user_6d5b8761ae5e', 'actor_name': 'Updated Admin Name', ...}, ...], 'busy_slots': [{'created_at': '2026-04-18T14:47:37.268235+00:00', 'end': '2026-04-19T16:47:37.173646+00:00', 'slot_id': 'busy_3c703e87d7b9', 'source': 'manual', ...}], ...} or 'email' in {'_iter188': {'_meta': {'email': 'admin@meetflow.com', 'exported_at': '2026-05-16T17:38:25.359549+00:00', 'format_version': 1, 'notes': ['Diese Datei enthaelt alle personenbezogenen Daten, die MeetFlow zu Ihrem Konto speichert.', 'Passwoerter und 2FA-Geheimnisse sind aus Sicherheitsgruenden NICHT enthalten.', 'Anonyme Umfrage-Antworten erscheinen nicht (sind nicht Ihrer Identitaet zugeordnet).'], ...}, 'audit': {'auth_refresh_log': [{'ip': '10.79.131.93', 'ts': '2026-05-14T15:20:37.752000', 'ua': 'Mozilla/5.0 (iPhone; CPU iPhone OS 26_4_2 like Mac OS X) AppleWebKit/605.1.15 (KHTML, like Gecko) GSA/419.4.905781065 Mobile/15E148 Safari/604.1', 'user_id': 'user_6d5b8761ae5e'}, {'ip': '10.79.131.92', 'ts': '2026-05-11T11:55:12.319000', 'ua': 'Mozilla/5.0 (Windows NT 10.0; Win64; x64) AppleWebKit/537.36 (KHTML, like Gecko) Chrome/147.0.0.0 Safari/537.36 Edg/147.0.0.0', 'user_id': 'user_6d5b8761ae5e'}, {'ip': '10.79.131.93', 'ts': '2026-05-10T16:41:02.315000', 'ua': 'Mozilla/5.0 (iPhone; CPU iPhone OS 26_4_2 like Mac OS X) AppleWebKit/605.1.15 (KHTML, like Gecko) GSA/419.4.905781065 Mobile/15E148 Safari/604.1', 'user_id': 'user_6d5b8761ae5e'}, {'ip': '10.79.131.93', 'ts': '2026-05-07T1...ilfe', 'conversation_id': 'conv_28a25d3a74', 'created_at': '2026-04-16T14:34:20.069894+00:00', 'deleted': False, ...}, ...]}, ...}, 'action_items_assigned': [], 'audit_log_entries': [{'action': 'create_preset', 'actor_email': 'admin@meetflow.com', 'actor_id': 'user_6d5b8761ae5e', 'actor_name': 'Updated Admin Name', ...}, {'action': 'create_rule', 'actor_email': 'admin@meetflow.com', 'actor_id': 'user_6d5b8761ae5e', 'actor_name': 'Updated Admin Name', ...}, {'action': 'create_preset', 'actor_email': 'admin@meetflow.com', 'actor_id': 'user_6d5b8761ae5e', 'actor_name': 'Updated Admin Name', ...}, {'action': 'delete_preset', 'actor_email': 'admin@meetflow.com', 'actor_id': 'user_6d5b8761ae5e', 'actor_name': 'Updated Admin Name', ...}, {'action': 'create_preset', 'actor_email': 'admin@meetflow.com', 'actor_id': 'user_6d5b8761ae5e', 'actor_name': 'Updated Admin Name', ...}, {'action': 'update_preset', 'actor_email': 'admin@meetflow.com', 'actor_id': 'user_6d5b8761ae5e', 'actor_name': 'Updated Admin Name', ...}, ...], 'busy_slots': [{'created_at': '2026-04-18T14:47:37.268235+00:00', 'end': '2026-04-19T16:47:37.173646+00:00', 'slot_id': 'busy_3c703e87d7b9', 'source': 'manual', ...}], ...})</failure></testcase><testcase classname="backend.tests.test_iter222_chat_profile_calendar_surveys.TestCalendar" name="test_get_calendar_events" time="0.510" /><testcase classname="backend.tests.test_iter222_chat_profile_calendar_surveys.TestCalendar" name="test_get_caldav_events" time="0.051" /><testcase classname="backend.tests.test_iter222_chat_profile_calendar_surveys.TestCalendar" name="test_get_busy_slots" time="0.103" /><testcase classname="backend.tests.test_iter222_chat_profile_calendar_surveys.TestSurveys" name="test_list_surveys" time="0.444" /><testcase classname="backend.tests.test_iter222_chat_profile_calendar_surveys.TestSurveys" name="test_create_survey" time="0.781" /><testcase classname="backend.tests.test_iter222_chat_profile_calendar_surveys.TestSurveys" name="test_get_survey_detail" time="0.794" /><testcase classname="backend.tests.test_iter222_chat_profile_calendar_surveys.TestSurveys" name="test_surveys_pending_count" time="1.072" /><testcase classname="backend.tests.test_iter222_chat_profile_calendar_surveys.TestPulseChecks" name="test_list_pulse_checks" time="0.468" /><testcase classname="backend.tests.test_iter222_chat_profile_calendar_surveys.TestPulseChecks" name="test_create_pulse_check" time="0.747" /><testcase classname="backend.tests.test_iter222_chat_profile_calendar_surveys.TestFeedback" name="test_submit_feedback" time="0.396" /><testcase classname="backend.tests.test_iter222_chat_profile_calendar_surveys.TestFeedback" name="test_list_feedback_entries_admin" time="0.401" /><testcase classname="backend.tests.test_iter222_chat_profile_calendar_surveys.TestFeedback" name="test_list_feedback_entries_member_forbidden" time="0.049" /><testcase classname="backend.tests.test_iter222_chat_profile_calendar_surveys.TestFeedback" name="test_track_feedback" time="0.170" /><testcase classname="backend.tests.test_iter222_chat_profile_calendar_surveys.TestSurveyResponse" name="test_member_responds_to_survey" time="0.106"><error message="failed on setup with &quot;AssertionError: Admin login failed: {&quot;error&quot;:&quot;Rate limit exceeded: 10 per 1 minute&quot;}&#10;assert 429 == 200&#10; +  where 429 = &lt;Response [429]&gt;.status_code&quot;">backend/tests/test_iter222_chat_profile_calendar_surveys.py:61: in admin_session
    assert response.status_code == 200, f"Admin login failed: {response.text}"
E   AssertionError: Admin login failed: {"error":"Rate limit exceeded: 10 per 1 minute"}
E   assert 429 == 200
E    +  where 429 = &lt;Response [429]&gt;.status_code</error></testcase><testcase classname="backend.tests.test_iter222_chat_profile_calendar_surveys.TestSurveyResponse" name="test_get_survey_results" time="0.000"><error message="failed on setup with &quot;AssertionError: Admin login failed: {&quot;error&quot;:&quot;Rate limit exceeded: 10 per 1 minute&quot;}&#10;assert 429 == 200&#10; +  where 429 = &lt;Response [429]&gt;.status_code&quot;">backend/tests/test_iter222_chat_profile_calendar_surveys.py:61: in admin_session
    assert response.status_code == 200, f"Admin login failed: {response.text}"
E   AssertionError: Admin login failed: {"error":"Rate limit exceeded: 10 per 1 minute"}
E   assert 429 == 200
E    +  where 429 = &lt;Response [429]&gt;.status_code</error></testcase><testcase classname="backend.tests.test_iter222_chat_profile_calendar_surveys.TestInteractionStats" name="test_get_interaction_stats_admin" time="0.142"><error message="failed on setup with &quot;AssertionError: Admin login failed: {&quot;error&quot;:&quot;Rate limit exceeded: 10 per 1 minute&quot;}&#10;assert 429 == 200&#10; +  where 429 = &lt;Response [429]&gt;.status_code&quot;">backend/tests/test_iter222_chat_profile_calendar_surveys.py:61: in admin_session
    assert response.status_code == 200, f"Admin login failed: {response.text}"
E   AssertionError: Admin login failed: {"error":"Rate limit exceeded: 10 per 1 minute"}
E   assert 429 == 200
E    +  where 429 = &lt;Response [429]&gt;.status_code</error></testcase><testcase classname="backend.tests.test_iter222_chat_profile_calendar_surveys.TestInteractionStats" name="test_get_interaction_stats_member_forbidden" time="0.392" /><testcase classname="backend.tests.test_iter222_chat_profile_calendar_surveys.TestCrossRole" name="test_admin_dm_to_member_member_sees" time="0.968" /><testcase classname="backend.tests.test_iter222_chat_profile_calendar_surveys.TestCrossRole" name="test_admin_creates_survey_member_participates" time="0.851" /><testcase classname="backend.tests.test_iter222_chat_profile_calendar_surveys.TestCleanup" name="test_cleanup_test_surveys" time="0.526" /></testsuite></testsuites>