<?xml version="1.0" encoding="utf-8"?><testsuites name="pytest tests"><testsuite name="pytest" errors="0" failures="0" skipped="0" tests="12" time="7.484" timestamp="2026-04-18T22:25:54.547212+00:00" hostname="agent-env-d37d05be-fbf6-449d-a49e-4c6a0d92a48d"><testcase classname="backend.tests.test_iteration_113_prod_ops.TestHealthEndpoint" name="test_health_returns_ok" time="0.224" /><testcase classname="backend.tests.test_iteration_113_prod_ops.TestXRequestID" name="test_x_request_id_in_response" time="0.114" /><testcase classname="backend.tests.test_iteration_113_prod_ops.TestXRequestID" name="test_x_request_id_on_login" time="0.342" /><testcase classname="backend.tests.test_iteration_113_prod_ops.TestLoginFunctionality" name="test_admin_login_success" time="0.334" /><testcase classname="backend.tests.test_iteration_113_prod_ops.TestLoginFunctionality" name="test_login_invalid_credentials" time="0.358" /><testcase classname="backend.tests.test_iteration_113_prod_ops.TestRateLimiting" name="test_login_rate_limit_10_per_minute" time="1.283" /><testcase classname="backend.tests.test_iteration_113_prod_ops.TestRateLimiting" name="test_register_rate_limit_5_per_minute" time="2.133" /><testcase classname="backend.tests.test_iteration_113_prod_ops.TestRateLimiting" name="test_forgot_password_rate_limit_3_per_minute" time="0.588" /><testcase classname="backend.tests.test_iteration_113_prod_ops.TestETagCaching" name="test_branding_etag_header" time="0.466" /><testcase classname="backend.tests.test_iteration_113_prod_ops.TestETagCaching" name="test_branding_304_not_modified" time="0.545" /><testcase classname="backend.tests.test_iteration_113_prod_ops.TestConversationsN1Fix" name="test_conversations_returns_expected_fields" time="0.534" /><testcase classname="backend.tests.test_iteration_113_prod_ops.TestMessagesIndex" name="test_conversations_performance" time="0.474" /></testsuite></testsuites>