<?xml version="1.0" encoding="utf-8"?><testsuites name="pytest tests"><testsuite name="pytest" errors="0" failures="0" skipped="0" tests="10" time="10.764" timestamp="2026-05-24T11:59:01.532719+00:00" hostname="agent-env-d37d05be-fbf6-449d-a49e-4c6a0d92a48d"><testcase classname="backend.tests.test_iter246_catering_storno.TestCateringConfig" name="test_get_config_returns_defaults" time="0.457" /><testcase classname="backend.tests.test_iter246_catering_storno.TestCateringConfig" name="test_put_config_updates_values" time="0.151" /><testcase classname="backend.tests.test_iter246_catering_storno.TestCateringConfig" name="test_put_config_requires_admin" time="1.680" /><testcase classname="backend.tests.test_iter246_catering_storno.TestCateringConfig" name="test_put_config_validates_percent_range" time="0.046" /><testcase classname="backend.tests.test_iter246_catering_storno.TestCancelPreview" name="test_cancel_preview_free_tier" time="0.130" /><testcase classname="backend.tests.test_iter246_catering_storno.TestCancelPreview" name="test_cancel_preview_403_for_non_owner" time="0.105" /><testcase classname="backend.tests.test_iter246_catering_storno.TestCancelTransition" name="test_cancel_persists_fee_fields" time="1.385" /><testcase classname="backend.tests.test_iter246_catering_storno.TestCancelTransition" name="test_cancel_already_cancelled_returns_409" time="0.100" /><testcase classname="backend.tests.test_iter246_catering_storno.TestCancelTransition" name="test_cancel_completed_returns_409" time="0.096" /><testcase classname="backend.tests.test_iter246_catering_storno.TestTierCalculation" name="test_tier_calculation_via_seeded_requests" time="6.545" /></testsuite></testsuites>