<?xml version="1.0" encoding="utf-8"?><testsuites name="pytest tests"><testsuite name="pytest" errors="0" failures="0" skipped="0" tests="15" time="8.921" timestamp="2026-04-18T08:36:28.380394+00:00" hostname="agent-env-d37d05be-fbf6-449d-a49e-4c6a0d92a48d"><testcase classname="backend.tests.test_iteration_71_features.TestIteration71Features" name="test_editorial_calendar_returns_items" time="0.686" /><testcase classname="backend.tests.test_iteration_71_features.TestIteration71Features" name="test_editorial_calendar_respects_date_range" time="0.509" /><testcase classname="backend.tests.test_iteration_71_features.TestIteration71Features" name="test_editorial_calendar_returns_owner_info" time="0.539" /><testcase classname="backend.tests.test_iteration_71_features.TestIteration71Features" name="test_editorial_calendar_403_for_unauthorized" time="0.483" /><testcase classname="backend.tests.test_iteration_71_features.TestIteration71Features" name="test_send_invitations_endpoint_exists" time="0.881" /><testcase classname="backend.tests.test_iteration_71_features.TestIteration71Features" name="test_send_invitations_with_specific_emails" time="1.128" /><testcase classname="backend.tests.test_iteration_71_features.TestIteration71Features" name="test_send_invitations_no_recipients" time="0.523" /><testcase classname="backend.tests.test_iteration_71_features.TestIteration71Features" name="test_send_invitations_403_for_non_host" time="0.545" /><testcase classname="backend.tests.test_iteration_71_features.TestIteration71Features" name="test_meeting_creation_with_invited_emails_scheduled" time="0.499" /><testcase classname="backend.tests.test_iteration_71_features.TestIteration71Features" name="test_news_push_send_still_works" time="0.598" /><testcase classname="backend.tests.test_iteration_71_features.TestIteration71Features" name="test_regression_scheduled_publish" time="0.487" /><testcase classname="backend.tests.test_iteration_71_features.TestIteration71Features" name="test_regression_participant_count_instant" time="0.422" /><testcase classname="backend.tests.test_iteration_71_features.TestIteration71Features" name="test_regression_participant_count_scheduled" time="0.459" /><testcase classname="backend.tests.test_iteration_71_features.TestIteration71Features" name="test_regression_soft_cancel_series_occurrence" time="0.680" /><testcase classname="backend.tests.test_iteration_71_features.TestIteration71Features" name="test_regression_cleanup_endpoint" time="0.384" /></testsuite></testsuites>