<?xml version="1.0" encoding="utf-8"?><testsuites name="pytest tests"><testsuite name="pytest" errors="0" failures="0" skipped="0" tests="16" time="2.804" timestamp="2026-05-24T05:36:21.186514+00:00" hostname="agent-env-d37d05be-fbf6-449d-a49e-4c6a0d92a48d"><testcase classname="test_sprint7_comprehensive.TestUploadConfig" name="test_get_upload_config_returns_defaults" time="0.414" /><testcase classname="test_sprint7_comprehensive.TestUploadConfig" name="test_put_upload_config_persists" time="0.149" /><testcase classname="test_sprint7_comprehensive.TestUploadConfig" name="test_upload_config_rejects_invalid_size_below_1" time="0.048" /><testcase classname="test_sprint7_comprehensive.TestUploadConfig" name="test_upload_config_rejects_invalid_size_above_100" time="0.047" /><testcase classname="test_sprint7_comprehensive.TestUploadConfig" name="test_link_attachment_validates_mime_415" time="0.407" /><testcase classname="test_sprint7_comprehensive.TestUploadConfig" name="test_link_attachment_success_with_allowed_mime" time="0.318" /><testcase classname="test_sprint7_comprehensive.TestERPExport" name="test_erp_export_datev_format_headers" time="0.050" /><testcase classname="test_sprint7_comprehensive.TestERPExport" name="test_erp_export_generic_format_headers" time="0.047" /><testcase classname="test_sprint7_comprehensive.TestFloorplanCRUD" name="test_floorplan_crud_lifecycle" time="0.197" /><testcase classname="test_sprint7_comprehensive.TestFloorplanCRUD" name="test_floorplan_backdrop_rejects_non_image" time="0.145" /><testcase classname="test_sprint7_comprehensive.TestFloorplanCRUD" name="test_floorplan_backdrop_accepts_image" time="0.147" /><testcase classname="test_sprint7_comprehensive.TestVehicleFields" name="test_vehicle_fields_persisted" time="0.094" /><testcase classname="test_sprint7_comprehensive.TestVehicleFields" name="test_vehicle_update_drive_type" time="0.155" /><testcase classname="test_sprint7_comprehensive.TestVehicleFields" name="test_vehicle_rejects_invalid_drive_type" time="0.049" /><testcase classname="test_sprint7_comprehensive.TestSubUtilization" name="test_utilization_by_sub_for_split_room" time="0.292" /><testcase classname="test_sprint7_comprehensive.TestSubUtilization" name="test_utilization_by_sub_rejects_non_splitable" time="0.148" /></testsuite></testsuites>