<?xml version="1.0" encoding="utf-8"?><testsuites name="pytest tests"><testsuite name="pytest" errors="0" failures="0" skipped="3" tests="20" time="3.479" timestamp="2026-05-24T09:48:39.170026+00:00" hostname="agent-env-d37d05be-fbf6-449d-a49e-4c6a0d92a48d"><testcase classname="backend.tests.test_iter240_features.TestMemberPermissions" name="test_member_has_view_resources_cap" time="2.252" /><testcase classname="backend.tests.test_iter240_features.TestMemberPermissions" name="test_member_has_resources_book_cap" time="0.047" /><testcase classname="backend.tests.test_iter240_features.TestMemberPermissions" name="test_member_has_resources_book_with_approval_cap" time="0.055" /><testcase classname="backend.tests.test_iter240_features.TestMemberPermissions" name="test_member_does_not_have_resources_approve" time="0.048" /><testcase classname="backend.tests.test_iter240_features.TestMemberPermissions" name="test_member_does_not_have_resources_manage" time="0.047" /><testcase classname="backend.tests.test_iter240_features.TestMemberResourceAccess" name="test_member_can_get_rooms" time="0.087" /><testcase classname="backend.tests.test_iter240_features.TestMemberResourceAccess" name="test_member_can_get_desks" time="0.053" /><testcase classname="backend.tests.test_iter240_features.TestMemberResourceAccess" name="test_member_can_get_vehicles" time="0.056" /><testcase classname="backend.tests.test_iter240_features.TestFloorplanItemsEndpoint" name="test_floorplan_items_endpoint_exists" time="0.053" /><testcase classname="backend.tests.test_iter240_features.TestFloorplanItemsEndpoint" name="test_floorplan_items_with_type_room" time="0.048" /><testcase classname="backend.tests.test_iter240_features.TestFloorplanItemsEndpoint" name="test_floorplan_items_with_type_desk" time="0.049" /><testcase classname="backend.tests.test_iter240_features.TestFloorplanItemsEndpoint" name="test_floorplan_items_with_type_vehicle" time="0.048" /><testcase classname="backend.tests.test_iter240_features.TestFloorplanItemsEndpoint" name="test_floorplan_items_without_type_returns_all" time="0.047" /><testcase classname="backend.tests.test_iter240_features.TestFloorplanItemsEndpoint" name="test_floorplan_items_response_structure" time="0.049" /><testcase classname="backend.tests.test_iter240_features.TestFloorplanItemsEndpoint" name="test_legacy_floorplan_desks_still_works" time="0.047" /><testcase classname="backend.tests.test_iter240_features.TestChatConversations" name="test_create_direct_conversation" time="0.095"><skipped type="pytest.skip" message="Could not get users list">/app/backend/tests/test_iter240_features.py:230: Could not get users list</skipped></testcase><testcase classname="backend.tests.test_iter240_features.TestChatConversations" name="test_create_direct_conversation_idempotent" time="0.101"><skipped type="pytest.skip" message="Could not get users list">/app/backend/tests/test_iter240_features.py:264: Could not get users list</skipped></testcase><testcase classname="backend.tests.test_iter240_features.TestChatConversations" name="test_create_direct_conversation_reversed_members" time="0.088"><skipped type="pytest.skip" message="Could not get users list">/app/backend/tests/test_iter240_features.py:301: Could not get users list</skipped></testcase><testcase classname="backend.tests.test_iter240_features.TestModeratorPermissions" name="test_admin_has_moderator_caps" time="0.046" /><testcase classname="backend.tests.test_iter240_features.TestInOfficeWidgetRegression" name="test_in_office_endpoint_still_works" time="0.052" /></testsuite></testsuites>