<?xml version="1.0" encoding="utf-8"?><testsuites name="pytest tests"><testsuite name="pytest" errors="0" failures="5" skipped="0" tests="31" time="25.443" timestamp="2026-05-24T13:18:52.541450+00:00" hostname="agent-env-d37d05be-fbf6-449d-a49e-4c6a0d92a48d"><testcase classname="tests.test_iter251_tasks_audit.TestTasksCRUD" name="test_create_task_success" time="0.372" /><testcase classname="tests.test_iter251_tasks_audit.TestTasksCRUD" name="test_get_task_success" time="0.400" /><testcase classname="tests.test_iter251_tasks_audit.TestTasksCRUD" name="test_update_task_success" time="0.462" /><testcase classname="tests.test_iter251_tasks_audit.TestTasksCRUD" name="test_delete_task_success" time="0.398" /><testcase classname="tests.test_iter251_tasks_audit.TestTasksCRUD" name="test_list_tasks" time="0.285" /><testcase classname="tests.test_iter251_tasks_audit.TestTasksValidation" name="test_create_without_title_returns_400" time="0.294" /><testcase classname="tests.test_iter251_tasks_audit.TestTasksValidation" name="test_create_with_empty_title_returns_400" time="0.295" /><testcase classname="tests.test_iter251_tasks_audit.TestTasksValidation" name="test_get_nonexistent_task_returns_404" time="0.298" /><testcase classname="tests.test_iter251_tasks_audit.TestTasksValidation" name="test_invalid_priority_normalized" time="0.353" /><testcase classname="tests.test_iter251_tasks_audit.TestTasksValidation" name="test_invalid_status_transition_returns_400" time="0.399" /><testcase classname="tests.test_iter251_tasks_audit.TestTasksValidation" name="test_unauthenticated_request_returns_401" time="0.027" /><testcase classname="tests.test_iter251_tasks_audit.TestTasksComments" name="test_add_comment_success" time="0.447" /><testcase classname="tests.test_iter251_tasks_audit.TestTasksComments" name="test_add_empty_comment_returns_400" time="0.396" /><testcase classname="tests.test_iter251_tasks_audit.TestTasksAttachments" name="test_add_link_attachment" time="0.448" /><testcase classname="tests.test_iter251_tasks_audit.TestTasksHistory" name="test_history_records_changes" time="0.456" /><testcase classname="tests.test_iter251_tasks_audit.TestTasksRBAC" name="test_member_can_create_own_task" time="1.939" /><testcase classname="tests.test_iter251_tasks_audit.TestTasksRBAC" name="test_member_cannot_delete_others_task" time="1.834"><failure message="AssertionError: Login failed: {&quot;error&quot;:&quot;Rate limit exceeded: 10 per 1 minute&quot;}&#10;assert 429 == 200&#10; +  where 429 = &lt;Response [429 Too Many Requests]&gt;.status_code">tests/test_iter251_tasks_audit.py:391: in test_member_cannot_delete_others_task
    member_h = await register_and_login_member(c, email)
               ^^^^^^^^^^^^^^^^^^^^^^^^^^^^^^^^^^^^^^^^^
tests/test_iter251_tasks_audit.py:50: in register_and_login_member
    assert r.status_code == 200, f"Login failed: {r.text}"
E   AssertionError: Login failed: {"error":"Rate limit exceeded: 10 per 1 minute"}
E   assert 429 == 200
E    +  where 429 = &lt;Response [429 Too Many Requests]&gt;.status_code</failure></testcase><testcase classname="tests.test_iter251_tasks_audit.TestTasksRBAC" name="test_admin_can_see_all_tasks" time="0.285" /><testcase classname="tests.test_iter251_tasks_audit.TestTasksRBAC" name="test_member_sees_only_assigned_tasks" time="2.204" /><testcase classname="tests.test_iter251_tasks_audit.TestTasksRBAC" name="test_member_can_see_assigned_task" time="2.239" /><testcase classname="tests.test_iter251_tasks_audit.TestTasksLoad" name="test_50_concurrent_get_tasks" time="1.218" /><testcase classname="tests.test_iter251_tasks_audit.TestTasksLoad" name="test_50_concurrent_create_tasks" time="3.113" /><testcase classname="tests.test_iter251_tasks_audit.TestTasksLoad" name="test_50_concurrent_comments_same_task" time="0.028"><failure message="AssertionError: Admin login failed: {&quot;error&quot;:&quot;Rate limit exceeded: 10 per 1 minute&quot;}&#10;assert 429 == 200&#10; +  where 429 = &lt;Response [429 Too Many Requests]&gt;.status_code">tests/test_iter251_tasks_audit.py:526: in test_50_concurrent_comments_same_task
    admin_h = await login_admin(c)
              ^^^^^^^^^^^^^^^^^^^^
tests/test_iter251_tasks_audit.py:40: in login_admin
    assert r.status_code == 200, f"Admin login failed: {r.text}"
E   AssertionError: Admin login failed: {"error":"Rate limit exceeded: 10 per 1 minute"}
E   assert 429 == 200
E    +  where 429 = &lt;Response [429 Too Many Requests]&gt;.status_code</failure></testcase><testcase classname="tests.test_iter251_tasks_audit.TestTasksRaceCondition" name="test_50_concurrent_status_updates_same_task" time="0.774" /><testcase classname="tests.test_iter251_tasks_audit.TestTasksRaceCondition" name="test_50_concurrent_assignee_updates_same_task" time="0.027"><failure message="AssertionError: Admin login failed: {&quot;error&quot;:&quot;Rate limit exceeded: 10 per 1 minute&quot;}&#10;assert 429 == 200&#10; +  where 429 = &lt;Response [429 Too Many Requests]&gt;.status_code">tests/test_iter251_tasks_audit.py:625: in test_50_concurrent_assignee_updates_same_task
    admin_h = await login_admin(c)
              ^^^^^^^^^^^^^^^^^^^^
tests/test_iter251_tasks_audit.py:40: in login_admin
    assert r.status_code == 200, f"Admin login failed: {r.text}"
E   AssertionError: Admin login failed: {"error":"Rate limit exceeded: 10 per 1 minute"}
E   assert 429 == 200
E    +  where 429 = &lt;Response [429 Too Many Requests]&gt;.status_code</failure></testcase><testcase classname="tests.test_iter251_tasks_audit.TestRegressionIter248Iter250" name="test_health_check_4_workers" time="0.028" /><testcase classname="tests.test_iter251_tasks_audit.TestRegressionIter248Iter250" name="test_iter248_booking_race_regression" time="0.860" /><testcase classname="tests.test_iter251_tasks_audit.TestRegressionIter248Iter250" name="test_iter250_survey_race_regression" time="3.273" /><testcase classname="tests.test_iter251_tasks_audit.TestTasksFunctionalFlows" name="test_admin_creates_task_member_updates_status" time="1.544"><failure message="AssertionError: Login failed: {&quot;error&quot;:&quot;Rate limit exceeded: 10 per 1 minute&quot;}&#10;assert 429 == 200&#10; +  where 429 = &lt;Response [429 Too Many Requests]&gt;.status_code">tests/test_iter251_tasks_audit.py:734: in test_admin_creates_task_member_updates_status
    member_h = await register_and_login_member(c, email)
               ^^^^^^^^^^^^^^^^^^^^^^^^^^^^^^^^^^^^^^^^^
tests/test_iter251_tasks_audit.py:50: in register_and_login_member
    assert r.status_code == 200, f"Login failed: {r.text}"
E   AssertionError: Login failed: {"error":"Rate limit exceeded: 10 per 1 minute"}
E   assert 429 == 200
E    +  where 429 = &lt;Response [429 Too Many Requests]&gt;.status_code</failure></testcase><testcase classname="tests.test_iter251_tasks_audit.TestTasksFunctionalFlows" name="test_task_with_checklist" time="0.454" /><testcase classname="tests.test_iter251_tasks_audit.TestTasksFunctionalFlows" name="test_task_duplicate" time="0.056"><failure message="AssertionError: Admin login failed: {&quot;error&quot;:&quot;Rate limit exceeded: 10 per 1 minute&quot;}&#10;assert 429 == 200&#10; +  where 429 = &lt;Response [429 Too Many Requests]&gt;.status_code">tests/test_iter251_tasks_audit.py:817: in test_task_duplicate
    h = await login_admin(c)
        ^^^^^^^^^^^^^^^^^^^^
tests/test_iter251_tasks_audit.py:40: in login_admin
    assert r.status_code == 200, f"Admin login failed: {r.text}"
E   AssertionError: Admin login failed: {"error":"Rate limit exceeded: 10 per 1 minute"}
E   assert 429 == 200
E    +  where 429 = &lt;Response [429 Too Many Requests]&gt;.status_code</failure></testcase></testsuite></testsuites>