<?xml version="1.0" encoding="utf-8"?><testsuites name="pytest tests"><testsuite name="pytest" errors="0" failures="0" skipped="0" tests="48" time="7.674" timestamp="2026-05-24T12:39:59.944252+00:00" hostname="agent-env-d37d05be-fbf6-449d-a49e-4c6a0d92a48d"><testcase classname="backend.tests.test_iter249_news_dashboard_audit.TestNewsBasicHealth" name="test_news_feed_accessible" time="0.424" /><testcase classname="backend.tests.test_iter249_news_dashboard_audit.TestNewsBasicHealth" name="test_news_categories_list" time="0.044" /><testcase classname="backend.tests.test_iter249_news_dashboard_audit.TestNewsBasicHealth" name="test_news_unread_count" time="0.049" /><testcase classname="backend.tests.test_iter249_news_dashboard_audit.TestNewsBasicHealth" name="test_news_stats_admin_only" time="1.917" /><testcase classname="backend.tests.test_iter249_news_dashboard_audit.TestNewsCRUD" name="test_create_news_post_admin" time="0.142" /><testcase classname="backend.tests.test_iter249_news_dashboard_audit.TestNewsCRUD" name="test_create_news_member_forbidden" time="0.045" /><testcase classname="backend.tests.test_iter249_news_dashboard_audit.TestNewsCRUD" name="test_update_news_post" time="0.225" /><testcase classname="backend.tests.test_iter249_news_dashboard_audit.TestNewsCRUD" name="test_delete_news_post" time="0.137" /><testcase classname="backend.tests.test_iter249_news_dashboard_audit.TestNewsValidation" name="test_create_without_title_fails" time="0.043" /><testcase classname="backend.tests.test_iter249_news_dashboard_audit.TestNewsValidation" name="test_create_with_invalid_priority" time="0.047" /><testcase classname="backend.tests.test_iter249_news_dashboard_audit.TestNewsValidation" name="test_get_nonexistent_post_404" time="0.046" /><testcase classname="backend.tests.test_iter249_news_dashboard_audit.TestNewsValidation" name="test_comment_without_text_fails" time="0.140" /><testcase classname="backend.tests.test_iter249_news_dashboard_audit.TestNewsInteractions" name="test_read_confirmation" time="0.140" /><testcase classname="backend.tests.test_iter249_news_dashboard_audit.TestNewsInteractions" name="test_toggle_reaction" time="0.188" /><testcase classname="backend.tests.test_iter249_news_dashboard_audit.TestNewsInteractions" name="test_add_comment" time="0.182" /><testcase classname="backend.tests.test_iter249_news_dashboard_audit.TestNewsReports" name="test_report_content" time="0.231" /><testcase classname="backend.tests.test_iter249_news_dashboard_audit.TestNewsReports" name="test_pending_reports_count" time="0.088" /><testcase classname="backend.tests.test_iter249_news_dashboard_audit.TestNewsPush" name="test_vapid_public_key" time="0.047" /><testcase classname="backend.tests.test_iter249_news_dashboard_audit.TestNewsPush" name="test_push_status" time="0.045" /><testcase classname="backend.tests.test_iter249_news_dashboard_audit.TestNewsPush" name="test_push_notifications_list_admin" time="0.093" /><testcase classname="backend.tests.test_iter249_news_dashboard_audit.TestNewsQA" name="test_ask_question" time="0.181" /><testcase classname="backend.tests.test_iter249_news_dashboard_audit.TestDashboardBasicHealth" name="test_dashboard_stats" time="0.057" /><testcase classname="backend.tests.test_iter249_news_dashboard_audit.TestDashboardBasicHealth" name="test_dashboard_agenda" time="0.050" /><testcase classname="backend.tests.test_iter249_news_dashboard_audit.TestDashboardBasicHealth" name="test_notifications_list" time="0.048" /><testcase classname="backend.tests.test_iter249_news_dashboard_audit.TestDashboardBasicHealth" name="test_notifications_unread_count" time="0.048" /><testcase classname="backend.tests.test_iter249_news_dashboard_audit.TestUserStatus" name="test_get_my_status" time="0.045" /><testcase classname="backend.tests.test_iter249_news_dashboard_audit.TestUserStatus" name="test_set_status_online" time="0.045" /><testcase classname="backend.tests.test_iter249_news_dashboard_audit.TestUserStatus" name="test_set_status_dnd_with_until" time="0.090" /><testcase classname="backend.tests.test_iter249_news_dashboard_audit.TestUserStatus" name="test_invalid_status_rejected" time="0.045" /><testcase classname="backend.tests.test_iter249_news_dashboard_audit.TestInOfficeWidget" name="test_resources_in_office" time="0.047" /><testcase classname="backend.tests.test_iter249_news_dashboard_audit.TestInOfficeWidget" name="test_resources_office_week" time="0.048" /><testcase classname="backend.tests.test_iter249_news_dashboard_audit.TestRBACMemberRestrictions" name="test_member_cannot_create_news" time="0.042" /><testcase classname="backend.tests.test_iter249_news_dashboard_audit.TestRBACMemberRestrictions" name="test_member_cannot_view_reports" time="0.051" /><testcase classname="backend.tests.test_iter249_news_dashboard_audit.TestRBACMemberRestrictions" name="test_member_cannot_export_interactions" time="0.047" /><testcase classname="backend.tests.test_iter249_news_dashboard_audit.TestRBACMemberRestrictions" name="test_member_cannot_send_push" time="0.045" /><testcase classname="backend.tests.test_iter249_news_dashboard_audit.TestRBACMemberRestrictions" name="test_member_can_read_news" time="0.053" /><testcase classname="backend.tests.test_iter249_news_dashboard_audit.TestRBACMemberRestrictions" name="test_member_can_get_unread_count" time="0.047" /><testcase classname="backend.tests.test_iter249_news_dashboard_audit.TestUnauthenticatedAccess" name="test_news_feed_requires_auth" time="0.155" /><testcase classname="backend.tests.test_iter249_news_dashboard_audit.TestUnauthenticatedAccess" name="test_reactions_require_auth" time="0.135" /><testcase classname="backend.tests.test_iter249_news_dashboard_audit.TestUnauthenticatedAccess" name="test_dashboard_requires_auth" time="0.145" /><testcase classname="backend.tests.test_iter249_news_dashboard_audit.TestExports" name="test_interactions_csv_export" time="0.079" /><testcase classname="backend.tests.test_iter249_news_dashboard_audit.TestExports" name="test_interactions_pdf_export" time="0.267" /><testcase classname="backend.tests.test_iter249_news_dashboard_audit.TestLoadConcurrent" name="test_50_concurrent_get_news" time="0.308" /><testcase classname="backend.tests.test_iter249_news_dashboard_audit.TestLoadConcurrent" name="test_50_concurrent_create_news" time="0.327" /><testcase classname="backend.tests.test_iter249_news_dashboard_audit.TestLoadConcurrent" name="test_50_concurrent_read_confirm_same_post" time="0.136" /><testcase classname="backend.tests.test_iter249_news_dashboard_audit.TestLoadConcurrent" name="test_50_concurrent_reactions_toggle" time="0.221" /><testcase classname="backend.tests.test_iter249_news_dashboard_audit.TestLoadConcurrent" name="test_50_concurrent_comments" time="0.168" /><testcase classname="backend.tests.test_iter249_news_dashboard_audit.TestRegressionIter248" name="test_booking_race_condition" time="0.253" /></testsuite></testsuites>