<?xml version="1.0" encoding="utf-8"?><testsuites name="pytest tests"><testsuite name="pytest" errors="0" failures="0" skipped="0" tests="25" time="2.675" timestamp="2026-04-18T09:07:12.589503+00:00" hostname="agent-env-d37d05be-fbf6-449d-a49e-4c6a0d92a48d"><testcase classname="backend.tests.test_iteration_72_features.TestMeetingModeConfig" name="test_mode_config_endpoint_returns_mode_and_config" time="0.566" /><testcase classname="backend.tests.test_iteration_72_features.TestMeetingModeConfig" name="test_mode_config_standard_mode" time="0.134" /><testcase classname="backend.tests.test_iteration_72_features.TestMeetingModeConfig" name="test_mode_config_webinar_mode" time="0.145" /><testcase classname="backend.tests.test_iteration_72_features.TestMeetingModeConfig" name="test_mode_config_training_mode" time="0.136" /><testcase classname="backend.tests.test_iteration_72_features.TestMeetingModeConfig" name="test_mode_config_404_for_nonexistent_meeting" time="0.045" /><testcase classname="backend.tests.test_iteration_72_features.TestEditorialCalendarDragDrop" name="test_update_publish_at_changes_calendar_date" time="0.089" /><testcase classname="backend.tests.test_iteration_72_features.TestEditorialCalendarDragDrop" name="test_draft_to_scheduled_on_publish_at_set" time="0.137" /><testcase classname="backend.tests.test_iteration_72_features.TestEditorialCalendarDragDrop" name="test_editorial_calendar_returns_updated_post" time="0.092" /><testcase classname="backend.tests.test_iteration_72_features.TestServiceLayerExtraction" name="test_meetings_modes_service_via_endpoint" time="0.045" /><testcase classname="backend.tests.test_iteration_72_features.TestServiceLayerExtraction" name="test_auto_send_summary_email_trampoline_exists" time="0.188" /><testcase classname="backend.tests.test_iteration_72_features.TestRegressionIter70_71" name="test_news_scheduled_publish_coercion" time="0.138" /><testcase classname="backend.tests.test_iteration_72_features.TestRegressionIter70_71" name="test_participant_count_instant_meeting" time="0.091" /><testcase classname="backend.tests.test_iteration_72_features.TestRegressionIter70_71" name="test_participant_count_scheduled_meeting" time="0.090" /><testcase classname="backend.tests.test_iteration_72_features.TestRegressionIter70_71" name="test_soft_cancel_series_occurrence" time="0.180" /><testcase classname="backend.tests.test_iteration_72_features.TestRegressionIter70_71" name="test_editorial_calendar_endpoint_exists" time="0.049" /><testcase classname="backend.tests.test_iteration_72_features.TestRegressionIter70_71" name="test_ics_send_invitations_endpoint" time="0.135" /><testcase classname="backend.tests.test_iteration_72_features.TestRegressionIter70_71" name="test_news_push_send_endpoint" time="0.220" /><testcase classname="backend.tests.test_iteration_72_features.TestIOSWebRTCCodeReview" name="test_prejoin_page_has_media_permission_error_testid" time="0.000" /><testcase classname="backend.tests.test_iteration_72_features.TestIOSWebRTCCodeReview" name="test_ios_permission_hint_exists_in_code" time="0.000" /><testcase classname="backend.tests.test_iteration_72_features.TestIOSWebRTCCodeReview" name="test_retry_media_button_exists_in_code" time="0.000" /><testcase classname="backend.tests.test_iteration_72_features.TestIOSWebRTCCodeReview" name="test_ios_preflight_hint_exists_in_code" time="0.000" /><testcase classname="backend.tests.test_iteration_72_features.TestIOSWebRTCCodeReview" name="test_startmedia_fallback_logic_in_code" time="0.000" /><testcase classname="backend.tests.test_iteration_72_features.TestIOSWebRTCCodeReview" name="test_livemeeting_media_error_banner_in_code" time="0.000" /><testcase classname="backend.tests.test_iteration_72_features.TestIOSWebRTCCodeReview" name="test_remote_video_tap_to_play_in_code" time="0.000" /><testcase classname="backend.tests.test_iteration_72_features.TestIOSWebRTCCodeReview" name="test_videomirror_explicit_play_in_code" time="0.089" /></testsuite></testsuites>