<?xml version="1.0" encoding="utf-8"?><testsuites name="pytest tests"><testsuite name="pytest" errors="0" failures="0" skipped="0" tests="8" time="11.465" timestamp="2026-05-31T13:32:51.674934+00:00" hostname="agent-env-d37d05be-fbf6-449d-a49e-4c6a0d92a48d"><testcase classname="tests.test_iter289_role_override.TestRoleOverrideFeature" name="test_get_groups_returns_role_override_field" time="0.566" /><testcase classname="tests.test_iter289_role_override.TestRoleOverrideFeature" name="test_create_group_exact_guest_name_auto_sets_role_override" time="0.390" /><testcase classname="tests.test_iter289_role_override.TestRoleOverrideFeature" name="test_create_group_non_guest_name_no_role_override" time="0.454" /><testcase classname="tests.test_iter289_role_override.TestRoleOverrideFeature" name="test_update_group_role_override" time="0.660" /><testcase classname="tests.test_iter289_role_override.TestRoleOverrideFeature" name="test_member_in_guest_group_gets_only_guest_caps" time="2.643" /><testcase classname="tests.test_iter289_role_override.TestRoleOverrideFeature" name="test_admin_in_guest_group_downgrade_behavior" time="2.119" /><testcase classname="tests.test_iter289_role_override.TestRoleOverrideFeature" name="test_member_in_group_without_role_override_keeps_member_caps" time="2.174" /><testcase classname="tests.test_iter289_role_override.TestRoleOverrideFeature" name="test_user_in_multiple_groups_lowest_role_override_wins" time="2.362" /></testsuite></testsuites>