<?xml version="1.0" encoding="utf-8"?><testsuites name="pytest tests"><testsuite name="pytest" errors="0" failures="0" skipped="0" tests="25" time="14.052" timestamp="2026-05-24T14:02:20.348176+00:00" hostname="agent-env-d37d05be-fbf6-449d-a49e-4c6a0d92a48d"><testcase classname="tests.test_iter253_scheduling_audit.TestSchedulePollsCRUD" name="test_create_schedule_poll" time="0.766" /><testcase classname="tests.test_iter253_scheduling_audit.TestSchedulePollsCRUD" name="test_list_schedule_polls" time="0.120" /><testcase classname="tests.test_iter253_scheduling_audit.TestSchedulePollsCRUD" name="test_get_schedule_poll_detail" time="0.246" /><testcase classname="tests.test_iter253_scheduling_audit.TestSchedulePollsCRUD" name="test_delete_schedule_poll" time="0.241" /><testcase classname="tests.test_iter253_scheduling_audit.TestPublicPollVoting" name="test_public_poll_access" time="0.242" /><testcase classname="tests.test_iter253_scheduling_audit.TestPublicPollVoting" name="test_public_poll_vote" time="0.295" /><testcase classname="tests.test_iter253_scheduling_audit.TestPublicPollVoting" name="test_vote_update_same_voter" time="0.377" /><testcase classname="tests.test_iter253_scheduling_audit.TestPollConfirmation" name="test_confirm_poll_creates_meeting" time="0.275" /><testcase classname="tests.test_iter253_scheduling_audit.TestValidationErrors" name="test_create_poll_without_title" time="0.114" /><testcase classname="tests.test_iter253_scheduling_audit.TestValidationErrors" name="test_get_nonexistent_poll" time="0.109" /><testcase classname="tests.test_iter253_scheduling_audit.TestValidationErrors" name="test_unauthenticated_access" time="0.122" /><testcase classname="tests.test_iter253_scheduling_audit.TestExports" name="test_ics_export_confirmed_poll" time="0.313" /><testcase classname="tests.test_iter253_scheduling_audit.TestExports" name="test_csv_export" time="0.211" /><testcase classname="tests.test_iter253_scheduling_audit.TestGeneralPolls" name="test_create_general_poll" time="0.197" /><testcase classname="tests.test_iter253_scheduling_audit.TestGeneralPolls" name="test_general_poll_vote" time="0.235" /><testcase classname="tests.test_iter253_scheduling_audit.TestRBAC" name="test_member_can_create_own_poll" time="1.854" /><testcase classname="tests.test_iter253_scheduling_audit.TestRBAC" name="test_member_cannot_delete_others_poll" time="0.217" /><testcase classname="tests.test_iter253_scheduling_audit.TestLoadConcurrent" name="test_50_concurrent_get_polls" time="0.308" /><testcase classname="tests.test_iter253_scheduling_audit.TestLoadConcurrent" name="test_50_concurrent_create_polls" time="3.680" /><testcase classname="tests.test_iter253_scheduling_audit.TestLoadConcurrent" name="test_50_concurrent_votes_different_users" time="0.739" /><testcase classname="tests.test_iter253_scheduling_audit.TestRaceConditions" name="test_50_concurrent_votes_same_user_race" time="0.813" /><testcase classname="tests.test_iter253_scheduling_audit.TestBackgroundQueue" name="test_async_push_endpoint" time="0.516" /><testcase classname="tests.test_iter253_scheduling_audit.TestBackgroundQueue" name="test_async_office_days_generate" time="0.418" /><testcase classname="tests.test_iter253_scheduling_audit.TestBackgroundQueue" name="test_job_polling_endpoint" time="0.371" /><testcase classname="tests.test_iter253_scheduling_audit.TestRegression" name="test_news_reaction_race_regression" time="1.175" /></testsuite></testsuites>