<?xml version="1.0" encoding="utf-8"?><testsuites name="pytest tests"><testsuite name="pytest" errors="0" failures="0" skipped="0" tests="35" time="8.792" timestamp="2026-05-24T14:18:12.019064+00:00" hostname="agent-env-d37d05be-fbf6-449d-a49e-4c6a0d92a48d"><testcase classname="tests.test_iter254_chat_audit.TestConversationsCRUD" name="test_list_conversations" time="0.274" /><testcase classname="tests.test_iter254_chat_audit.TestConversationsCRUD" name="test_create_direct_conversation" time="2.090" /><testcase classname="tests.test_iter254_chat_audit.TestConversationsCRUD" name="test_create_group_conversation" time="2.081" /><testcase classname="tests.test_iter254_chat_audit.TestConversationsCRUD" name="test_get_conversation_detail" time="0.088" /><testcase classname="tests.test_iter254_chat_audit.TestConversationsCRUD" name="test_update_conversation_name" time="0.092" /><testcase classname="tests.test_iter254_chat_audit.TestConversationsCRUD" name="test_delete_conversation" time="0.133" /><testcase classname="tests.test_iter254_chat_audit.TestMessagesCRUD" name="test_send_message" time="0.094" /><testcase classname="tests.test_iter254_chat_audit.TestMessagesCRUD" name="test_send_message_empty_fails" time="0.088" /><testcase classname="tests.test_iter254_chat_audit.TestMessagesCRUD" name="test_get_messages" time="0.232" /><testcase classname="tests.test_iter254_chat_audit.TestMessagesCRUD" name="test_edit_own_message" time="0.137" /><testcase classname="tests.test_iter254_chat_audit.TestMessagesCRUD" name="test_edit_others_message_fails" time="0.136" /><testcase classname="tests.test_iter254_chat_audit.TestMessagesCRUD" name="test_delete_own_message" time="0.138" /><testcase classname="tests.test_iter254_chat_audit.TestMessagesCRUD" name="test_delete_others_message_fails_for_member" time="0.139" /><testcase classname="tests.test_iter254_chat_audit.TestReactions" name="test_toggle_reaction" time="0.185" /><testcase classname="tests.test_iter254_chat_audit.TestReactions" name="test_reaction_requires_membership" time="0.137" /><testcase classname="tests.test_iter254_chat_audit.TestReactions" name="test_reaction_empty_emoji_fails" time="0.135" /><testcase classname="tests.test_iter254_chat_audit.TestRBAC" name="test_member_can_create_conversation" time="0.046" /><testcase classname="tests.test_iter254_chat_audit.TestRBAC" name="test_member_can_create_group" time="0.091" /><testcase classname="tests.test_iter254_chat_audit.TestRBAC" name="test_non_member_cannot_access_conversation" time="0.089" /><testcase classname="tests.test_iter254_chat_audit.TestRBAC" name="test_non_member_cannot_read_messages" time="0.089" /><testcase classname="tests.test_iter254_chat_audit.TestRBAC" name="test_non_member_cannot_send_message" time="0.089" /><testcase classname="tests.test_iter254_chat_audit.TestRBAC" name="test_unauthenticated_request_fails" time="0.044" /><testcase classname="tests.test_iter254_chat_audit.TestValidation" name="test_send_to_nonexistent_conversation" time="0.045" /><testcase classname="tests.test_iter254_chat_audit.TestValidation" name="test_get_nonexistent_conversation" time="0.044" /><testcase classname="tests.test_iter254_chat_audit.TestValidation" name="test_react_to_nonexistent_message" time="0.045" /><testcase classname="tests.test_iter254_chat_audit.TestLoadConcurrent" name="test_50_concurrent_get_conversations" time="0.293" /><testcase classname="tests.test_iter254_chat_audit.TestLoadConcurrent" name="test_50_concurrent_send_messages_same_group" time="0.336" /><testcase classname="tests.test_iter254_chat_audit" name="test_chat_reaction_race_condition" time="0.780" /><testcase classname="tests.test_iter254_chat_audit.TestPresenceStatus" name="test_get_my_status" time="0.004" /><testcase classname="tests.test_iter254_chat_audit.TestPresenceStatus" name="test_set_my_status" time="0.088" /><testcase classname="tests.test_iter254_chat_audit.TestPresenceStatus" name="test_set_dnd_with_timer" time="0.090" /><testcase classname="tests.test_iter254_chat_audit.TestPresenceStatus" name="test_invalid_status_fails" time="0.044" /><testcase classname="tests.test_iter254_chat_audit.TestMembersManagement" name="test_add_member_to_group" time="0.093" /><testcase classname="tests.test_iter254_chat_audit.TestMembersManagement" name="test_remove_member_from_group" time="0.092" /><testcase classname="tests.test_iter254_chat_audit" name="test_websocket_documented_as_mocked" time="0.007" /></testsuite></testsuites>