<?xml version="1.0" encoding="utf-8"?><testsuites name="pytest tests"><testsuite name="pytest" errors="0" failures="0" skipped="0" tests="23" time="9.069" timestamp="2026-04-18T12:15:53.636585+00:00" hostname="agent-env-d37d05be-fbf6-449d-a49e-4c6a0d92a48d"><testcase classname="backend.tests.test_iteration_82_health_alerts.TestHealthAlertsConfigDefaults" name="test_config_requires_admin" time="0.388" /><testcase classname="backend.tests.test_iteration_82_health_alerts.TestHealthAlertsConfigDefaults" name="test_config_returns_defaults" time="0.426" /><testcase classname="backend.tests.test_iteration_82_health_alerts.TestHealthAlertsConfigPersist" name="test_config_update_persists" time="0.092" /><testcase classname="backend.tests.test_iteration_82_health_alerts.TestHealthAlertsConfigPersist" name="test_invalid_keys_ignored" time="0.048" /><testcase classname="backend.tests.test_iteration_82_health_alerts.TestHealthAlertsConfigPersist" name="test_restore_defaults" time="0.049" /><testcase classname="backend.tests.test_iteration_82_health_alerts.TestHealthAlertsRun" name="test_run_requires_admin" time="0.044" /><testcase classname="backend.tests.test_iteration_82_health_alerts.TestHealthAlertsRun" name="test_run_returns_correct_structure" time="1.575" /><testcase classname="backend.tests.test_iteration_82_health_alerts.TestHealthAlertsRun" name="test_run_bypasses_cooldown" time="1.966" /><testcase classname="backend.tests.test_iteration_82_health_alerts.TestHealthAlertsDisabled" name="test_disabled_skips_non_forced_run" time="1.087" /><testcase classname="backend.tests.test_iteration_82_health_alerts.TestHealthAlertsTest" name="test_test_requires_admin" time="0.046" /><testcase classname="backend.tests.test_iteration_82_health_alerts.TestHealthAlertsTest" name="test_test_returns_dispatch_info" time="0.519" /><testcase classname="backend.tests.test_iteration_82_health_alerts.TestHealthAlertsTest" name="test_test_with_specific_recipients" time="0.765" /><testcase classname="backend.tests.test_iteration_82_health_alerts.TestHealthAlertsHistory" name="test_history_requires_admin" time="0.043" /><testcase classname="backend.tests.test_iteration_82_health_alerts.TestHealthAlertsHistory" name="test_history_returns_items" time="0.045" /><testcase classname="backend.tests.test_iteration_82_health_alerts.TestHealthAlertsHistory" name="test_history_sorted_desc" time="0.052" /><testcase classname="backend.tests.test_iteration_82_health_alerts.TestMaintenanceWiring" name="test_health_alerts_check_in_maintenance" time="0.059" /><testcase classname="backend.tests.test_iteration_82_health_alerts.TestPushHelper" name="test_push_with_no_subscriptions" time="0.573" /><testcase classname="backend.tests.test_iteration_82_health_alerts.TestChannelFallback" name="test_push_only_no_crash" time="0.612" /><testcase classname="backend.tests.test_iteration_82_health_alerts.TestRegressionIteration81" name="test_health_dashboard_endpoint" time="0.058" /><testcase classname="backend.tests.test_iteration_82_health_alerts.TestRegressionIteration81" name="test_email_stats_structure" time="0.054" /><testcase classname="backend.tests.test_iteration_82_health_alerts.TestRegressionIteration78" name="test_admin_users_pagination" time="0.052" /><testcase classname="backend.tests.test_iteration_82_health_alerts.TestRegressionAuth" name="test_auth_login" time="0.354" /><testcase classname="backend.tests.test_iteration_82_health_alerts.TestRegressionAuth" name="test_auth_me" time="0.047" /></testsuite></testsuites>