<?xml version="1.0" encoding="utf-8"?><testsuites name="pytest tests"><testsuite name="pytest" errors="0" failures="0" skipped="5" tests="164" time="28.633" timestamp="2026-05-24T07:50:33.094687+00:00" hostname="agent-env-d37d05be-fbf6-449d-a49e-4c6a0d92a48d"><testcase classname="tests.test_resources_module" name="test_list_resources" time="0.431" /><testcase classname="tests.test_resources_module" name="test_create_booking_and_self_conflict" time="0.209" /><testcase classname="tests.test_resources_module" name="test_parent_child_conflict" time="0.052" /><testcase classname="tests.test_resources_module" name="test_sibling_does_not_conflict" time="0.056" /><testcase classname="tests.test_resources_module" name="test_catering_workflow" time="1.537" /><testcase classname="tests.test_resources_module" name="test_booking_validation" time="0.048" /><testcase classname="tests.test_resources_module" name="test_resource_404" time="0.048" /><testcase classname="tests.test_resources_module" name="test_check_conflicts_endpoint" time="0.053" /><testcase classname="tests.test_resources_module" name="test_unauthorised_without_cookie" time="0.119" /><testcase classname="tests.test_resources_module" name="test_catering_items_listing" time="0.100" /><testcase classname="tests.test_resources_presets" name="test_new_specialist_presets_exist" time="0.395" /><testcase classname="tests.test_resources_presets" name="test_nursing_lead_can_book" time="0.049" /><testcase classname="tests.test_resources_presets" name="test_department_head_can_approve_and_invoice" time="0.046" /><testcase classname="tests.test_resources_presets" name="test_catering_lead_processes_catering" time="0.049" /><testcase classname="tests.test_resources_presets" name="test_fleet_manager_manages_vehicles" time="0.049" /><testcase classname="tests.test_resources_presets" name="test_facility_manager_manages_rooms" time="0.046" /><testcase classname="tests.test_resources_presets" name="test_analytics_viewer_sees_resource_analytics" time="0.046" /><testcase classname="tests.test_resources_presets" name="test_catering_lead_full_cap_set" time="0.045" /><testcase classname="tests.test_resources_presets" name="test_fleet_manager_full_cap_set" time="0.046" /><testcase classname="tests.test_resources_sprint10" name="test_seed_demo_creates_resources" time="0.531" /><testcase classname="tests.test_resources_sprint10" name="test_seed_demo_idempotent" time="0.367" /><testcase classname="tests.test_resources_sprint10" name="test_occupancy_basic" time="0.249" /><testcase classname="tests.test_resources_sprint10" name="test_occupancy_rejects_huge_window" time="0.046" /><testcase classname="tests.test_resources_sprint10" name="test_occupancy_filters_by_type" time="0.052" /><testcase classname="tests.test_resources_sprint1_comprehensive.TestResourceListing" name="test_list_resources_returns_top_level_only" time="0.396" /><testcase classname="tests.test_resources_sprint1_comprehensive.TestResourceListing" name="test_list_resources_type_filter_room" time="0.070" /><testcase classname="tests.test_resources_sprint1_comprehensive.TestResourceListing" name="test_list_resources_type_filter_desk" time="0.050" /><testcase classname="tests.test_resources_sprint1_comprehensive.TestResourceListing" name="test_list_resources_type_filter_vehicle" time="0.050" /><testcase classname="tests.test_resources_sprint1_comprehensive.TestResourceDetail" name="test_splitable_room_returns_children" time="0.157" /><testcase classname="tests.test_resources_sprint1_comprehensive.TestResourceDetail" name="test_resource_404_for_nonexistent" time="0.048" /><testcase classname="tests.test_resources_sprint1_comprehensive.TestResourceCreation" name="test_create_simple_room" time="0.097" /><testcase classname="tests.test_resources_sprint1_comprehensive.TestResourceCreation" name="test_create_desk" time="0.099" /><testcase classname="tests.test_resources_sprint1_comprehensive.TestResourceCreation" name="test_create_vehicle" time="0.095" /><testcase classname="tests.test_resources_sprint1_comprehensive.TestResourceCreation" name="test_create_splitable_auto_creates_children" time="0.148" /><testcase classname="tests.test_resources_sprint1_comprehensive.TestResourceUpdate" name="test_update_resource_fields" time="0.148" /><testcase classname="tests.test_resources_sprint1_comprehensive.TestResourceDeletion" name="test_delete_blocked_with_open_bookings" time="0.250" /><testcase classname="tests.test_resources_sprint1_comprehensive.TestBookingCreation" name="test_create_booking_success" time="0.053" /><testcase classname="tests.test_resources_sprint1_comprehensive.TestBookingCreation" name="test_direct_overlap_returns_409" time="0.051" /><testcase classname="tests.test_resources_sprint1_comprehensive.TestParentChildConflict" name="test_child_booking_blocks_parent" time="0.057" /><testcase classname="tests.test_resources_sprint1_comprehensive.TestParentChildConflict" name="test_parent_booking_blocks_child" time="0.105" /><testcase classname="tests.test_resources_sprint1_comprehensive.TestSiblingBooking" name="test_sibling_booking_allowed" time="0.052" /><testcase classname="tests.test_resources_sprint1_comprehensive.TestCheckConflicts" name="test_check_conflicts_returns_conflicts" time="0.050" /><testcase classname="tests.test_resources_sprint1_comprehensive.TestCheckConflicts" name="test_check_conflicts_no_conflicts" time="0.052" /><testcase classname="tests.test_resources_sprint1_comprehensive.TestApprovalWorkflow" name="test_requires_approval_creates_pending" time="0.107" /><testcase classname="tests.test_resources_sprint1_comprehensive.TestApprovalWorkflow" name="test_approve_booking" time="0.104" /><testcase classname="tests.test_resources_sprint1_comprehensive.TestApprovalWorkflow" name="test_reject_booking" time="0.103" /><testcase classname="tests.test_resources_sprint1_comprehensive.TestCateringWorkflow" name="test_booking_with_catering_creates_request_and_task" time="0.122" /><testcase classname="tests.test_resources_sprint1_comprehensive.TestCateringTransition" name="test_transition_confirmed_mirrors_task" time="1.544" /><testcase classname="tests.test_resources_sprint1_comprehensive.TestCateringTransition" name="test_transition_completed_mirrors_task_done" time="1.400" /><testcase classname="tests.test_resources_sprint1_comprehensive.TestCateringItems" name="test_list_catering_items" time="0.052" /><testcase classname="tests.test_resources_sprint1_comprehensive.TestCateringItems" name="test_create_catering_item" time="0.047" /><testcase classname="tests.test_resources_sprint1_comprehensive.TestCateringItems" name="test_update_catering_item" time="0.096" /><testcase classname="tests.test_resources_sprint1_comprehensive.TestCateringItems" name="test_delete_catering_item" time="0.097" /><testcase classname="tests.test_resources_sprint1_comprehensive.TestCapabilityGates" name="test_member_without_view_resources_gets_403" time="0.047"><skipped type="pytest.skip" message="Could not create member user: 405 {&quot;detail&quot;:&quot;Method Not Allowed&quot;}">/app/backend/tests/test_resources_sprint1_comprehensive.py:738: Could not create member user: 405 {"detail":"Method Not Allowed"}</skipped></testcase><testcase classname="tests.test_resources_sprint1_comprehensive.TestCapabilityGates" name="test_member_without_resources_book_gets_403" time="0.000"><skipped type="pytest.skip" message="Could not create member user: 405 {&quot;detail&quot;:&quot;Method Not Allowed&quot;}">/app/backend/tests/test_resources_sprint1_comprehensive.py:743: Could not create member user: 405 {"detail":"Method Not Allowed"}</skipped></testcase><testcase classname="tests.test_resources_sprint1_comprehensive.TestCapabilityGates" name="test_unauthenticated_gets_401_or_403" time="0.125" /><testcase classname="tests.test_resources_sprint1_comprehensive.TestCancelCascade" name="test_cancel_booking_cascades_catering_and_task" time="0.337" /><testcase classname="tests.test_resources_sprint1_comprehensive.TestRegression" name="test_auth_login" time="0.047" /><testcase classname="tests.test_resources_sprint1_comprehensive.TestRegression" name="test_tasks_endpoint" time="0.084" /><testcase classname="tests.test_resources_sprint1_comprehensive.TestRegression" name="test_news_endpoint" time="0.059" /><testcase classname="tests.test_resources_sprint1_comprehensive.TestRegression" name="test_meetings_endpoint" time="0.049" /><testcase classname="tests.test_resources_sprint1_comprehensive.TestRegression" name="test_admin_users_endpoint" time="0.098" /><testcase classname="tests.test_resources_sprint1_comprehensive.TestRegression" name="test_health_endpoint" time="0.107" /><testcase classname="tests.test_resources_sprint1_comprehensive.TestEdgeCases" name="test_booking_end_before_start_rejected" time="0.052" /><testcase classname="tests.test_resources_sprint1_comprehensive.TestEdgeCases" name="test_booking_on_inactive_resource_rejected" time="0.143" /><testcase classname="tests.test_resources_sprint1_comprehensive.TestEdgeCases" name="test_list_bookings" time="0.176" /><testcase classname="tests.test_resources_sprint2_sprint3.TestResourceListing" name="test_list_rooms" time="0.423" /><testcase classname="tests.test_resources_sprint2_sprint3.TestResourceListing" name="test_list_desks" time="0.050" /><testcase classname="tests.test_resources_sprint2_sprint3.TestResourceListing" name="test_list_vehicles" time="0.049" /><testcase classname="tests.test_resources_sprint2_sprint3.TestSplitableRooms" name="test_splitable_room_has_children" time="0.111" /><testcase classname="tests.test_resources_sprint2_sprint3.TestBookingConflicts" name="test_check_conflicts_no_overlap" time="0.123" /><testcase classname="tests.test_resources_sprint2_sprint3.TestCateringItems" name="test_list_catering_items" time="0.049" /><testcase classname="tests.test_resources_sprint2_sprint3.TestCateringItems" name="test_create_catering_item" time="0.050" /><testcase classname="tests.test_resources_sprint2_sprint3.TestMyBookings" name="test_list_my_bookings" time="0.099" /><testcase classname="tests.test_resources_sprint2_sprint3.TestApprovalsPendingCount" name="test_pending_count_returns_count" time="0.050" /><testcase classname="tests.test_resources_sprint2_sprint3.TestDashboardOverview" name="test_dashboard_overview_structure" time="0.063" /><testcase classname="tests.test_resources_sprint2_sprint3.TestInvoice" name="test_invoice_for_catering_booking" time="0.135" /><testcase classname="tests.test_resources_sprint2_sprint3.TestInvoice" name="test_invoice_404_for_unknown" time="0.051" /><testcase classname="tests.test_resources_sprint2_sprint3.TestApprovalWorkflow" name="test_list_pending_approvals" time="0.052" /><testcase classname="tests.test_resources_sprint2_sprint3.TestPermissionGating" name="test_member_cannot_access_resources" time="0.378" /><testcase classname="tests.test_resources_sprint2_sprint3.TestPermissionGating" name="test_member_permissions_exclude_resources" time="0.048" /><testcase classname="tests.test_resources_sprint2_sprint3.TestPermissionGating" name="test_unauthenticated_cannot_access_resources" time="0.101" /><testcase classname="tests.test_resources_sprint2_sprint3.TestRegression" name="test_auth_login" time="0.047" /><testcase classname="tests.test_resources_sprint2_sprint3.TestRegression" name="test_tasks_endpoint" time="0.077" /><testcase classname="tests.test_resources_sprint2_sprint3.TestRegression" name="test_news_endpoint" time="0.049" /><testcase classname="tests.test_resources_sprint2_sprint3.TestRegression" name="test_meetings_endpoint" time="0.051" /><testcase classname="tests.test_resources_sprint2_sprint3.TestRegression" name="test_calendar_events" time="0.129" /><testcase classname="tests.test_resources_sprint2_sprint3.TestRegression" name="test_health_endpoint" time="0.107" /><testcase classname="tests.test_resources_sprint3" name="test_approvals_pending_count" time="0.383" /><testcase classname="tests.test_resources_sprint3" name="test_dashboard_overview" time="0.061" /><testcase classname="tests.test_resources_sprint3" name="test_invoice_for_catering_booking" time="0.131" /><testcase classname="tests.test_resources_sprint3" name="test_invoice_404_unknown" time="0.050" /><testcase classname="tests.test_resources_sprint4" name="test_buffer_time_enforces_conflict" time="0.537" /><testcase classname="tests.test_resources_sprint4" name="test_ics_export" time="0.130" /><testcase classname="tests.test_resources_sprint4" name="test_csv_export" time="0.087" /><testcase classname="tests.test_resources_sprint4" name="test_catering_csv_export" time="0.053" /><testcase classname="tests.test_resources_sprint4" name="test_qr_code" time="0.059" /><testcase classname="tests.test_resources_sprint4" name="test_resource_calendar" time="0.050" /><testcase classname="tests.test_resources_sprint4" name="test_check_in_out_flow" time="0.155" /><testcase classname="tests.test_resources_sprint4" name="test_series_booking" time="0.064" /><testcase classname="tests.test_resources_sprint4" name="test_damage_report" time="0.138" /><testcase classname="tests.test_resources_sprint4" name="test_catering_re_request_on_time_change" time="0.193"><skipped type="pytest.skip" message="no catering booking with valid resource">/app/backend/tests/test_resources_sprint4.py:156: no catering booking with valid resource</skipped></testcase><testcase classname="tests.test_resources_sprint4_comprehensive.TestCateringAttachments" name="test_booking_with_catering_attachments" time="0.580" /><testcase classname="tests.test_resources_sprint4_comprehensive.TestCateringNotifications" name="test_catering_status_transition_creates_notification" time="1.406" /><testcase classname="tests.test_resources_sprint4_comprehensive.TestBufferTimeEnforcement" name="test_buffer_blocks_adjacent_booking" time="0.249" /><testcase classname="tests.test_resources_sprint4_comprehensive.TestAllowedCombinations" name="test_allowed_combinations_enforcement" time="0.233" /><testcase classname="tests.test_resources_sprint4_comprehensive.TestCSVExports" name="test_bookings_csv_export" time="0.077" /><testcase classname="tests.test_resources_sprint4_comprehensive.TestCSVExports" name="test_catering_csv_export" time="0.052" /><testcase classname="tests.test_resources_sprint4_comprehensive.TestICSExport" name="test_ics_export_format" time="0.128" /><testcase classname="tests.test_resources_sprint4_comprehensive.TestAutoTaskAssignment" name="test_catering_task_has_assignees" time="0.134"><skipped type="pytest.skip" message="Task not found">/app/backend/tests/test_resources_sprint4_comprehensive.py:267: Task not found</skipped></testcase><testcase classname="tests.test_resources_sprint4_comprehensive.TestResourceCalendar" name="test_resource_calendar_endpoint" time="0.109" /><testcase classname="tests.test_resources_sprint4_comprehensive.TestPhotoQR" name="test_qr_code_generation" time="0.118" /><testcase classname="tests.test_resources_sprint4_comprehensive.TestPhotoQR" name="test_image_upload_endpoint" time="0.118" /><testcase classname="tests.test_resources_sprint4_comprehensive.TestDamageReport" name="test_damage_report_creation" time="0.130" /><testcase classname="tests.test_resources_sprint4_comprehensive.TestDamageReport" name="test_damage_reports_listing" time="0.129" /><testcase classname="tests.test_resources_sprint4_comprehensive.TestMaintenance" name="test_maintenance_update" time="0.096" /><testcase classname="tests.test_resources_sprint4_comprehensive.TestCheckInOut" name="test_check_in_out_flow" time="0.249" /><testcase classname="tests.test_resources_sprint4_comprehensive.TestCheckInOut" name="test_vehicle_checkout_updates_mileage" time="0.208" /><testcase classname="tests.test_resources_sprint4_comprehensive.TestSeriesBookings" name="test_series_booking_creation" time="0.364" /><testcase classname="tests.test_resources_sprint4_comprehensive.TestSeriesBookings" name="test_series_booking_skips_conflicts" time="0.159" /><testcase classname="tests.test_resources_sprint5" name="test_pdf_invoice" time="0.562" /><testcase classname="tests.test_resources_sprint5" name="test_aggregate_invoice_json" time="0.058" /><testcase classname="tests.test_resources_sprint5" name="test_aggregate_invoice_pdf" time="0.056" /><testcase classname="tests.test_resources_sprint5" name="test_aggregate_filtered_by_cost_center" time="0.054" /><testcase classname="tests.test_resources_sprint5" name="test_floorplan_position" time="0.057" /><testcase classname="tests.test_resources_sprint5" name="test_floorplan_position_validation" time="0.049" /><testcase classname="tests.test_resources_sprint5" name="test_floorplan_desks_listing" time="0.054" /><testcase classname="tests.test_resources_sprint5" name="test_email_templates_module_loads" time="0.002" /><testcase classname="tests.test_resources_sprint6" name="test_combo_booking_success" time="0.548" /><testcase classname="tests.test_resources_sprint6" name="test_combo_booking_validates_whitelist" time="0.176" /><testcase classname="tests.test_resources_sprint6" name="test_blackout_creates_and_blocks" time="0.177" /><testcase classname="tests.test_resources_sprint6" name="test_cost_center_listing" time="0.056" /><testcase classname="tests.test_resources_sprint6" name="test_accounts_listing" time="0.057" /><testcase classname="tests.test_resources_sprint6" name="test_xlsx_export" time="0.253" /><testcase classname="tests.test_resources_sprint6" name="test_invoice_approval" time="0.181" /><testcase classname="tests.test_resources_sprint6" name="test_favorite_desks" time="0.170" /><testcase classname="tests.test_resources_sprint6" name="test_driving_log" time="0.060" /><testcase classname="tests.test_resources_sprint6" name="test_driver_license_self" time="0.059"><skipped type="pytest.skip" message="users/me missing">/app/backend/tests/test_resources_sprint6.py:147: users/me missing</skipped></testcase><testcase classname="tests.test_resources_sprint6" name="test_no_show_analytics" time="0.060" /><testcase classname="tests.test_resources_sprint6" name="test_department_analytics" time="0.057" /><testcase classname="tests.test_resources_sprint6" name="test_rejection_reasons" time="0.055" /><testcase classname="tests.test_resources_sprint6" name="test_outlook_auth_url_unconfigured" time="0.057" /><testcase classname="tests.test_resources_sprint6" name="test_attachment_removal" time="0.208" /><testcase classname="tests.test_resources_sprint7" name="test_upload_config_default" time="0.391" /><testcase classname="tests.test_resources_sprint7" name="test_upload_config_update_and_persist" time="0.185" /><testcase classname="tests.test_resources_sprint7" name="test_upload_config_rejects_invalid_size" time="0.054" /><testcase classname="tests.test_resources_sprint7" name="test_link_catering_attachment_validates_mime" time="0.505" /><testcase classname="tests.test_resources_sprint7" name="test_link_catering_attachment_success" time="0.228" /><testcase classname="tests.test_resources_sprint7" name="test_erp_export_csv_datev_format" time="0.055" /><testcase classname="tests.test_resources_sprint7" name="test_erp_export_csv_generic_format" time="0.056" /><testcase classname="tests.test_resources_sprint7" name="test_floorplan_metadata_crud" time="0.212" /><testcase classname="tests.test_resources_sprint7" name="test_floorplan_backdrop_requires_image_mime" time="0.157" /><testcase classname="tests.test_resources_sprint7" name="test_floorplan_backdrop_image_ok" time="0.160" /><testcase classname="tests.test_resources_sprint7" name="test_vehicle_fields_persisted" time="0.164" /><testcase classname="tests.test_resources_sprint7" name="test_vehicle_rejects_invalid_drive_type" time="0.146" /><testcase classname="tests.test_resources_sprint7" name="test_utilization_by_sub_for_split_room" time="0.324" /><testcase classname="tests.test_resources_sprint7" name="test_utilization_by_sub_rejects_non_splitable" time="0.164" /><testcase classname="tests.test_resources_sprint8" name="test_suggest_slots_empty_schedule" time="0.508" /><testcase classname="tests.test_resources_sprint8" name="test_suggest_slots_skips_conflicts" time="0.281" /><testcase classname="tests.test_resources_sprint8" name="test_suggest_slots_rejects_bad_duration" time="0.057" /><testcase classname="tests.test_resources_sprint8" name="test_availability_snapshot_basic" time="0.054" /><testcase classname="tests.test_resources_sprint8" name="test_availability_snapshot_marks_busy" time="0.276" /><testcase classname="tests.test_resources_sprint9" name="test_driver_license_get_returns_defaults" time="0.501" /><testcase classname="tests.test_resources_sprint9" name="test_driver_license_get_returns_set_data" time="0.161" /></testsuite></testsuites>