<?xml version="1.0" encoding="utf-8"?><testsuites name="pytest tests"><testsuite name="pytest" errors="0" failures="0" skipped="0" tests="33" time="4.976" timestamp="2026-05-24T22:03:03.657387+00:00" hostname="agent-env-d37d05be-fbf6-449d-a49e-4c6a0d92a48d"><testcase classname="backend.tests.test_iter263_notification_center.TestRBACTokenless" name="test_notifications_no_token" time="0.271" /><testcase classname="backend.tests.test_iter263_notification_center.TestRBACTokenless" name="test_notifications_categories_no_token" time="0.120" /><testcase classname="backend.tests.test_iter263_notification_center.TestRBACTokenless" name="test_notifications_unread_count_no_token" time="0.111" /><testcase classname="backend.tests.test_iter263_notification_center.TestNotificationsBackwardCompat" name="test_notifications_basic" time="0.544" /><testcase classname="backend.tests.test_iter263_notification_center.TestNotificationsBackwardCompat" name="test_notifications_with_since_days" time="0.129" /><testcase classname="backend.tests.test_iter263_notification_center.TestNotificationsBackwardCompat" name="test_notifications_with_only_unread" time="0.124" /><testcase classname="backend.tests.test_iter263_notification_center.TestNotificationsCategoriesEndpoint" name="test_categories_endpoint_exists" time="0.120" /><testcase classname="backend.tests.test_iter263_notification_center.TestNotificationsCategoriesEndpoint" name="test_categories_has_all_keys" time="0.105" /><testcase classname="backend.tests.test_iter263_notification_center.TestNotificationsCategoriesEndpoint" name="test_categories_values_are_integers" time="0.107" /><testcase classname="backend.tests.test_iter263_notification_center.TestNotificationsCategoryFilter" name="test_filter_category_chat" time="0.111" /><testcase classname="backend.tests.test_iter263_notification_center.TestNotificationsCategoryFilter" name="test_filter_category_news" time="0.134" /><testcase classname="backend.tests.test_iter263_notification_center.TestNotificationsCategoryFilter" name="test_filter_category_tasks" time="0.112" /><testcase classname="backend.tests.test_iter263_notification_center.TestNotificationsCategoryFilter" name="test_filter_category_meetings" time="0.106" /><testcase classname="backend.tests.test_iter263_notification_center.TestNotificationsCategoryFilter" name="test_filter_category_bookings" time="0.145" /><testcase classname="backend.tests.test_iter263_notification_center.TestNotificationsCategoryFilter" name="test_filter_category_surveys" time="0.126" /><testcase classname="backend.tests.test_iter263_notification_center.TestNotificationsCategoryFilter" name="test_filter_category_system" time="0.118" /><testcase classname="backend.tests.test_iter263_notification_center.TestNotificationsCategoryFilter" name="test_filter_category_invalid" time="0.104" /><testcase classname="backend.tests.test_iter263_notification_center.TestNotificationsEnrichment" name="test_notifications_have_category_field" time="0.106" /><testcase classname="backend.tests.test_iter263_notification_center.TestNotificationsEnrichment" name="test_notifications_have_link_target_field" time="0.115" /><testcase classname="backend.tests.test_iter263_notification_center.TestNotificationsEnrichment" name="test_notifications_have_notification_id" time="0.119" /><testcase classname="backend.tests.test_iter263_notification_center.TestRegression12Modules" name="test_auth_me" time="0.141" /><testcase classname="backend.tests.test_iter263_notification_center.TestRegression12Modules" name="test_tasks" time="0.167" /><testcase classname="backend.tests.test_iter263_notification_center.TestRegression12Modules" name="test_calendar" time="0.214" /><testcase classname="backend.tests.test_iter263_notification_center.TestRegression12Modules" name="test_news" time="0.176" /><testcase classname="backend.tests.test_iter263_notification_center.TestRegression12Modules" name="test_resources" time="0.136" /><testcase classname="backend.tests.test_iter263_notification_center.TestRegression12Modules" name="test_chat" time="0.129" /><testcase classname="backend.tests.test_iter263_notification_center.TestRegression12Modules" name="test_admin" time="0.172" /><testcase classname="backend.tests.test_iter263_notification_center.TestRegression12Modules" name="test_surveys" time="0.115" /><testcase classname="backend.tests.test_iter263_notification_center.TestRegression12Modules" name="test_meetings" time="0.107" /><testcase classname="backend.tests.test_iter263_notification_center.TestRegression12Modules" name="test_notifications" time="0.129" /><testcase classname="backend.tests.test_iter263_notification_center.TestRegression12Modules" name="test_dashboard" time="0.131" /><testcase classname="backend.tests.test_iter263_notification_center.TestRegression12Modules" name="test_scheduling" time="0.115" /><testcase classname="backend.tests.test_iter263_notification_center.TestDeepLinkResolution" name="test_link_target_defaults" time="0.120" /></testsuite></testsuites>