<?xml version="1.0" encoding="utf-8"?><testsuites name="pytest tests"><testsuite name="pytest" errors="0" failures="1" skipped="0" tests="25" time="11.008" timestamp="2026-05-31T16:29:21.654720+00:00" hostname="agent-env-d37d05be-fbf6-449d-a49e-4c6a0d92a48d"><testcase classname="backend.tests.test_iter292_drivers_license_storage.TestStorageEndpoints" name="test_storage_health_returns_available" time="0.587" /><testcase classname="backend.tests.test_iter292_drivers_license_storage.TestStorageEndpoints" name="test_storage_health_requires_admin" time="1.627" /><testcase classname="backend.tests.test_iter292_drivers_license_storage.TestStorageEndpoints" name="test_storage_test_roundtrip" time="0.311" /><testcase classname="backend.tests.test_iter292_drivers_license_storage.TestStorageEndpoints" name="test_storage_test_requires_admin" time="0.110" /><testcase classname="backend.tests.test_iter292_drivers_license_storage.TestDriversLicenseSelfService" name="test_create_standard_license" time="0.173" /><testcase classname="backend.tests.test_iter292_drivers_license_storage.TestDriversLicenseSelfService" name="test_create_custom_license" time="0.156" /><testcase classname="backend.tests.test_iter292_drivers_license_storage.TestDriversLicenseSelfService" name="test_create_custom_license_empty_label_fails" time="0.096" /><testcase classname="backend.tests.test_iter292_drivers_license_storage.TestDriversLicenseSelfService" name="test_create_unknown_standard_class_fails" time="0.103" /><testcase classname="backend.tests.test_iter292_drivers_license_storage.TestDriversLicenseSelfService" name="test_list_my_licenses" time="0.220" /><testcase classname="backend.tests.test_iter292_drivers_license_storage.TestDriversLicenseSelfService" name="test_update_license" time="0.217" /><testcase classname="backend.tests.test_iter292_drivers_license_storage.TestDriversLicenseSelfService" name="test_delete_license" time="0.218" /><testcase classname="backend.tests.test_iter292_drivers_license_storage.TestDriversLicensePhotoUpload" name="test_upload_front_photo" time="0.328" /><testcase classname="backend.tests.test_iter292_drivers_license_storage.TestDriversLicensePhotoUpload" name="test_upload_back_photo" time="0.364" /><testcase classname="backend.tests.test_iter292_drivers_license_storage.TestDriversLicensePhotoUpload" name="test_upload_invalid_mime_type_fails" time="0.232" /><testcase classname="backend.tests.test_iter292_drivers_license_storage.TestDriversLicensePhotoUpload" name="test_get_photo_after_upload" time="0.509" /><testcase classname="backend.tests.test_iter292_drivers_license_storage.TestDriversLicensePhotoUpload" name="test_get_photo_not_uploaded_returns_404" time="0.267" /><testcase classname="backend.tests.test_iter292_drivers_license_storage.TestAdminDriversLicenseAccess" name="test_admin_can_view_other_user_licenses" time="2.167"><failure message="AssertionError: Admin view other licenses failed: {&quot;detail&quot;:&quot;Nutzer nicht gefunden&quot;}&#10;assert 404 == 200&#10; +  where 404 = &lt;Response [404]&gt;.status_code">backend/tests/test_iter292_drivers_license_storage.py:429: in test_admin_can_view_other_user_licenses
    assert resp.status_code == 200, f"Admin view other licenses failed: {resp.text}"
E   AssertionError: Admin view other licenses failed: {"detail":"Nutzer nicht gefunden"}
E   assert 404 == 200
E    +  where 404 = &lt;Response [404]&gt;.status_code</failure></testcase><testcase classname="backend.tests.test_iter292_drivers_license_storage.TestAdminDriversLicenseAccess" name="test_admin_list_all_licenses" time="0.105" /><testcase classname="backend.tests.test_iter292_drivers_license_storage.TestAdminDriversLicenseAccess" name="test_admin_list_filter_by_class" time="0.101" /><testcase classname="backend.tests.test_iter292_drivers_license_storage.TestAdminDriversLicenseAccess" name="test_admin_list_filter_expiring_within_days" time="0.100" /><testcase classname="backend.tests.test_iter292_drivers_license_storage.TestAdminDriversLicenseAccess" name="test_admin_csv_export" time="0.127" /><testcase classname="backend.tests.test_iter292_drivers_license_storage.TestAdminDriversLicenseAccess" name="test_non_admin_without_cap_cannot_view_others" time="2.117" /><testcase classname="backend.tests.test_iter292_drivers_license_storage.TestVehicleLicenseCheck" name="test_booking_vehicle_without_license_returns_403" time="0.215" /><testcase classname="backend.tests.test_iter292_drivers_license_storage.TestVehicleLicenseCheck" name="test_booking_vehicle_with_license_succeeds" time="0.372" /><testcase classname="backend.tests.test_iter292_drivers_license_storage.TestCapabilityExists" name="test_capability_in_list" time="0.049" /></testsuite></testsuites>