<?xml version="1.0" encoding="utf-8"?><testsuites name="pytest tests"><testsuite name="pytest" errors="0" failures="0" skipped="0" tests="25" time="4.647" timestamp="2026-04-17T20:38:15.208332+00:00" hostname="agent-env-d37d05be-fbf6-449d-a49e-4c6a0d92a48d"><testcase classname="backend.tests.test_iteration_62_features.TestAttachmentUpload" name="test_upload_text_file_success" time="0.564" /><testcase classname="backend.tests.test_iteration_62_features.TestAttachmentUpload" name="test_upload_image_png_success" time="0.050" /><testcase classname="backend.tests.test_iteration_62_features.TestAttachmentUpload" name="test_upload_pdf_success" time="0.062" /><testcase classname="backend.tests.test_iteration_62_features.TestAttachmentUpload" name="test_upload_disallowed_mime_type_415" time="0.083" /><testcase classname="backend.tests.test_iteration_62_features.TestAttachmentUpload" name="test_upload_empty_file_400" time="0.054" /><testcase classname="backend.tests.test_iteration_62_features.TestAttachmentGetAndMeta" name="test_get_attachment_stream" time="0.107" /><testcase classname="backend.tests.test_iteration_62_features.TestAttachmentGetAndMeta" name="test_get_attachment_meta" time="0.113" /><testcase classname="backend.tests.test_iteration_62_features.TestAttachmentGetAndMeta" name="test_get_nonexistent_attachment_404" time="0.051" /><testcase classname="backend.tests.test_iteration_62_features.TestAttachmentDelete" name="test_delete_own_attachment_success" time="0.159" /><testcase classname="backend.tests.test_iteration_62_features.TestNewsCommentsWithAttachments" name="test_add_comment_with_attachment" time="0.170" /><testcase classname="backend.tests.test_iteration_62_features.TestNewsCommentsWithAttachments" name="test_get_comments_returns_enriched_attachments" time="0.107" /><testcase classname="backend.tests.test_iteration_62_features.TestSurveyResponsesWithAttachments" name="test_survey_results_include_attachments" time="0.138" /><testcase classname="backend.tests.test_iteration_62_features.TestExportEndpoints" name="test_export_survey_csv_extended" time="0.143" /><testcase classname="backend.tests.test_iteration_62_features.TestExportEndpoints" name="test_export_survey_pdf" time="0.425" /><testcase classname="backend.tests.test_iteration_62_features.TestExportEndpoints" name="test_export_interactions_csv" time="0.200" /><testcase classname="backend.tests.test_iteration_62_features.TestExportEndpoints" name="test_export_interactions_pdf" time="0.393" /><testcase classname="backend.tests.test_iteration_62_features.TestExportEndpoints" name="test_export_permissions_member_403" time="0.427" /><testcase classname="backend.tests.test_iteration_62_features.TestPWAFiles" name="test_manifest_json_valid" time="0.116" /><testcase classname="backend.tests.test_iteration_62_features.TestPWAFiles" name="test_service_worker_exists" time="0.191" /><testcase classname="backend.tests.test_iteration_62_features.TestPWAFiles" name="test_offline_html_exists" time="0.195" /><testcase classname="backend.tests.test_iteration_62_features.TestRegressionExistingEndpoints" name="test_existing_survey_export_csv" time="0.130" /><testcase classname="backend.tests.test_iteration_62_features.TestRegressionExistingEndpoints" name="test_news_comments_without_attachments" time="0.172" /><testcase classname="backend.tests.test_iteration_62_features.TestRegressionExistingEndpoints" name="test_auth_login_still_works" time="0.325" /><testcase classname="backend.tests.test_iteration_62_features.TestRegressionExistingEndpoints" name="test_news_feed_still_works" time="0.082" /><testcase classname="backend.tests.test_iteration_62_features.TestRegressionExistingEndpoints" name="test_surveys_list_still_works" time="0.079" /></testsuite></testsuites>