<?xml version="1.0" encoding="utf-8"?><testsuites name="pytest tests"><testsuite name="pytest" errors="0" failures="0" skipped="0" tests="16" time="5.538" timestamp="2026-04-19T13:29:06.679789+00:00" hostname="agent-env-d37d05be-fbf6-449d-a49e-4c6a0d92a48d"><testcase classname="tests.test_iteration_135_webrtc_chat.TestAuth" name="test_admin_login" time="0.380" /><testcase classname="tests.test_iteration_135_webrtc_chat.TestAuth" name="test_testuser2_login" time="0.358" /><testcase classname="tests.test_iteration_135_webrtc_chat.TestMeetingCRUD" name="test_create_meeting" time="0.451" /><testcase classname="tests.test_iteration_135_webrtc_chat.TestMeetingCRUD" name="test_get_meeting" time="0.111" /><testcase classname="tests.test_iteration_135_webrtc_chat.TestMeetingChat" name="test_send_chat_message" time="0.052" /><testcase classname="tests.test_iteration_135_webrtc_chat.TestMeetingChat" name="test_get_chat_messages" time="0.057" /><testcase classname="tests.test_iteration_135_webrtc_chat.TestMeetingChat" name="test_chat_message_persistence" time="0.100" /><testcase classname="tests.test_iteration_135_webrtc_chat.TestMeetingChat" name="test_two_users_chat" time="0.501" /><testcase classname="tests.test_iteration_135_webrtc_chat.TestChatStress" name="test_50_messages_stress" time="2.586" /><testcase classname="tests.test_iteration_135_webrtc_chat.TestChatStress" name="test_special_characters" time="0.311" /><testcase classname="tests.test_iteration_135_webrtc_chat.TestChatStress" name="test_chat_message_ordering" time="0.051" /><testcase classname="tests.test_iteration_135_webrtc_chat.TestMeetingParticipants" name="test_join_meeting" time="0.059" /><testcase classname="tests.test_iteration_135_webrtc_chat.TestMeetingParticipants" name="test_get_participants" time="0.047" /><testcase classname="tests.test_iteration_135_webrtc_chat.TestMeetingParticipants" name="test_multiple_users_join" time="0.171" /><testcase classname="tests.test_iteration_135_webrtc_chat.TestRegressionIter134" name="test_force_logout_all_endpoint" time="0.064" /><testcase classname="tests.test_iteration_135_webrtc_chat.TestRegressionIter134" name="test_chat_unread_summary" time="0.142" /></testsuite></testsuites>