<?xml version="1.0" encoding="utf-8"?><testsuites name="pytest tests"><testsuite name="pytest" errors="0" failures="0" skipped="0" tests="25" time="16.858" timestamp="2026-04-18T11:14:01.272829+00:00" hostname="agent-env-d37d05be-fbf6-449d-a49e-4c6a0d92a48d"><testcase classname="backend.tests.test_iteration_80_survey_archive_templates.TestSurveyArchive" name="test_create_survey_for_archive_tests" time="0.896" /><testcase classname="backend.tests.test_iteration_80_survey_archive_templates.TestSurveyArchive" name="test_archive_survey_manual" time="0.928" /><testcase classname="backend.tests.test_iteration_80_survey_archive_templates.TestSurveyArchive" name="test_restore_survey" time="1.940" /><testcase classname="backend.tests.test_iteration_80_survey_archive_templates.TestSurveyArchive" name="test_auto_archive_expired_surveys" time="0.921" /><testcase classname="backend.tests.test_iteration_80_survey_archive_templates.TestSurveyArchive" name="test_archived_excluded_from_default_list" time="0.955" /><testcase classname="backend.tests.test_iteration_80_survey_archive_templates.TestSurveyArchive" name="test_archived_excluded_from_published_filter" time="0.983" /><testcase classname="backend.tests.test_iteration_80_survey_archive_templates.TestSurveyArchive" name="test_archived_returned_with_archived_filter" time="0.962" /><testcase classname="backend.tests.test_iteration_80_survey_archive_templates.TestSurveyArchive" name="test_pending_count_excludes_archived" time="1.046" /><testcase classname="backend.tests.test_iteration_80_survey_archive_templates.TestSurveyArchive" name="test_archive_requires_admin_or_moderator" time="0.898" /><testcase classname="backend.tests.test_iteration_80_survey_archive_templates.TestSurveyArchive" name="test_auto_archive_requires_admin" time="0.528" /><testcase classname="backend.tests.test_iteration_80_survey_archive_templates.TestMeetingTemplatesCustomRecurring" name="test_create_template_with_custom_schedule" time="0.458" /><testcase classname="backend.tests.test_iteration_80_survey_archive_templates.TestMeetingTemplatesCustomRecurring" name="test_get_templates_includes_custom_fields" time="0.506" /><testcase classname="backend.tests.test_iteration_80_survey_archive_templates.TestMeetingTemplatesCustomRecurring" name="test_update_template" time="0.570" /><testcase classname="backend.tests.test_iteration_80_survey_archive_templates.TestMeetingTemplatesCustomRecurring" name="test_update_template_not_owned_returns_404" time="0.435" /><testcase classname="backend.tests.test_iteration_80_survey_archive_templates.TestMeetingTemplatesCustomRecurring" name="test_create_from_template_with_generate_series" time="0.565" /><testcase classname="backend.tests.test_iteration_80_survey_archive_templates.TestMeetingTemplatesCustomRecurring" name="test_create_from_template_without_generate_series" time="0.513" /><testcase classname="backend.tests.test_iteration_80_survey_archive_templates.TestMeetingTemplatesCustomRecurring" name="test_template_invited_emails_copied_to_meeting" time="0.513" /><testcase classname="backend.tests.test_iteration_80_survey_archive_templates.TestRegressionIteration78" name="test_admin_users_pagination" time="0.376" /><testcase classname="backend.tests.test_iteration_80_survey_archive_templates.TestRegressionIteration78" name="test_admin_users_filters" time="0.383" /><testcase classname="backend.tests.test_iteration_80_survey_archive_templates.TestRegressionIteration78" name="test_force_logout_all_endpoint" time="0.382" /><testcase classname="backend.tests.test_iteration_80_survey_archive_templates.TestRegressionIteration78" name="test_email_config_endpoint" time="0.368" /><testcase classname="backend.tests.test_iteration_80_survey_archive_templates.TestRegressionIteration78" name="test_dns_check_endpoint" time="0.407" /><testcase classname="backend.tests.test_iteration_80_survey_archive_templates.TestRegressionIteration78" name="test_admin_stats_endpoint" time="0.407" /><testcase classname="backend.tests.test_iteration_80_survey_archive_templates.TestRegressionIteration78" name="test_admin_groups_endpoint" time="0.385" /><testcase classname="backend.tests.test_iteration_80_survey_archive_templates.TestRegressionIteration78" name="test_admin_presets_endpoint" time="0.413" /></testsuite></testsuites>