<?xml version="1.0" encoding="utf-8"?><testsuites name="pytest tests"><testsuite name="pytest" errors="0" failures="0" skipped="0" tests="36" time="103.735" timestamp="2026-05-24T15:43:01.643487+00:00" hostname="agent-env-d37d05be-fbf6-449d-a49e-4c6a0d92a48d"><testcase classname="backend.tests.test_iter259_admin_audit.TestAdminAuth" name="test_admin_login_success" time="0.504" /><testcase classname="backend.tests.test_iter259_admin_audit.TestAdminAuth" name="test_admin_login_wrong_password" time="0.342" /><testcase classname="backend.tests.test_iter259_admin_audit.TestAdminUsersRBAC" name="test_member_cannot_list_users" time="2.454" /><testcase classname="backend.tests.test_iter259_admin_audit.TestAdminUsersRBAC" name="test_member_cannot_create_group" time="0.128" /><testcase classname="backend.tests.test_iter259_admin_audit.TestAdminUsersRBAC" name="test_member_cannot_view_audit_logs" time="0.129" /><testcase classname="backend.tests.test_iter259_admin_audit.TestAdminUsersRBAC" name="test_member_cannot_update_other_user" time="0.298" /><testcase classname="backend.tests.test_iter259_admin_audit.TestAdminUsersRBAC" name="test_tokenless_request_rejected" time="0.111" /><testcase classname="backend.tests.test_iter259_admin_audit.TestAdminUsersCRUD" name="test_list_users" time="0.586" /><testcase classname="backend.tests.test_iter259_admin_audit.TestAdminUsersCRUD" name="test_list_users_paginated" time="0.109" /><testcase classname="backend.tests.test_iter259_admin_audit.TestAdminUsersCRUD" name="test_list_users_with_search" time="0.128" /><testcase classname="backend.tests.test_iter259_admin_audit.TestAdminUsersCRUD" name="test_list_users_filters" time="0.121" /><testcase classname="backend.tests.test_iter259_admin_audit.TestAdminUsersCRUD" name="test_invite_user" time="1.570" /><testcase classname="backend.tests.test_iter259_admin_audit.TestAdminUsersCRUD" name="test_update_user" time="1.740" /><testcase classname="backend.tests.test_iter259_admin_audit.TestAdminUsersCRUD" name="test_admin_cannot_delete_self" time="0.243" /><testcase classname="backend.tests.test_iter259_admin_audit.TestAdminUsersCRUD" name="test_delete_user" time="1.824" /><testcase classname="backend.tests.test_iter259_admin_audit.TestAdminUsersCRUD" name="test_force_logout_user" time="1.721" /><testcase classname="backend.tests.test_iter259_admin_audit.TestAdminGroupsCRUD" name="test_list_groups" time="0.444" /><testcase classname="backend.tests.test_iter259_admin_audit.TestAdminGroupsCRUD" name="test_create_group" time="0.111" /><testcase classname="backend.tests.test_iter259_admin_audit.TestAdminGroupsCRUD" name="test_create_duplicate_group_name" time="0.227" /><testcase classname="backend.tests.test_iter259_admin_audit.TestAdminGroupsCRUD" name="test_update_group" time="0.223" /><testcase classname="backend.tests.test_iter259_admin_audit.TestAdminGroupsCRUD" name="test_delete_group" time="0.220" /><testcase classname="backend.tests.test_iter259_admin_audit.TestAdminGroupsCRUD" name="test_add_member_to_group" time="1.867" /><testcase classname="backend.tests.test_iter259_admin_audit.TestAdminAuditLogs" name="test_get_system_audit" time="0.455" /><testcase classname="backend.tests.test_iter259_admin_audit.TestAdminAuditLogs" name="test_audit_with_limit" time="0.113" /><testcase classname="backend.tests.test_iter259_admin_audit.TestAdminAuditLogs" name="test_audit_with_category_filter" time="0.113" /><testcase classname="backend.tests.test_iter259_admin_audit.TestAdminStats" name="test_get_stats" time="0.438" /><testcase classname="backend.tests.test_iter259_admin_audit.TestAdminCapabilities" name="test_list_capabilities" time="0.433" /><testcase classname="backend.tests.test_iter259_admin_audit.TestAdminCapabilities" name="test_list_presets" time="0.109" /><testcase classname="backend.tests.test_iter259_admin_audit.TestAdminValidation" name="test_update_user_nonexistent_role" time="2.151" /><testcase classname="backend.tests.test_iter259_admin_audit.TestAdminValidation" name="test_create_group_empty_name" time="0.123" /><testcase classname="backend.tests.test_iter259_admin_audit.TestAdminValidation" name="test_delete_nonexistent_user" time="0.114" /><testcase classname="backend.tests.test_iter259_admin_audit.TestAdminLoadTest" name="test_50_concurrent_get_users" time="4.254" /><testcase classname="backend.tests.test_iter259_admin_audit.TestAdminLoadTest" name="test_50_concurrent_create_groups" time="32.985" /><testcase classname="backend.tests.test_iter259_admin_audit.TestAdminLoadTest" name="test_50_concurrent_get_audit_logs" time="19.693" /><testcase classname="backend.tests.test_iter259_admin_audit.TestCleanup" name="test_cleanup_test_users" time="1.200" /><testcase classname="backend.tests.test_iter259_admin_audit.TestCleanup" name="test_cleanup_test_groups" time="26.316" /></testsuite></testsuites>