<?xml version="1.0" encoding="utf-8"?><testsuites name="pytest tests"><testsuite name="pytest" errors="0" failures="5" skipped="0" tests="39" time="20.495" timestamp="2026-04-18T10:22:04.841976+00:00" hostname="agent-env-d37d05be-fbf6-449d-a49e-4c6a0d92a48d"><testcase classname="tests.test_iteration_76_comprehensive.TestAuthRefreshFix" name="test_login_and_refresh_cycle" time="1.002" /><testcase classname="tests.test_iteration_76_comprehensive.TestAuthRefreshFix" name="test_refresh_without_token_returns_401" time="0.107" /><testcase classname="tests.test_iteration_76_comprehensive.TestAdminPageDataLoading" name="test_admin_users_endpoint" time="0.419" /><testcase classname="tests.test_iteration_76_comprehensive.TestAdminPageDataLoading" name="test_admin_stats_endpoint" time="0.381" /><testcase classname="tests.test_iteration_76_comprehensive.TestAdminPageDataLoading" name="test_admin_groups_endpoint" time="0.382" /><testcase classname="tests.test_iteration_76_comprehensive.TestAdminPageDataLoading" name="test_user_permissions_endpoint" time="0.414" /><testcase classname="tests.test_iteration_76_comprehensive.TestAdminPageDataLoading" name="test_parallel_admin_requests" time="0.511" /><testcase classname="tests.test_iteration_76_comprehensive.TestUserManagementAtScale" name="test_invite_user" time="0.882"><failure message="AssertionError: assert 'test_user_03e21d8b@test.com' == 'TEST_user_03e21d8b@test.com'&#10;  &#10;  - TEST_user_03e21d8b@test.com&#10;  ? ^^^^&#10;  + test_user_03e21d8b@test.com&#10;  ? ^^^^">tests/test_iteration_76_comprehensive.py:170: in test_invite_user
    assert data.get("email") == email
E   AssertionError: assert 'test_user_03e21d8b@test.com' == 'TEST_user_03e21d8b@test.com'
E     
E     - TEST_user_03e21d8b@test.com
E     ? ^^^^
E     + test_user_03e21d8b@test.com
E     ? ^^^^</failure></testcase><testcase classname="tests.test_iteration_76_comprehensive.TestUserManagementAtScale" name="test_update_user_profile" time="0.874" /><testcase classname="tests.test_iteration_76_comprehensive.TestUserManagementAtScale" name="test_toggle_user_status" time="0.974" /><testcase classname="tests.test_iteration_76_comprehensive.TestCapabilitiesAndPresets" name="test_list_capabilities" time="0.374" /><testcase classname="tests.test_iteration_76_comprehensive.TestCapabilitiesAndPresets" name="test_list_presets" time="0.390" /><testcase classname="tests.test_iteration_76_comprehensive.TestCapabilitiesAndPresets" name="test_create_custom_preset" time="0.428" /><testcase classname="tests.test_iteration_76_comprehensive.TestCapabilitiesAndPresets" name="test_apply_preset_to_user" time="1.009" /><testcase classname="tests.test_iteration_76_comprehensive.TestCapabilitiesAndPresets" name="test_grant_deny_capabilities" time="0.865" /><testcase classname="tests.test_iteration_76_comprehensive.TestFileUploadDownload" name="test_upload_png_file" time="0.528" /><testcase classname="tests.test_iteration_76_comprehensive.TestEmailPreferences" name="test_get_email_preferences" time="0.387" /><testcase classname="tests.test_iteration_76_comprehensive.TestEmailPreferences" name="test_update_email_preferences" time="0.371" /><testcase classname="tests.test_iteration_76_comprehensive.TestEmailPreferences" name="test_unsubscribe_invalid_token" time="0.471" /><testcase classname="tests.test_iteration_76_comprehensive.TestMeetingsCRUD" name="test_create_scheduled_meeting" time="0.424" /><testcase classname="tests.test_iteration_76_comprehensive.TestMeetingsCRUD" name="test_list_meetings" time="0.375"><failure message="AssertionError: assert False&#10; +  where False = isinstance({'limit': 20, 'meetings': [{'chat_enabled': True, 'created_at': '2026-04-18T09:09:07.218112+00:00', 'description': '', 'duration': 60, ...}, {'chat_enabled': True, 'created_at': '2026-04-18T09:07:14.615467+00:00', 'description': '', 'duration': 60, ...}, {'chat_enabled': True, 'created_at': '2026-04-18T09:07:14.614469+00:00', 'description': '', 'duration': 60, ...}, {'chat_enabled': True, 'created_at': '2026-04-18T08:36:36.647470+00:00', 'description': '', 'duration': 30, ...}, {'chat_enabled': True, 'created_at': '2026-04-18T08:36:36.646500+00:00', 'description': '', 'duration': 30, ...}, {'chat_enabled': True, 'created_at': '2026-04-18T08:12:38.544827+00:00', 'description': '', 'duration': 60, ...}, ...], 'page': 1, 'pages': 1, ...}, list)">tests/test_iteration_76_comprehensive.py:453: in test_list_meetings
    assert isinstance(data, list)
E   AssertionError: assert False
E    +  where False = isinstance({'limit': 20, 'meetings': [{'chat_enabled': True, 'created_at': '2026-04-18T09:09:07.218112+00:00', 'description': '', 'duration': 60, ...}, {'chat_enabled': True, 'created_at': '2026-04-18T09:07:14.615467+00:00', 'description': '', 'duration': 60, ...}, {'chat_enabled': True, 'created_at': '2026-04-18T09:07:14.614469+00:00', 'description': '', 'duration': 60, ...}, {'chat_enabled': True, 'created_at': '2026-04-18T08:36:36.647470+00:00', 'description': '', 'duration': 30, ...}, {'chat_enabled': True, 'created_at': '2026-04-18T08:36:36.646500+00:00', 'description': '', 'duration': 30, ...}, {'chat_enabled': True, 'created_at': '2026-04-18T08:12:38.544827+00:00', 'description': '', 'duration': 60, ...}, ...], 'page': 1, 'pages': 1, ...}, list)</failure></testcase><testcase classname="tests.test_iteration_76_comprehensive.TestMeetingsCRUD" name="test_get_meeting_ical" time="0.492" /><testcase classname="tests.test_iteration_76_comprehensive.TestSurveysAndExports" name="test_create_survey" time="0.431" /><testcase classname="tests.test_iteration_76_comprehensive.TestSurveysAndExports" name="test_list_surveys" time="0.416" /><testcase classname="tests.test_iteration_76_comprehensive.TestGlobalSearch" name="test_global_search" time="0.369" /><testcase classname="tests.test_iteration_76_comprehensive.TestGlobalSearch" name="test_mentions_search" time="0.381" /><testcase classname="tests.test_iteration_76_comprehensive.TestPushNotifications" name="test_get_vapid_public_key" time="0.471" /><testcase classname="tests.test_iteration_76_comprehensive.TestPushNotifications" name="test_subscribe_push" time="0.373" /><testcase classname="tests.test_iteration_76_comprehensive.TestChatOperations" name="test_get_conversations" time="0.400" /><testcase classname="tests.test_iteration_76_comprehensive.TestChatOperations" name="test_get_unread_count" time="0.369"><failure message="assert 404 == 200&#10; +  where 404 = &lt;Response [404]&gt;.status_code">tests/test_iteration_76_comprehensive.py:603: in test_get_unread_count
    assert resp.status_code == 200
E   assert 404 == 200
E    +  where 404 = &lt;Response [404]&gt;.status_code</failure></testcase><testcase classname="tests.test_iteration_76_comprehensive.TestChatOperations" name="test_get_my_status" time="0.368" /><testcase classname="tests.test_iteration_76_comprehensive.TestSchedulingPolls" name="test_list_polls" time="0.404"><failure message="assert 404 == 200&#10; +  where 404 = &lt;Response [404]&gt;.status_code">tests/test_iteration_76_comprehensive.py:637: in test_list_polls
    assert resp.status_code == 200
E   assert 404 == 200
E    +  where 404 = &lt;Response [404]&gt;.status_code</failure></testcase><testcase classname="tests.test_iteration_76_comprehensive.TestSchedulingPolls" name="test_create_poll" time="0.377"><failure message="assert 404 in [200, 201, 422]&#10; +  where 404 = &lt;Response [404]&gt;.status_code">tests/test_iteration_76_comprehensive.py:652: in test_create_poll
    assert resp.status_code in [200, 201, 422]
E   assert 404 in [200, 201, 422]
E    +  where 404 = &lt;Response [404]&gt;.status_code</failure></testcase><testcase classname="tests.test_iteration_76_comprehensive.TestSecurityNonAdmin" name="test_non_admin_cannot_access_admin_users" time="1.230" /><testcase classname="tests.test_iteration_76_comprehensive.TestSecurityNonAdmin" name="test_non_admin_cannot_access_admin_stats" time="1.176" /><testcase classname="tests.test_iteration_76_comprehensive.TestOnboardingPersistence" name="test_onboarding_complete_endpoint" time="0.399" /><testcase classname="tests.test_iteration_76_comprehensive.TestOnboardingPersistence" name="test_auth_me_returns_onboarding_timestamp" time="0.373" /><testcase classname="tests.test_iteration_76_comprehensive.TestMeineRechte" name="test_user_permissions_has_capability_labels" time="0.370" /><testcase classname="tests.test_iteration_76_comprehensive.TestRateLimiting" name="test_login_rate_limit_after_failures" time="0.326" /></testsuite></testsuites>