<?xml version="1.0" encoding="utf-8"?><testsuites name="pytest tests"><testsuite name="pytest" errors="0" failures="0" skipped="0" tests="15" time="17.261" timestamp="2026-04-12T11:44:08.104363+00:00" hostname="agent-env-d37d05be-fbf6-449d-a49e-4c6a0d92a48d"><testcase classname="backend.tests.test_summary_email.TestSummaryEmailFeature" name="test_get_summary_returns_meeting_info" time="0.912" /><testcase classname="backend.tests.test_summary_email.TestSummaryEmailFeature" name="test_get_summary_includes_summary_id" time="0.742" /><testcase classname="backend.tests.test_summary_email.TestSummaryEmailFeature" name="test_get_summary_404_for_nonexistent_meeting" time="0.697" /><testcase classname="backend.tests.test_summary_email.TestSummaryEmailFeature" name="test_get_summary_requires_auth" time="0.790" /><testcase classname="backend.tests.test_summary_email.TestSummaryEmailFeature" name="test_ai_summarize_generates_summary" time="4.087" /><testcase classname="backend.tests.test_summary_email.TestSummaryEmailFeature" name="test_ai_summarize_404_for_nonexistent_meeting" time="0.770" /><testcase classname="backend.tests.test_summary_email.TestSummaryEmailFeature" name="test_ai_summarize_requires_auth" time="0.794" /><testcase classname="backend.tests.test_summary_email.TestSummaryEmailFeature" name="test_send_summary_email_as_host" time="0.687" /><testcase classname="backend.tests.test_summary_email.TestSummaryEmailFeature" name="test_send_summary_email_generates_if_not_exists" time="3.644" /><testcase classname="backend.tests.test_summary_email.TestSummaryEmailFeature" name="test_send_summary_email_403_for_non_host" time="0.727" /><testcase classname="backend.tests.test_summary_email.TestSummaryEmailFeature" name="test_send_summary_email_404_for_nonexistent_meeting" time="0.700" /><testcase classname="backend.tests.test_summary_email.TestSummaryEmailFeature" name="test_send_summary_email_requires_auth" time="0.771" /><testcase classname="backend.tests.test_summary_email.TestSummaryEmailFeature" name="test_email_sent_status_updated_after_send" time="0.741" /><testcase classname="backend.tests.test_summary_email.TestSummaryEmailFeature" name="test_summary_includes_participant_details" time="0.731" /><testcase classname="backend.tests.test_summary_email.TestSummaryMarkdownContent" name="test_summary_contains_markdown_formatting" time="0.380" /></testsuite></testsuites>