<?xml version="1.0" encoding="utf-8"?><testsuites name="pytest tests"><testsuite name="pytest" errors="0" failures="0" skipped="0" tests="19" time="3.575" timestamp="2026-04-18T08:21:37.874840+00:00" hostname="agent-env-d37d05be-fbf6-449d-a49e-4c6a0d92a48d"><testcase classname="backend.tests.test_iteration_70_features.TestNewsScheduledPublish" name="test_create_news_with_future_publish_at_becomes_scheduled" time="0.540" /><testcase classname="backend.tests.test_iteration_70_features.TestNewsScheduledPublish" name="test_create_news_with_past_publish_at_becomes_published" time="0.096" /><testcase classname="backend.tests.test_iteration_70_features.TestNewsOwnerAndChannels" name="test_create_news_returns_owner_and_channels" time="0.098" /><testcase classname="backend.tests.test_iteration_70_features.TestNewsOwnerAndChannels" name="test_create_news_with_custom_channels" time="0.097" /><testcase classname="backend.tests.test_iteration_70_features.TestNewsOwnerTransfer" name="test_transfer_owner" time="0.238" /><testcase classname="backend.tests.test_iteration_70_features.TestNewsGovernance" name="test_get_governance" time="0.143" /><testcase classname="backend.tests.test_iteration_70_features.TestNewsGovernance" name="test_governance_403_for_non_owner" time="0.000" /><testcase classname="backend.tests.test_iteration_70_features.TestNewsUpdateWithScheduledCoercion" name="test_update_news_with_future_publish_at_coerces_status" time="0.148" /><testcase classname="backend.tests.test_iteration_70_features.TestMaintenanceCleanup" name="test_cleanup_endpoint_admin_only" time="0.049" /><testcase classname="backend.tests.test_iteration_70_features.TestMaintenanceCleanup" name="test_cleanup_403_for_non_admin" time="0.642" /><testcase classname="backend.tests.test_iteration_70_features.TestMaintenanceBackgroundTask" name="test_maintenance_task_started_log" time="0.005" /><testcase classname="backend.tests.test_iteration_70_features.TestMeetingsSoftDelete" name="test_soft_delete_series_occurrence" time="0.236" /><testcase classname="backend.tests.test_iteration_70_features.TestMeetingsSoftDelete" name="test_hard_delete_non_series_meeting" time="0.144" /><testcase classname="backend.tests.test_iteration_70_features.TestMeetingsRestore" name="test_restore_cancelled_meeting" time="0.342" /><testcase classname="backend.tests.test_iteration_70_features.TestMeetingsRestore" name="test_restore_400_if_not_cancelled" time="0.143" /><testcase classname="backend.tests.test_iteration_70_features.TestInstantMeetingParticipantCount" name="test_instant_meeting_returns_participant_count_1" time="0.096" /><testcase classname="backend.tests.test_iteration_70_features.TestInstantMeetingParticipantCount" name="test_scheduled_meeting_returns_participant_count_0" time="0.092" /><testcase classname="backend.tests.test_iteration_70_features.TestRegressionIter69" name="test_series_badge_and_index" time="0.196" /><testcase classname="backend.tests.test_iteration_70_features.TestRegressionIter69" name="test_ics_export_with_rrule" time="0.164" /></testsuite></testsuites>