<?xml version="1.0" encoding="utf-8"?><testsuites name="pytest tests"><testsuite name="pytest" errors="0" failures="0" skipped="4" tests="15" time="11.419" timestamp="2026-04-30T12:54:26.057065+00:00" hostname="agent-env-d37d05be-fbf6-449d-a49e-4c6a0d92a48d"><testcase classname="tests.test_iter190_comprehensive.TestMuteUserBroadcast" name="test_mute_user_broadcasts_over_ws" time="1.505" /><testcase classname="tests.test_iter190_comprehensive.TestMuteUserBroadcast" name="test_disable_camera_broadcasts_over_ws" time="1.460" /><testcase classname="tests.test_iter190_comprehensive.TestMuteUserBroadcast" name="test_remove_user_broadcasts_over_ws" time="1.478" /><testcase classname="tests.test_iter190_comprehensive.TestParticipantUpdateAuthorization" name="test_non_host_cannot_mute_participant" time="0.444"><skipped type="pytest.skip" message="Could not create test user: {&quot;detail&quot;:&quot;Email already registered&quot;}">/app/backend/tests/test_iter190_comprehensive.py:57: Could not create test user: {"detail":"Email already registered"}</skipped></testcase><testcase classname="tests.test_iter190_comprehensive.TestGetParticipantsUnchanged" name="test_get_participants_returns_list" time="0.684" /><testcase classname="tests.test_iter190_comprehensive.TestHostControlMuteAll" name="test_mute_all_broadcasts" time="1.433" /><testcase classname="tests.test_iter190_comprehensive.TestRegressionIter186_189" name="test_news_feed_returns_200" time="0.507" /><testcase classname="tests.test_iter190_comprehensive.TestRegressionIter186_189" name="test_surveys_list_returns_200" time="0.452" /><testcase classname="tests.test_iter190_comprehensive.TestRegressionIter186_189" name="test_meetings_list_returns_200" time="0.482" /><testcase classname="tests.test_iter190_comprehensive.TestRegressionIter186_189" name="test_chat_conversations_list" time="0.440" /><testcase classname="tests.test_iter190_comprehensive.TestRegressionIter186_189" name="test_2fa_status_endpoint" time="0.114"><skipped type="pytest.skip" message="Login did not return a token for admin@meetflow.com: {'error': 'Rate limit exceeded: 10 per 1 minute'}">/app/backend/tests/test_iter190_comprehensive.py:44: Login did not return a token for admin@meetflow.com: {'error': 'Rate limit exceeded: 10 per 1 minute'}</skipped></testcase><testcase classname="tests.test_iter190_comprehensive.TestRegressionIter186_189" name="test_booking_pages_list" time="0.112"><skipped type="pytest.skip" message="Login did not return a token for admin@meetflow.com: {'error': 'Rate limit exceeded: 10 per 1 minute'}">/app/backend/tests/test_iter190_comprehensive.py:44: Login did not return a token for admin@meetflow.com: {'error': 'Rate limit exceeded: 10 per 1 minute'}</skipped></testcase><testcase classname="tests.test_iter190_comprehensive.TestRegressionIter186_189" name="test_calendar_events_list" time="0.503" /><testcase classname="tests.test_iter190_comprehensive.TestNoSelfMuteBroadcast" name="test_no_broadcast_when_updating_self" time="0.943" /><testcase classname="tests.test_iter190_comprehensive.TestNoSelfMuteBroadcast" name="test_no_broadcast_when_no_mic_change" time="0.786"><skipped type="pytest.skip" message="Login did not return a token for TEST_iter190_92f1e9@example.com: {'error': 'Rate limit exceeded: 10 per 1 minute'}">/app/backend/tests/test_iter190_comprehensive.py:44: Login did not return a token for TEST_iter190_92f1e9@example.com: {'error': 'Rate limit exceeded: 10 per 1 minute'}</skipped></testcase></testsuite></testsuites>