<?xml version="1.0" encoding="utf-8"?><testsuites name="pytest tests"><testsuite name="pytest" errors="0" failures="0" skipped="2" tests="7" time="5.652" timestamp="2026-06-03T07:36:42.073116+00:00" hostname="agent-env-d37d05be-fbf6-449d-a49e-4c6a0d92a48d"><testcase classname="backend.tests.test_iter339_booking_billing_issues.TestIter339InvoiceNumber" name="test_invoices_list_returns_invoice_number" time="0.510" /><testcase classname="backend.tests.test_iter339_booking_billing_issues.TestIter339SubRoomEnrichment" name="test_find_splittable_rooms_with_children" time="0.456" /><testcase classname="backend.tests.test_iter339_booking_billing_issues.TestIter339SubRoomEnrichment" name="test_booking_enrichment_includes_subroom_fields" time="0.449"><skipped type="pytest.skip" message="No sub-rooms found in the system">/app/backend/tests/test_iter339_booking_billing_issues.py:114: No sub-rooms found in the system</skipped></testcase><testcase classname="backend.tests.test_iter339_booking_billing_issues.TestIter339OccupancyUserName" name="test_occupancy_returns_user_name" time="2.857" /><testcase classname="backend.tests.test_iter339_booking_billing_issues.TestIter339AggregateInvoiceDateFilter" name="test_aggregate_endpoint_returns_data" time="0.387" /><testcase classname="backend.tests.test_iter339_booking_billing_issues.TestIter339AggregateInvoiceDateFilter" name="test_aggregate_date_filter_includes_same_day_bookings" time="0.429" /><testcase classname="backend.tests.test_iter339_booking_billing_issues.TestIter339TargetAvailabilityCheck" name="test_check_conflicts_for_multiple_targets" time="0.421"><skipped type="pytest.skip" message="No sub-rooms found for splittable room">/app/backend/tests/test_iter339_booking_billing_issues.py:374: No sub-rooms found for splittable room</skipped></testcase></testsuite></testsuites>