<?xml version="1.0" encoding="utf-8"?><testsuites name="pytest tests"><testsuite name="pytest" errors="0" failures="0" skipped="0" tests="26" time="6.127" timestamp="2026-06-03T10:11:27.287609+00:00" hostname="agent-env-d37d05be-fbf6-449d-a49e-4c6a0d92a48d"><testcase classname="tests.test_iter345_perf_optimizations.TestBackendHealth" name="test_health_endpoint" time="0.274" /><testcase classname="tests.test_iter345_perf_optimizations.TestBackendHealth" name="test_auth_login_works" time="0.370" /><testcase classname="tests.test_iter345_perf_optimizations.TestNewsFeedCache" name="test_news_feed_returns_valid_json" time="0.493" /><testcase classname="tests.test_iter345_perf_optimizations.TestNewsFeedCache" name="test_news_feed_cache_hit_fast" time="0.378" /><testcase classname="tests.test_iter345_perf_optimizations.TestNewsFeedCache" name="test_news_feed_different_params_bypass_cache" time="0.489" /><testcase classname="tests.test_iter345_perf_optimizations.TestNewsFeedCache" name="test_news_feed_search_bypasses_cache" time="0.107" /><testcase classname="tests.test_iter345_perf_optimizations.TestCostCentersCache" name="test_cost_centers_returns_list" time="0.141" /><testcase classname="tests.test_iter345_perf_optimizations.TestCostCentersCache" name="test_cost_centers_cache_hit_fast" time="0.250" /><testcase classname="tests.test_iter345_perf_optimizations.TestCostCentersCache" name="test_cost_center_create_invalidates_cache" time="0.334" /><testcase classname="tests.test_iter345_perf_optimizations.TestCostCentersCache" name="test_cost_center_update_invalidates_cache" time="0.423" /><testcase classname="tests.test_iter345_perf_optimizations.TestCostCentersCache" name="test_cost_center_delete_invalidates_cache" time="0.401" /><testcase classname="tests.test_iter345_perf_optimizations.TestAccountsCache" name="test_accounts_returns_list" time="0.109" /><testcase classname="tests.test_iter345_perf_optimizations.TestAccountsCache" name="test_accounts_cache_hit_fast" time="0.218" /><testcase classname="tests.test_iter345_perf_optimizations.TestAccountsCache" name="test_account_create_invalidates_cache" time="0.205" /><testcase classname="tests.test_iter345_perf_optimizations.TestCalendarAndBookings" name="test_calendar_events_returns_array" time="0.165" /><testcase classname="tests.test_iter345_perf_optimizations.TestCalendarAndBookings" name="test_resource_bookings_returns_data" time="0.186" /><testcase classname="tests.test_iter345_perf_optimizations.TestCalendarAndBookings" name="test_my_bookings_returns_data" time="0.123" /><testcase classname="tests.test_iter345_perf_optimizations.TestLoadEndpointsSanity" name="test_dashboard_stats" time="0.121" /><testcase classname="tests.test_iter345_perf_optimizations.TestLoadEndpointsSanity" name="test_tasks_list" time="0.127" /><testcase classname="tests.test_iter345_perf_optimizations.TestLoadEndpointsSanity" name="test_notifications" time="0.113" /><testcase classname="tests.test_iter345_perf_optimizations.TestLoadEndpointsSanity" name="test_resources_list" time="0.163" /><testcase classname="tests.test_iter345_perf_optimizations.TestLoadEndpointsSanity" name="test_chat_conversations" time="0.128" /><testcase classname="tests.test_iter345_perf_optimizations.TestLoadEndpointsSanity" name="test_chat_unread" time="0.106" /><testcase classname="tests.test_iter345_perf_optimizations.TestLoadEndpointsSanity" name="test_user_permissions" time="0.119" /><testcase classname="tests.test_iter345_perf_optimizations.TestLoadEndpointsSanity" name="test_catering_items" time="0.106" /><testcase classname="tests.test_iter345_perf_optimizations.TestNewsFeedCacheInvalidation" name="test_news_post_create_makes_post_visible" time="0.326" /></testsuite></testsuites>