<?xml version="1.0" encoding="utf-8"?><testsuites name="pytest tests"><testsuite name="pytest" errors="0" failures="0" skipped="0" tests="10" time="4.360" timestamp="2026-04-19T12:45:37.501217+00:00" hostname="agent-env-d37d05be-fbf6-449d-a49e-4c6a0d92a48d"><testcase classname="backend.tests.test_iteration_134_bug_fixes.TestAdminForceLogoutAll" name="test_force_logout_all_endpoint_exists" time="0.434" /><testcase classname="backend.tests.test_iteration_134_bug_fixes.TestAdminForceLogoutAll" name="test_force_logout_all_requires_admin" time="0.461" /><testcase classname="backend.tests.test_iteration_134_bug_fixes.TestDigitalSignagePreview" name="test_digital_signage_preview_requires_auth" time="0.445" /><testcase classname="backend.tests.test_iteration_134_bug_fixes.TestDigitalSignagePreview" name="test_digital_signage_preview_with_auth" time="0.465" /><testcase classname="backend.tests.test_iteration_134_bug_fixes.TestChatNotificationWiring" name="test_chat_unread_summary_endpoint" time="0.387" /><testcase classname="backend.tests.test_iteration_134_bug_fixes.TestChatNotificationWiring" name="test_chat_my_status_endpoint" time="0.405" /><testcase classname="backend.tests.test_iteration_134_bug_fixes.TestMeetingEndpoints" name="test_create_meeting" time="0.405" /><testcase classname="backend.tests.test_iteration_134_bug_fixes.TestMeetingEndpoints" name="test_get_meeting" time="0.433" /><testcase classname="backend.tests.test_iteration_134_bug_fixes.TestAdminUserManagement" name="test_admin_users_list" time="0.459" /><testcase classname="backend.tests.test_iteration_134_bug_fixes.TestAdminUserManagement" name="test_admin_stats" time="0.386" /></testsuite></testsuites>