<?xml version="1.0" encoding="utf-8"?><testsuites name="pytest tests"><testsuite name="pytest" errors="0" failures="0" skipped="0" tests="15" time="13.712" timestamp="2026-04-18T07:34:57.067683+00:00" hostname="agent-env-d37d05be-fbf6-449d-a49e-4c6a0d92a48d"><testcase classname="backend.tests.test_iteration_68_features.TestIteration68Features" name="test_create_custom_recurring_meeting_with_series" time="1.183" /><testcase classname="backend.tests.test_iteration_68_features.TestIteration68Features" name="test_meetings_list_returns_series_index_and_total" time="1.107" /><testcase classname="backend.tests.test_iteration_68_features.TestIteration68Features" name="test_bulk_update_series_lobby_enabled" time="1.165" /><testcase classname="backend.tests.test_iteration_68_features.TestIteration68Features" name="test_bulk_update_series_multiple_fields" time="1.064" /><testcase classname="backend.tests.test_iteration_68_features.TestIteration68Features" name="test_bulk_update_series_rejects_disallowed_fields" time="1.071" /><testcase classname="backend.tests.test_iteration_68_features.TestIteration68Features" name="test_bulk_update_series_404_unknown_series" time="0.388" /><testcase classname="backend.tests.test_iteration_68_features.TestIteration68Features" name="test_bulk_update_series_400_no_valid_fields" time="1.074" /><testcase classname="backend.tests.test_iteration_68_features.TestIteration68Features" name="test_bulk_delete_series_upcoming" time="1.091" /><testcase classname="backend.tests.test_iteration_68_features.TestIteration68Features" name="test_bulk_delete_series_all" time="1.080" /><testcase classname="backend.tests.test_iteration_68_features.TestIteration68Features" name="test_bulk_delete_series_404_unknown" time="0.375" /><testcase classname="backend.tests.test_iteration_68_features.TestIteration68Features" name="test_bulk_update_series_403_non_host" time="1.739" /><testcase classname="backend.tests.test_iteration_68_features.TestIteration68Features" name="test_bulk_update_all_allowed_fields" time="1.125" /><testcase classname="backend.tests.test_iteration_68_features.TestAdminEndpoints" name="test_admin_stats_endpoint" time="0.368" /><testcase classname="backend.tests.test_iteration_68_features.TestAdminEndpoints" name="test_admin_users_endpoint" time="0.419" /><testcase classname="backend.tests.test_iteration_68_features.TestAdminEndpoints" name="test_admin_groups_endpoint" time="0.365" /></testsuite></testsuites>