<?xml version="1.0" encoding="utf-8"?><testsuites name="pytest tests"><testsuite name="pytest" errors="0" failures="0" skipped="0" tests="20" time="3.294" timestamp="2026-04-19T20:53:43.567172+00:00" hostname="agent-env-d37d05be-fbf6-449d-a49e-4c6a0d92a48d"><testcase classname="backend.tests.test_iteration_146_dnd_bypass_reachability.TestIteration146DNDBypassReachability" name="test_01_login_admin" time="0.418" /><testcase classname="backend.tests.test_iteration_146_dnd_bypass_reachability.TestIteration146DNDBypassReachability" name="test_02_login_or_create_testuser2" time="0.445" /><testcase classname="backend.tests.test_iteration_146_dnd_bypass_reachability.TestIteration146DNDBypassReachability" name="test_03_login_or_create_testuser3" time="0.388" /><testcase classname="backend.tests.test_iteration_146_dnd_bypass_reachability.TestIteration146DNDBypassReachability" name="test_04_set_testuser2_to_dnd" time="0.386" /><testcase classname="backend.tests.test_iteration_146_dnd_bypass_reachability.TestIteration146DNDBypassReachability" name="test_05_create_group_conversation" time="0.123" /><testcase classname="backend.tests.test_iteration_146_dnd_bypass_reachability.TestIteration146DNDBypassReachability" name="test_06_start_call_from_group_chat" time="0.132" /><testcase classname="backend.tests.test_iteration_146_dnd_bypass_reachability.TestIteration146DNDBypassReachability" name="test_07_send_text_message_to_group" time="0.117" /><testcase classname="backend.tests.test_iteration_146_dnd_bypass_reachability.TestIteration146DNDBypassReachability" name="test_08_create_meeting_for_reachability_test" time="0.123" /><testcase classname="backend.tests.test_iteration_146_dnd_bypass_reachability.TestIteration146DNDBypassReachability" name="test_09_reachability_endpoint_host_access" time="0.102" /><testcase classname="backend.tests.test_iteration_146_dnd_bypass_reachability.TestIteration146DNDBypassReachability" name="test_10_reachability_endpoint_non_host_forbidden" time="0.110" /><testcase classname="backend.tests.test_iteration_146_dnd_bypass_reachability.TestIteration146DNDBypassReachability" name="test_11_reachability_endpoint_not_found" time="0.130" /><testcase classname="backend.tests.test_iteration_146_dnd_bypass_reachability.TestIteration146DNDBypassReachability" name="test_12_regression_ring_endpoint" time="0.207" /><testcase classname="backend.tests.test_iteration_146_dnd_bypass_reachability.TestIteration146DNDBypassReachability" name="test_13_regression_join_meeting_rings_invitees" time="0.208" /><testcase classname="backend.tests.test_iteration_146_dnd_bypass_reachability.TestIteration146DNDBypassReachability" name="test_14_reset_testuser2_status" time="0.108" /><testcase classname="backend.tests.test_iteration_146_dnd_bypass_reachability.TestIteration146DNDBypassReachability" name="test_15_cleanup_test_data" time="0.199" /><testcase classname="backend.tests.test_iteration_146_dnd_bypass_reachability.TestChatPushBypassDNDLogic" name="test_code_review_eligible_recipients_signature" time="0.000" /><testcase classname="backend.tests.test_iteration_146_dnd_bypass_reachability.TestChatPushBypassDNDLogic" name="test_code_review_push_new_chat_message_call_bypass" time="0.000" /><testcase classname="backend.tests.test_iteration_146_dnd_bypass_reachability.TestChatPushBypassDNDLogic" name="test_code_review_dnd_filter_logic" time="0.000" /><testcase classname="backend.tests.test_iteration_146_dnd_bypass_reachability.TestReachabilityEndpointStructure" name="test_code_review_reachability_endpoint_exists" time="0.000" /><testcase classname="backend.tests.test_iteration_146_dnd_bypass_reachability.TestReachabilityEndpointStructure" name="test_code_review_host_only_access" time="0.000" /></testsuite></testsuites>