<?xml version="1.0" encoding="utf-8"?><testsuites name="pytest tests"><testsuite name="pytest" errors="0" failures="0" skipped="0" tests="28" time="5.969" timestamp="2026-05-31T16:56:40.790620+00:00" hostname="agent-env-d37d05be-fbf6-449d-a49e-4c6a0d92a48d"><testcase classname="backend.tests.test_iter293_invoice_config.TestMasterDataCRUD" name="test_create_account" time="0.445" /><testcase classname="backend.tests.test_iter293_invoice_config.TestMasterDataCRUD" name="test_create_cost_center" time="0.055" /><testcase classname="backend.tests.test_iter293_invoice_config.TestMasterDataCRUD" name="test_create_cost_object" time="0.060" /><testcase classname="backend.tests.test_iter293_invoice_config.TestMasterDataCRUD" name="test_create_project" time="0.054" /><testcase classname="backend.tests.test_iter293_invoice_config.TestMasterDataCRUD" name="test_list_master_data_by_type" time="0.193" /><testcase classname="backend.tests.test_iter293_invoice_config.TestMasterDataCRUD" name="test_duplicate_code_conflict" time="0.115" /><testcase classname="backend.tests.test_iter293_invoice_config.TestMasterDataCRUD" name="test_update_master_data" time="0.109" /><testcase classname="backend.tests.test_iter293_invoice_config.TestMasterDataCRUD" name="test_delete_master_data" time="0.107" /><testcase classname="backend.tests.test_iter293_invoice_config.TestNumberRangesCRUD" name="test_create_number_range_valid_pattern" time="0.054" /><testcase classname="backend.tests.test_iter293_invoice_config.TestNumberRangesCRUD" name="test_create_number_range_invalid_pattern" time="0.046" /><testcase classname="backend.tests.test_iter293_invoice_config.TestNumberRangesCRUD" name="test_create_number_range_three_digit_counter" time="0.057" /><testcase classname="backend.tests.test_iter293_invoice_config.TestNumberRangesCRUD" name="test_create_number_range_two_digit_counter" time="0.056" /><testcase classname="backend.tests.test_iter293_invoice_config.TestNumberRangesCRUD" name="test_is_default_exclusive" time="0.165" /><testcase classname="backend.tests.test_iter293_invoice_config.TestNumberRangesCRUD" name="test_list_number_ranges" time="0.047" /><testcase classname="backend.tests.test_iter293_invoice_config.TestTemplatesCRUD" name="test_create_template" time="0.069" /><testcase classname="backend.tests.test_iter293_invoice_config.TestTemplatesCRUD" name="test_template_is_default_exclusive" time="0.160" /><testcase classname="backend.tests.test_iter293_invoice_config.TestTemplatesCRUD" name="test_list_templates" time="0.046" /><testcase classname="backend.tests.test_iter293_invoice_config.TestManualInvoice" name="test_create_manual_invoice_missing_required_field" time="0.164" /><testcase classname="backend.tests.test_iter293_invoice_config.TestManualInvoice" name="test_create_manual_invoice_success" time="0.170" /><testcase classname="backend.tests.test_iter293_invoice_config.TestManualInvoice" name="test_invoice_number_allocation_atomic" time="0.286" /><testcase classname="backend.tests.test_iter293_invoice_config.TestManualInvoice" name="test_tax_calculation_with_discount" time="0.189" /><testcase classname="backend.tests.test_iter293_invoice_config.TestManualInvoicePDF" name="test_get_manual_invoice_pdf" time="0.108" /><testcase classname="backend.tests.test_iter293_invoice_config.TestAccountingUpdate" name="test_update_accounting_fields" time="0.113" /><testcase classname="backend.tests.test_iter293_invoice_config.TestDatevExport" name="test_datev_csv_export" time="0.049" /><testcase classname="backend.tests.test_iter293_invoice_config.TestDatevExport" name="test_datev_csv_filter_by_cost_center" time="0.046" /><testcase classname="backend.tests.test_iter293_invoice_config.TestDatevExport" name="test_datev_csv_filter_by_date_range" time="0.050" /><testcase classname="backend.tests.test_iter293_invoice_config.TestCapabilities" name="test_capabilities_exist_in_list" time="0.170" /><testcase classname="backend.tests.test_iter293_invoice_config.TestCapabilities" name="test_non_admin_without_create_manual_cap_403" time="2.672" /></testsuite></testsuites>