<?xml version="1.0" encoding="utf-8"?><testsuites name="pytest tests"><testsuite name="pytest" errors="0" failures="0" skipped="0" tests="20" time="18.588" timestamp="2026-06-03T11:01:11.799139+00:00" hostname="agent-env-d37d05be-fbf6-449d-a49e-4c6a0d92a48d"><testcase classname="tests.test_iter347_bookings_refactor.TestCRUDEndpoints" name="test_list_bookings" time="0.457" /><testcase classname="tests.test_iter347_bookings_refactor.TestCRUDEndpoints" name="test_list_bookings_with_filters" time="0.420" /><testcase classname="tests.test_iter347_bookings_refactor.TestCRUDEndpoints" name="test_check_conflicts_endpoint" time="0.059" /><testcase classname="tests.test_iter347_bookings_refactor.TestCRUDEndpoints" name="test_create_get_update_cancel_booking" time="1.613" /><testcase classname="tests.test_iter347_bookings_refactor.TestApprovalEndpoints" name="test_pending_count" time="0.052" /><testcase classname="tests.test_iter347_bookings_refactor.TestApprovalEndpoints" name="test_approve_booking_flow" time="0.066" /><testcase classname="tests.test_iter347_bookings_refactor.TestApprovalEndpoints" name="test_check_in_out_endpoints" time="1.150" /><testcase classname="tests.test_iter347_bookings_refactor.TestApprovalEndpoints" name="test_auto_release_no_shows" time="0.055" /><testcase classname="tests.test_iter347_bookings_refactor.TestSeriesEndpoints" name="test_series_booking_daily" time="3.502" /><testcase classname="tests.test_iter347_bookings_refactor.TestSeriesEndpoints" name="test_series_booking_weekly" time="2.101" /><testcase classname="tests.test_iter347_bookings_refactor.TestSeriesEndpoints" name="test_series_booking_monthly" time="2.094" /><testcase classname="tests.test_iter347_bookings_refactor.TestSeriesEndpoints" name="test_series_booking_custom_dates" time="3.182" /><testcase classname="tests.test_iter347_bookings_refactor.TestSeriesEndpoints" name="test_combo_booking" time="0.070" /><testcase classname="tests.test_iter347_bookings_refactor.TestReportingEndpoints" name="test_damage_report" time="1.118" /><testcase classname="tests.test_iter347_bookings_refactor.TestReportingEndpoints" name="test_list_damage_reports" time="0.051" /><testcase classname="tests.test_iter347_bookings_refactor.TestReportingEndpoints" name="test_suggest_slots" time="0.051" /><testcase classname="tests.test_iter347_bookings_refactor.TestCateringIntegration" name="test_booking_with_catering" time="2.074" /><testcase classname="tests.test_iter347_bookings_refactor.TestNotificationShims" name="test_shims_importable" time="0.331" /><testcase classname="tests.test_iter347_bookings_refactor.TestNotificationShims" name="test_services_importable" time="0.001" /><testcase classname="tests.test_iter347_bookings_refactor.TestRouterDiscovery" name="test_bookings_router_included" time="0.001" /></testsuite></testsuites>