<?xml version="1.0" encoding="utf-8"?><testsuites name="pytest tests"><testsuite name="pytest" errors="0" failures="0" skipped="0" tests="30" time="12.382" timestamp="2026-04-18T10:58:26.398451+00:00" hostname="agent-env-d37d05be-fbf6-449d-a49e-4c6a0d92a48d"><testcase classname="backend.tests.test_iteration_78_pagination.TestAdminUsersPagination" name="test_legacy_no_params_returns_raw_list" time="0.445" /><testcase classname="backend.tests.test_iteration_78_pagination.TestAdminUsersPagination" name="test_legacy_sorted_newest_first" time="0.420" /><testcase classname="backend.tests.test_iteration_78_pagination.TestAdminUsersPagination" name="test_paginated_returns_object_structure" time="0.407" /><testcase classname="backend.tests.test_iteration_78_pagination.TestAdminUsersPagination" name="test_paginated_page_defaults_to_1" time="0.370" /><testcase classname="backend.tests.test_iteration_78_pagination.TestAdminUsersPagination" name="test_paginated_limit_capped_at_200" time="0.391" /><testcase classname="backend.tests.test_iteration_78_pagination.TestAdminUsersPagination" name="test_paginated_correct_page_slice" time="0.524" /><testcase classname="backend.tests.test_iteration_78_pagination.TestAdminUsersPagination" name="test_paginated_pages_calculation" time="0.406" /><testcase classname="backend.tests.test_iteration_78_pagination.TestAdminUsersPagination" name="test_search_by_email" time="0.370" /><testcase classname="backend.tests.test_iteration_78_pagination.TestAdminUsersPagination" name="test_search_reduces_total" time="0.426" /><testcase classname="backend.tests.test_iteration_78_pagination.TestAdminUsersPagination" name="test_search_case_insensitive" time="0.473" /><testcase classname="backend.tests.test_iteration_78_pagination.TestAdminUsersPagination" name="test_filter_by_role" time="0.392" /><testcase classname="backend.tests.test_iteration_78_pagination.TestAdminUsersPagination" name="test_filter_by_status_active" time="0.399" /><testcase classname="backend.tests.test_iteration_78_pagination.TestAdminUsersPagination" name="test_filter_by_status_inactive" time="0.398" /><testcase classname="backend.tests.test_iteration_78_pagination.TestAdminUsersPagination" name="test_filter_reduces_total" time="0.437" /><testcase classname="backend.tests.test_iteration_78_pagination.TestAdminUsersPagination" name="test_combined_search_and_filter" time="0.397" /><testcase classname="backend.tests.test_iteration_78_pagination.TestAdminUsersPagination" name="test_filters_endpoint_returns_distinct_values" time="0.368" /><testcase classname="backend.tests.test_iteration_78_pagination.TestAdminUsersPagination" name="test_filters_endpoint_requires_admin" time="0.419" /><testcase classname="backend.tests.test_iteration_78_pagination.TestAdminUsersPagination" name="test_filters_excludes_empty_values" time="0.378" /><testcase classname="backend.tests.test_iteration_78_pagination.TestAdminUsersPagination" name="test_legacy_bulk_apply_preset_works" time="0.469" /><testcase classname="backend.tests.test_iteration_78_pagination.TestAdminUsersPagination" name="test_page_beyond_total_returns_empty" time="0.416" /><testcase classname="backend.tests.test_iteration_78_pagination.TestAdminUsersPagination" name="test_negative_page_defaults_to_1" time="0.406" /><testcase classname="backend.tests.test_iteration_78_pagination.TestAdminUsersPagination" name="test_zero_page_defaults_to_1" time="0.375" /><testcase classname="backend.tests.test_iteration_78_pagination.TestAdminUsersPagination" name="test_requires_admin_role" time="0.431" /><testcase classname="backend.tests.test_iteration_78_pagination.TestRegressionIteration77" name="test_force_logout_all_endpoint_exists" time="0.384" /><testcase classname="backend.tests.test_iteration_78_pagination.TestRegressionIteration77" name="test_email_config_endpoint_exists" time="0.449" /><testcase classname="backend.tests.test_iteration_78_pagination.TestRegressionIteration77" name="test_dns_check_endpoint_exists" time="0.406" /><testcase classname="backend.tests.test_iteration_78_pagination.TestRegressionIteration77" name="test_admin_stats_endpoint" time="0.371" /><testcase classname="backend.tests.test_iteration_78_pagination.TestRegressionIteration77" name="test_admin_groups_endpoint" time="0.379" /><testcase classname="backend.tests.test_iteration_78_pagination.TestRegressionIteration77" name="test_admin_presets_endpoint" time="0.374" /><testcase classname="backend.tests.test_iteration_78_pagination.TestRegressionIteration77" name="test_admin_cap_rules_endpoint" time="0.373" /></testsuite></testsuites>