<?xml version="1.0" encoding="utf-8"?><testsuites name="pytest tests"><testsuite name="pytest" errors="0" failures="0" skipped="0" tests="13" time="2.199" timestamp="2026-04-12T10:57:05.573667+00:00" hostname="agent-env-d37d05be-fbf6-449d-a49e-4c6a0d92a48d"><testcase classname="backend.tests.test_meeting_crud.TestMeetingCRUD" name="test_login_success" time="0.475" /><testcase classname="backend.tests.test_meeting_crud.TestMeetingCRUD" name="test_get_current_user" time="0.319" /><testcase classname="backend.tests.test_meeting_crud.TestMeetingCRUD" name="test_create_scheduled_meeting" time="0.094" /><testcase classname="backend.tests.test_meeting_crud.TestMeetingCRUD" name="test_create_instant_meeting" time="0.091" /><testcase classname="backend.tests.test_meeting_crud.TestMeetingCRUD" name="test_edit_meeting_title" time="0.178" /><testcase classname="backend.tests.test_meeting_crud.TestMeetingCRUD" name="test_edit_meeting_description" time="0.183" /><testcase classname="backend.tests.test_meeting_crud.TestMeetingCRUD" name="test_edit_meeting_scheduled_at" time="0.177" /><testcase classname="backend.tests.test_meeting_crud.TestMeetingCRUD" name="test_edit_meeting_multiple_fields" time="0.139" /><testcase classname="backend.tests.test_meeting_crud.TestMeetingCRUD" name="test_edit_meeting_not_found" time="0.043" /><testcase classname="backend.tests.test_meeting_crud.TestMeetingCRUD" name="test_delete_meeting" time="0.176" /><testcase classname="backend.tests.test_meeting_crud.TestMeetingCRUD" name="test_delete_meeting_not_found" time="0.041" /><testcase classname="backend.tests.test_meeting_crud.TestMeetingCRUD" name="test_list_meetings" time="0.056" /><testcase classname="backend.tests.test_meeting_crud.TestMeetingCRUD" name="test_get_meeting_by_id" time="0.144" /></testsuite></testsuites>