<?xml version="1.0" encoding="utf-8"?><testsuites name="pytest tests"><testsuite name="pytest" errors="0" failures="0" skipped="1" tests="20" time="8.659" timestamp="2026-04-17T17:44:21.855211+00:00" hostname="agent-env-d37d05be-fbf6-449d-a49e-4c6a0d92a48d"><testcase classname="backend.tests.test_news_push_report_features.TestVAPIDPushEndpoints" name="test_get_vapid_public_key" time="0.618" /><testcase classname="backend.tests.test_news_push_report_features.TestVAPIDPushEndpoints" name="test_push_subscribe_and_status" time="0.136" /><testcase classname="backend.tests.test_news_push_report_features.TestVAPIDPushEndpoints" name="test_push_unsubscribe" time="0.103" /><testcase classname="backend.tests.test_news_push_report_features.TestVAPIDPushEndpoints" name="test_push_notifications_list" time="0.050" /><testcase classname="backend.tests.test_news_push_report_features.TestReportMeldenFeature" name="test_report_post" time="1.146" /><testcase classname="backend.tests.test_news_push_report_features.TestReportMeldenFeature" name="test_report_comment" time="0.127" /><testcase classname="backend.tests.test_news_push_report_features.TestReportMeldenFeature" name="test_list_reports_admin_only" time="0.107" /><testcase classname="backend.tests.test_news_push_report_features.TestReportMeldenFeature" name="test_update_report_status" time="0.162" /><testcase classname="backend.tests.test_news_push_report_features.TestCommentsEnabledToggle" name="test_comments_disabled_blocks_new_comments" time="0.961" /><testcase classname="backend.tests.test_news_push_report_features.TestCommentsEnabledToggle" name="test_comments_enabled_allows_comments" time="0.170" /><testcase classname="backend.tests.test_news_push_report_features.TestRoleBasedPermissions" name="test_autor_can_create_draft" time="0.410" /><testcase classname="backend.tests.test_news_push_report_features.TestRoleBasedPermissions" name="test_autor_can_update_own_draft" time="0.177" /><testcase classname="backend.tests.test_news_push_report_features.TestRoleBasedPermissions" name="test_autor_can_delete_own_draft" time="0.112" /><testcase classname="backend.tests.test_news_push_report_features.TestRoleBasedPermissions" name="test_autor_cannot_edit_others_posts" time="0.536" /><testcase classname="backend.tests.test_news_push_report_features.TestRoleBasedPermissions" name="test_autor_cannot_access_admin_endpoints" time="0.123" /><testcase classname="backend.tests.test_news_push_report_features.TestFreigeberPublishPermission" name="test_freigeber_can_publish" time="1.286"><skipped type="pytest.skip" message="Freigeber login failed: {&quot;detail&quot;:&quot;Invalid email or password&quot;}">/app/backend/tests/test_news_push_report_features.py:376: Freigeber login failed: {"detail":"Invalid email or password"}</skipped></testcase><testcase classname="backend.tests.test_news_push_report_features.TestAutoPushOnCriticalNews" name="test_critical_news_creates_push_notification" time="1.062" /><testcase classname="backend.tests.test_news_push_report_features.TestAutoPushOnCriticalNews" name="test_important_news_creates_push_notification" time="0.715" /><testcase classname="backend.tests.test_news_push_report_features.TestCleanup" name="test_cleanup_test_reports" time="0.490" /><testcase classname="backend.tests.test_news_push_report_features.TestCleanup" name="test_cleanup_test_subscriptions" time="0.056" /></testsuite></testsuites>