<?xml version="1.0" encoding="utf-8"?><testsuites name="pytest tests"><testsuite name="pytest" errors="0" failures="0" skipped="0" tests="21" time="13.017" timestamp="2026-04-17T10:47:59.114618+00:00" hostname="agent-env-d37d05be-fbf6-449d-a49e-4c6a0d92a48d"><testcase classname="backend.tests.test_phase4_features.TestPhase4Features" name="test_create_question" time="0.583" /><testcase classname="backend.tests.test_phase4_features.TestPhase4Features" name="test_get_questions_sorted_by_upvotes" time="0.418" /><testcase classname="backend.tests.test_phase4_features.TestPhase4Features" name="test_upvote_question_toggle" time="0.607" /><testcase classname="backend.tests.test_phase4_features.TestPhase4Features" name="test_answer_question" time="0.557" /><testcase classname="backend.tests.test_phase4_features.TestPhase4Features" name="test_delete_question" time="0.526" /><testcase classname="backend.tests.test_phase4_features.TestPhase4Features" name="test_question_validation" time="0.381" /><testcase classname="backend.tests.test_phase4_features.TestPhase4Features" name="test_set_translations" time="0.379" /><testcase classname="backend.tests.test_phase4_features.TestPhase4Features" name="test_get_localized_post_english" time="0.461" /><testcase classname="backend.tests.test_phase4_features.TestPhase4Features" name="test_get_localized_post_german" time="0.416" /><testcase classname="backend.tests.test_phase4_features.TestPhase4Features" name="test_get_localized_post_unsupported_lang" time="0.408" /><testcase classname="backend.tests.test_phase4_features.TestPhase4Features" name="test_analyze_sentiment" time="2.747" /><testcase classname="backend.tests.test_phase4_features.TestPhase4Features" name="test_analyze_sentiment_empty_texts" time="0.437" /><testcase classname="backend.tests.test_phase4_features.TestPhase4Features" name="test_get_post_sentiment" time="0.382" /><testcase classname="backend.tests.test_phase4_features.TestPhase4Features" name="test_export_read_receipts_csv" time="0.400" /><testcase classname="backend.tests.test_phase4_features.TestPhase4Features" name="test_export_survey_results_csv" time="0.464" /><testcase classname="backend.tests.test_phase4_features.TestPhase4Features" name="test_export_feedback_csv" time="0.377" /><testcase classname="backend.tests.test_phase4_features.TestPhase4Features" name="test_non_editor_cannot_answer_question" time="0.809" /><testcase classname="backend.tests.test_phase4_features.TestPhase4Features" name="test_non_editor_cannot_set_translations" time="0.693" /><testcase classname="backend.tests.test_phase4_features.TestPhase4Features" name="test_non_editor_cannot_analyze_sentiment" time="0.698" /><testcase classname="backend.tests.test_phase4_features.TestPhase4Features" name="test_non_editor_cannot_export_read_receipts" time="0.730" /><testcase classname="backend.tests.test_phase4_features.TestPhase4Features" name="test_cleanup_test_questions" time="0.444" /></testsuite></testsuites>