<?xml version="1.0" encoding="utf-8"?><testsuites name="pytest tests"><testsuite name="pytest" errors="0" failures="0" skipped="0" tests="22" time="16.898" timestamp="2026-04-12T13:43:13.075185+00:00" hostname="agent-env-d37d05be-fbf6-449d-a49e-4c6a0d92a48d"><testcase classname="backend.tests.test_phase3_features.TestTimezones" name="test_get_timezones" time="0.262" /><testcase classname="backend.tests.test_phase3_features.TestGeneralPollsAuth" name="test_create_general_poll_single" time="0.437" /><testcase classname="backend.tests.test_phase3_features.TestGeneralPollsAuth" name="test_create_general_poll_multiple" time="0.456" /><testcase classname="backend.tests.test_phase3_features.TestGeneralPollsAuth" name="test_create_general_poll_priority" time="0.510" /><testcase classname="backend.tests.test_phase3_features.TestGeneralPollsAuth" name="test_list_general_polls" time="0.423" /><testcase classname="backend.tests.test_phase3_features.TestGeneralPollsAuth" name="test_close_general_poll" time="0.593" /><testcase classname="backend.tests.test_phase3_features.TestGeneralPollsAuth" name="test_delete_general_poll" time="0.482" /><testcase classname="backend.tests.test_phase3_features.TestGeneralPollsPublic" name="test_get_public_poll" time="0.607" /><testcase classname="backend.tests.test_phase3_features.TestGeneralPollsPublic" name="test_vote_on_public_poll" time="0.602" /><testcase classname="backend.tests.test_phase3_features.TestGeneralPollsPublic" name="test_vote_updates_existing" time="0.925" /><testcase classname="backend.tests.test_phase3_features.TestGeneralPollsPublic" name="test_add_comment" time="0.621" /><testcase classname="backend.tests.test_phase3_features.TestGeneralPollsPublic" name="test_add_custom_option" time="0.747" /><testcase classname="backend.tests.test_phase3_features.TestGeneralPollsPublic" name="test_add_duplicate_option_fails" time="0.619" /><testcase classname="backend.tests.test_phase3_features.TestGeneralPollsPublic" name="test_invalid_share_token" time="0.598" /><testcase classname="backend.tests.test_phase3_features.TestExistingGeneralPoll" name="test_existing_poll_accessible" time="0.162" /><testcase classname="backend.tests.test_phase3_features.TestSchedulePollExport" name="test_export_csv" time="0.491" /><testcase classname="backend.tests.test_phase3_features.TestSchedulePollExport" name="test_export_pdf" time="0.641" /><testcase classname="backend.tests.test_phase3_features.TestSchedulePollExport" name="test_export_nonexistent_poll" time="0.413" /><testcase classname="backend.tests.test_phase3_features.TestAISuggestion" name="test_ai_suggestion_with_votes" time="5.152" /><testcase classname="backend.tests.test_phase3_features.TestAISuggestion" name="test_ai_suggestion_no_votes_fails" time="0.658" /><testcase classname="backend.tests.test_phase3_features.TestPriorityVoting" name="test_priority_vote" time="0.713" /><testcase classname="backend.tests.test_phase3_features.TestVotingOnClosedPoll" name="test_vote_on_closed_poll_fails" time="0.671" /></testsuite></testsuites>