<?xml version="1.0" encoding="utf-8"?><testsuites name="pytest tests"><testsuite name="pytest" errors="0" failures="0" skipped="0" tests="114" time="133.361" timestamp="2026-04-27T09:47:21.521324+00:00" hostname="agent-env-d37d05be-fbf6-449d-a49e-4c6a0d92a48d"><testcase classname="tests.test_iter189_5bug_fixes" name="test_schedule_poll_wrong_password_surfaces_flag" time="1.567" /><testcase classname="tests.test_iter189_5bug_fixes" name="test_booking_page_persists_horizon_limits" time="0.617" /><testcase classname="tests.test_iter189_5bug_fixes" name="test_calendar_includes_confirmed_schedule_poll_without_meeting" time="0.567" /><testcase classname="tests.test_iter189_5bug_fixes" name="test_calendar_with_auto_meeting_does_not_duplicate" time="0.672" /><testcase classname="tests.test_iter186_regression.TestAuthRegression" name="test_auth_login" time="0.318" /><testcase classname="tests.test_iter186_regression.TestAuthRegression" name="test_auth_me" time="0.469" /><testcase classname="tests.test_iter186_regression.TestAuthRegression" name="test_auth_refresh" time="0.098" /><testcase classname="tests.test_iter186_regression.TestNewsPositivePaths" name="test_news_feed_works" time="0.111" /><testcase classname="tests.test_iter186_regression.TestNewsPositivePaths" name="test_news_categories_list" time="0.104" /><testcase classname="tests.test_iter186_regression.TestNewsPositivePaths" name="test_admin_sees_targeted_post" time="2.091" /><testcase classname="tests.test_iter186_regression.TestNewsPositivePaths" name="test_targeted_user_sees_post" time="0.336" /><testcase classname="tests.test_iter186_regression.TestNewsPositivePaths" name="test_target_all_post_visible_to_all" time="0.345" /><testcase classname="tests.test_iter186_regression.TestNewsPositivePaths" name="test_comments_work_for_target_all_post" time="0.404" /><testcase classname="tests.test_iter186_regression.TestNewsPositivePaths" name="test_mark_as_read_works" time="0.312" /><testcase classname="tests.test_iter186_regression.TestSurveysPositivePaths" name="test_surveys_list_works" time="0.108" /><testcase classname="tests.test_iter186_regression.TestSurveysPositivePaths" name="test_surveys_pending_count" time="0.109" /><testcase classname="tests.test_iter186_regression.TestSurveysPositivePaths" name="test_admin_sees_targeted_survey" time="0.416" /><testcase classname="tests.test_iter186_regression.TestSurveysPositivePaths" name="test_targeted_user_can_respond" time="0.534" /><testcase classname="tests.test_iter186_regression.TestSurveysPositivePaths" name="test_target_all_survey_visible_to_all" time="0.861" /><testcase classname="tests.test_iter186_regression.TestMeetingsPositivePaths" name="test_meetings_list_works" time="0.102" /><testcase classname="tests.test_iter186_regression.TestMeetingsPositivePaths" name="test_host_sees_meeting" time="0.333" /><testcase classname="tests.test_iter186_regression.TestMeetingsPositivePaths" name="test_host_accesses_sub_resources" time="0.751" /><testcase classname="tests.test_iter186_regression.TestMeetingsPositivePaths" name="test_host_can_post_chat" time="0.342" /><testcase classname="tests.test_iter186_regression.TestMeetingsPositivePaths" name="test_host_can_create_poll" time="0.317" /><testcase classname="tests.test_iter186_regression.TestMeetingsPositivePaths" name="test_host_can_create_question" time="0.312" /><testcase classname="tests.test_iter186_regression.TestMeetingsPositivePaths" name="test_host_can_create_breakout_room" time="0.307" /><testcase classname="tests.test_iter186_regression.TestAdditionalIDORProbes" name="test_stranger_cannot_read_news_comments" time="0.303" /><testcase classname="tests.test_iter186_regression.TestAdditionalIDORProbes" name="test_stranger_cannot_react_to_targeted_post" time="0.351" /><testcase classname="tests.test_iter186_regression.TestAdditionalIDORProbes" name="test_stranger_cannot_upvote_meeting_question" time="0.440" /><testcase classname="tests.test_iter186_regression.TestAdditionalIDORProbes" name="test_stranger_cannot_vote_meeting_poll" time="0.433" /><testcase classname="tests.test_iter186_regression.TestAdminEndpointsRegression" name="test_admin_health" time="0.158" /><testcase classname="tests.test_iter186_regression.TestAdminEndpointsRegression" name="test_news_stats" time="0.099" /><testcase classname="tests.test_iter186_regression.TestAdminEndpointsRegression" name="test_interaction_stats" time="0.105" /><testcase classname="tests.test_iter186_regression.TestAdminEndpointsRegression" name="test_feedback_entries" time="0.114" /><testcase classname="tests.test_iter186_privacy_guards" name="test_news_post_not_in_audience_returns_404" time="2.435" /><testcase classname="tests.test_iter186_privacy_guards" name="test_news_post_draft_hidden_from_non_authors" time="0.322" /><testcase classname="tests.test_iter186_privacy_guards" name="test_news_files_require_auth" time="0.099" /><testcase classname="tests.test_iter186_privacy_guards" name="test_news_upload_requires_create_capability" time="0.099" /><testcase classname="tests.test_iter186_privacy_guards" name="test_survey_not_in_audience_returns_404" time="0.733" /><testcase classname="tests.test_iter186_privacy_guards" name="test_survey_results_locked_until_participation" time="0.526" /><testcase classname="tests.test_iter186_privacy_guards" name="test_meeting_not_invited_returns_404" time="1.157" /><testcase classname="tests.test_iter186_privacy_guards" name="test_meeting_chat_blocked_for_strangers" time="0.424" /><testcase classname="tests.test_iter187_comprehensive_regression.TestAuthRegression" name="test_auth_login" time="0.357" /><testcase classname="tests.test_iter187_comprehensive_regression.TestAuthRegression" name="test_auth_me" time="0.432" /><testcase classname="tests.test_iter187_comprehensive_regression.TestAuthRegression" name="test_auth_refresh" time="0.099" /><testcase classname="tests.test_iter187_comprehensive_regression.TestChatConversations" name="test_list_conversations" time="0.129" /><testcase classname="tests.test_iter187_comprehensive_regression.TestChatConversations" name="test_create_direct_conversation" time="0.958" /><testcase classname="tests.test_iter187_comprehensive_regression.TestChatConversations" name="test_get_conversation" time="0.209" /><testcase classname="tests.test_iter187_comprehensive_regression.TestChatConversations" name="test_update_conversation" time="0.218" /><testcase classname="tests.test_iter187_comprehensive_regression.TestChatMessages" name="test_send_message" time="0.240" /><testcase classname="tests.test_iter187_comprehensive_regression.TestChatMessages" name="test_get_messages" time="0.318" /><testcase classname="tests.test_iter187_comprehensive_regression.TestChatMessages" name="test_edit_message" time="0.324" /><testcase classname="tests.test_iter187_comprehensive_regression.TestChatMessages" name="test_delete_message" time="0.338" /><testcase classname="tests.test_iter187_comprehensive_regression.TestChatReactions" name="test_toggle_reaction" time="0.332" /><testcase classname="tests.test_iter187_comprehensive_regression.TestChatUsersAndBots" name="test_chat_users_list" time="0.121" /><testcase classname="tests.test_iter187_comprehensive_regression.TestChatUsersAndBots" name="test_chat_bots_list" time="0.111" /><testcase classname="tests.test_iter187_comprehensive_regression.TestChatPresenceAndStatus" name="test_get_presence" time="0.096" /><testcase classname="tests.test_iter187_comprehensive_regression.TestChatPresenceAndStatus" name="test_get_my_status" time="0.110" /><testcase classname="tests.test_iter187_comprehensive_regression.TestChatPresenceAndStatus" name="test_set_my_status" time="0.200" /><testcase classname="tests.test_iter187_comprehensive_regression.TestChatPresenceAndStatus" name="test_bulk_statuses" time="0.119" /><testcase classname="tests.test_iter187_comprehensive_regression.TestChatSearch" name="test_search_messages" time="0.109" /><testcase classname="tests.test_iter187_comprehensive_regression.TestChatSearch" name="test_unread_summary" time="0.103" /><testcase classname="tests.test_iter187_comprehensive_regression.TestChatReadReceipts" name="test_mark_read" time="0.214" /><testcase classname="tests.test_iter187_comprehensive_regression.TestChatReadReceipts" name="test_get_read_status" time="0.206" /><testcase classname="tests.test_iter187_comprehensive_regression.TestChatEncryption" name="test_store_public_key" time="0.106" /><testcase classname="tests.test_iter187_comprehensive_regression.TestChatEncryption" name="test_get_public_key" time="0.203" /><testcase classname="tests.test_iter187_comprehensive_regression.TestChatEncryption" name="test_toggle_encryption" time="0.244" /><testcase classname="tests.test_iter187_comprehensive_regression.TestChatEncryption" name="test_group_key" time="0.308" /><testcase classname="tests.test_iter187_comprehensive_regression.TestChatFiles" name="test_upload_file" time="0.212" /><testcase classname="tests.test_iter187_comprehensive_regression.TestChatFiles" name="test_voice_message" time="0.215" /><testcase classname="tests.test_iter187_comprehensive_regression.TestChatCalls" name="test_start_call_from_chat" time="0.205" /><testcase classname="tests.test_iter187_comprehensive_regression.TestChatMembers" name="test_add_member" time="0.963" /><testcase classname="tests.test_iter187_comprehensive_regression.TestChatMembers" name="test_remove_member" time="0.229" /><testcase classname="tests.test_iter187_comprehensive_regression.TestChatPinMute" name="test_toggle_pin" time="10.249" /><testcase classname="tests.test_iter187_comprehensive_regression.TestChatPinMute" name="test_toggle_mute" time="4.321" /><testcase classname="tests.test_iter187_comprehensive_regression.TestReadDbRegression" name="test_news_feed_via_read_db" time="3.199" /><testcase classname="tests.test_iter187_comprehensive_regression.TestReadDbRegression" name="test_news_feed_search" time="7.290" /><testcase classname="tests.test_iter187_comprehensive_regression.TestReadDbRegression" name="test_news_feed_priority_filter" time="0.125" /><testcase classname="tests.test_iter187_comprehensive_regression.TestReadDbRegression" name="test_surveys_list_via_read_db" time="7.322" /><testcase classname="tests.test_iter187_comprehensive_regression.TestReadDbRegression" name="test_meetings_list_via_read_db" time="0.119" /><testcase classname="tests.test_iter187_comprehensive_regression.TestReadDbRegression" name="test_meetings_filter_upcoming" time="0.117" /><testcase classname="tests.test_iter187_comprehensive_regression.TestAdminRegression" name="test_admin_users" time="0.137" /><testcase classname="tests.test_iter187_comprehensive_regression.TestAdminRegression" name="test_admin_health" time="0.179" /><testcase classname="tests.test_iter187_comprehensive_regression.TestBotCommands" name="test_hilfe_command" time="0.838" /><testcase classname="tests.test_iter187_comprehensive_regression.TestBotCommands" name="test_status_command" time="0.815" /><testcase classname="tests.test_iter187_comprehensive_regression.TestSystemMessages" name="test_encryption_toggle_generates_system_message" time="0.647" /><testcase classname="tests.test_iter188_comprehensive.Test2FAStatus" name="test_2fa_status_returns_disabled_initially" time="0.454" /><testcase classname="tests.test_iter188_comprehensive.Test2FAStatus" name="test_2fa_status_requires_auth" time="0.099" /><testcase classname="tests.test_iter188_comprehensive.Test2FASetup" name="test_2fa_setup_generates_secret_and_qr" time="0.994" /><testcase classname="tests.test_iter188_comprehensive.Test2FASetup" name="test_2fa_setup_requires_auth" time="0.116" /><testcase classname="tests.test_iter188_comprehensive.Test2FAVerifySetup" name="test_verify_setup_with_wrong_code_returns_401" time="0.788" /><testcase classname="tests.test_iter188_comprehensive.Test2FAVerifySetup" name="test_verify_setup_with_correct_code_enables_2fa" time="1.881" /><testcase classname="tests.test_iter188_comprehensive.Test2FALoginFlow" name="test_login_with_2fa_returns_challenge_token" time="16.332" /><testcase classname="tests.test_iter188_comprehensive.Test2FALoginFlow" name="test_verify_login_with_correct_totp" time="23.412" /><testcase classname="tests.test_iter188_comprehensive.Test2FALoginFlow" name="test_verify_login_with_wrong_code_returns_401" time="12.345" /><testcase classname="tests.test_iter188_comprehensive.Test2FALoginFlow" name="test_verify_login_with_recovery_code" time="3.362" /><testcase classname="tests.test_iter188_comprehensive.Test2FARegenerateRecovery" name="test_regenerate_recovery_returns_10_fresh_codes" time="3.559" /><testcase classname="tests.test_iter188_comprehensive.Test2FADisable" name="test_disable_with_correct_code_disables_2fa" time="2.236" /><testcase classname="tests.test_iter188_comprehensive.TestNoSecretLeaks" name="test_auth_me_never_leaks_totp_fields" time="0.109" /><testcase classname="tests.test_iter188_comprehensive.TestNoSecretLeaks" name="test_login_response_never_leaks_totp_fields" time="0.339" /><testcase classname="tests.test_iter188_comprehensive.TestDSGVOExport" name="test_export_contains_legacy_keys" time="0.489" /><testcase classname="tests.test_iter188_comprehensive.TestDSGVOExport" name="test_export_contains_iter188_block" time="0.431" /><testcase classname="tests.test_iter188_comprehensive.TestDSGVOExport" name="test_export_profile_strips_sensitive_fields" time="0.461" /><testcase classname="tests.test_iter188_comprehensive.TestDSGVOExport" name="test_export_caldav_masks_password" time="0.412" /><testcase classname="tests.test_iter188_comprehensive.TestReadDBExtension" name="test_admin_stats_returns_correct_counts" time="0.105" /><testcase classname="tests.test_iter188_comprehensive.TestReadDBExtension" name="test_search_global_returns_grouped_results" time="0.103" /><testcase classname="tests.test_iter188_comprehensive.TestReadDBExtension" name="test_admin_health_returns_email_stats" time="0.170" /><testcase classname="tests.test_iter188_comprehensive.TestRegressionNewsFeed" name="test_news_feed_returns_200" time="0.109" /><testcase classname="tests.test_iter188_comprehensive.TestRegressionSurveys" name="test_surveys_list_returns_200" time="0.105" /><testcase classname="tests.test_iter188_comprehensive.TestRegressionMeetings" name="test_meetings_list_returns_200" time="0.111" /><testcase classname="tests.test_iter188_comprehensive.TestRegressionLoginWithout2FA" name="test_member_login_without_2fa" time="0.655" /><testcase classname="tests.test_iter188_comprehensive.TestRegressionChatRoutes" name="test_chat_conversations_list" time="0.107" /><testcase classname="tests.test_iter188_comprehensive.TestRegressionChatRoutes" name="test_chat_users_list" time="0.113" /><testcase classname="tests.test_iter188_comprehensive.TestRegressionPrivacyGuards" name="test_stranger_cannot_access_targeted_news" time="0.113" /></testsuite></testsuites>