<?xml version="1.0" encoding="utf-8"?><testsuites name="pytest tests"><testsuite name="pytest" errors="0" failures="0" skipped="0" tests="13" time="3.201" timestamp="2026-04-12T12:09:29.104518+00:00" hostname="agent-env-d37d05be-fbf6-449d-a49e-4c6a0d92a48d"><testcase classname="backend.tests.test_recording_feature.TestRecordingStop" name="test_recording_stop_creates_metadata" time="0.526" /><testcase classname="backend.tests.test_recording_feature.TestRecordingStop" name="test_recording_stop_requires_auth" time="0.107" /><testcase classname="backend.tests.test_recording_feature.TestRecordingUpload" name="test_upload_recording_success" time="0.331" /><testcase classname="backend.tests.test_recording_feature.TestRecordingUpload" name="test_upload_recording_updates_latest_entry" time="0.413" /><testcase classname="backend.tests.test_recording_feature.TestRecordingUpload" name="test_upload_recording_requires_auth" time="0.116" /><testcase classname="backend.tests.test_recording_feature.TestRecordingUpload" name="test_upload_recording_404_for_invalid_meeting" time="0.129" /><testcase classname="backend.tests.test_recording_feature.TestRecordingPlay" name="test_play_recording_serves_file" time="0.210" /><testcase classname="backend.tests.test_recording_feature.TestRecordingPlay" name="test_play_recording_404_for_invalid_file" time="0.370" /><testcase classname="backend.tests.test_recording_feature.TestRecordingPlay" name="test_play_recording_404_for_invalid_meeting" time="0.399" /><testcase classname="backend.tests.test_recording_feature.TestRecordingsList" name="test_recordings_list_shows_url_status" time="0.049" /><testcase classname="backend.tests.test_recording_feature.TestRecordingsList" name="test_recordings_search_works" time="0.046" /><testcase classname="backend.tests.test_recording_feature.TestRecordingsList" name="test_recordings_pagination_works" time="0.045" /><testcase classname="backend.tests.test_recording_feature.TestFileSizeLimit" name="test_upload_rejects_large_file_header_check" time="0.371" /></testsuite></testsuites>