<?xml version="1.0" encoding="utf-8"?><testsuites name="pytest tests"><testsuite name="pytest" errors="0" failures="0" skipped="0" tests="20" time="7.794" timestamp="2026-04-12T13:12:17.732920+00:00" hostname="agent-env-d37d05be-fbf6-449d-a49e-4c6a0d92a48d"><testcase classname="tests.test_schedule_polls.TestSchedulePollsAuth" name="test_create_poll_requires_auth" time="0.274" /><testcase classname="tests.test_schedule_polls.TestSchedulePollsAuth" name="test_list_polls_requires_auth" time="0.146" /><testcase classname="tests.test_schedule_polls.TestSchedulePollsAuth" name="test_get_poll_by_id_requires_auth" time="0.119" /><testcase classname="tests.test_schedule_polls.TestSchedulePollsAuth" name="test_confirm_poll_requires_auth" time="0.124" /><testcase classname="tests.test_schedule_polls.TestSchedulePollsAuth" name="test_delete_poll_requires_auth" time="0.150" /><testcase classname="tests.test_schedule_polls.TestSchedulePollsPublicEndpoints" name="test_get_public_poll_by_share_token" time="0.157" /><testcase classname="tests.test_schedule_polls.TestSchedulePollsPublicEndpoints" name="test_get_public_poll_not_found" time="0.151" /><testcase classname="tests.test_schedule_polls.TestSchedulePollsPublicEndpoints" name="test_vote_on_public_poll" time="0.254" /><testcase classname="tests.test_schedule_polls.TestSchedulePollsPublicEndpoints" name="test_vote_update_overwrites_previous" time="0.438" /><testcase classname="tests.test_schedule_polls.TestSchedulePollsPublicEndpoints" name="test_add_comment_to_public_poll" time="0.178" /><testcase classname="tests.test_schedule_polls.TestSchedulePollsCRUD" name="test_create_poll_returns_poll_id_and_share_token" time="0.575" /><testcase classname="tests.test_schedule_polls.TestSchedulePollsCRUD" name="test_list_polls_with_pagination" time="0.406" /><testcase classname="tests.test_schedule_polls.TestSchedulePollsCRUD" name="test_list_polls_with_search" time="0.603" /><testcase classname="tests.test_schedule_polls.TestSchedulePollsCRUD" name="test_get_poll_by_id" time="0.527" /><testcase classname="tests.test_schedule_polls.TestSchedulePollsCRUD" name="test_get_poll_not_found" time="0.404" /><testcase classname="tests.test_schedule_polls.TestSchedulePollsCRUD" name="test_delete_poll" time="0.528" /><testcase classname="tests.test_schedule_polls.TestSchedulePollsConfirm" name="test_confirm_poll_creates_meeting" time="0.787" /><testcase classname="tests.test_schedule_polls.TestSchedulePollsConfirm" name="test_confirm_invalid_slot_returns_400" time="0.515" /><testcase classname="tests.test_schedule_polls.TestSchedulePollsSuggestions" name="test_suggest_time_slot_when_allowed" time="0.679" /><testcase classname="tests.test_schedule_polls.TestSchedulePollsSuggestions" name="test_suggest_time_slot_when_not_allowed" time="0.673" /></testsuite></testsuites>