<?xml version="1.0" encoding="utf-8"?><testsuites name="pytest tests"><testsuite name="pytest" errors="0" failures="1" skipped="0" tests="20" time="7.354" timestamp="2026-04-18T18:38:06.476000+00:00" hostname="agent-env-d37d05be-fbf6-449d-a49e-4c6a0d92a48d"><testcase classname="backend.tests.test_security_retest_iter102.TestFinding1_CORS" name="test_cors_rejects_evil_origin" time="0.094" /><testcase classname="backend.tests.test_security_retest_iter102.TestFinding1_CORS" name="test_cors_allows_frontend_url" time="0.069" /><testcase classname="backend.tests.test_security_retest_iter102.TestFinding2_PushSubscribeAuth" name="test_push_subscribe_without_auth_returns_401" time="0.200" /><testcase classname="backend.tests.test_security_retest_iter102.TestFinding2_PushSubscribeAuth" name="test_push_subscribe_with_auth_succeeds" time="0.402" /><testcase classname="backend.tests.test_security_retest_iter102.TestFinding3_ResetTokenLog" name="test_reset_token_not_in_logs" time="1.217" /><testcase classname="backend.tests.test_security_retest_iter102.TestFinding4_SecurityHeaders" name="test_security_headers_on_root" time="0.108" /><testcase classname="backend.tests.test_security_retest_iter102.TestFinding4_SecurityHeaders" name="test_security_headers_on_api" time="0.109" /><testcase classname="backend.tests.test_security_retest_iter102.TestFinding5_LogoutCookieAttrs" name="test_logout_cookie_attributes" time="0.107"><failure message="AssertionError: Login failed: 429&#10;assert 429 == 200&#10; +  where 429 = &lt;Response [429]&gt;.status_code">self = &lt;test_security_retest_iter102.TestFinding5_LogoutCookieAttrs object at 0xfd6830939650&gt;

    def test_logout_cookie_attributes(self):
        """POST /api/auth/logout cookies must have Secure + SameSite=none + HttpOnly"""
        # First login
        resp = self.session.post(f"{BASE_URL}/api/auth/login", json={
            "email": ADMIN_EMAIL, "password": ADMIN_PASSWORD
        })
&gt;       assert resp.status_code == 200, f"Login failed: {resp.status_code}"
E       AssertionError: Login failed: 429
E       assert 429 == 200
E        +  where 429 = &lt;Response [429]&gt;.status_code

backend/tests/test_security_retest_iter102.py:294: AssertionError</failure></testcase><testcase classname="backend.tests.test_security_retest_iter102.TestFinding6_WebSocketJWTValidation" name="test_ws_without_token_closes_4401" time="0.183" /><testcase classname="backend.tests.test_security_retest_iter102.TestFinding6_WebSocketJWTValidation" name="test_ws_with_wrong_user_id_closes_4403" time="0.525" /><testcase classname="backend.tests.test_security_retest_iter102.TestFinding6_WebSocketJWTValidation" name="test_ws_with_invalid_token_closes_4401" time="0.202" /><testcase classname="backend.tests.test_security_retest_iter102.TestFinding6_WebSocketJWTValidation" name="test_ws_with_correct_token_connects" time="0.515" /><testcase classname="backend.tests.test_security_retest_iter102.TestFinding7_DSGVOEndpoints" name="test_export_without_auth_returns_401" time="0.099" /><testcase classname="backend.tests.test_security_retest_iter102.TestFinding7_DSGVOEndpoints" name="test_export_with_auth_returns_data" time="0.392" /><testcase classname="backend.tests.test_security_retest_iter102.TestFinding7_DSGVOEndpoints" name="test_delete_account_flow" time="0.951" /><testcase classname="backend.tests.test_security_retest_iter102.TestRegressionChecks" name="test_auth_me_no_password_hash" time="0.402" /><testcase classname="backend.tests.test_security_retest_iter102.TestRegressionChecks" name="test_login_logout_flow" time="0.433" /><testcase classname="backend.tests.test_security_retest_iter102.TestRegressionChecks" name="test_rate_limit_active" time="0.383" /><testcase classname="backend.tests.test_security_retest_iter102.TestRegressionChecks" name="test_quick_scan_endpoints" time="0.418" /><testcase classname="backend.tests.test_security_retest_iter102.TestRegressionChecks" name="test_meeting_crud" time="0.430" /></testsuite></testsuites>