<?xml version="1.0" encoding="utf-8"?><testsuites name="pytest tests"><testsuite name="pytest" errors="0" failures="0" skipped="0" tests="12" time="8.870" timestamp="2026-04-13T16:07:16.468557+00:00" hostname="agent-env-d37d05be-fbf6-449d-a49e-4c6a0d92a48d"><testcase classname="backend.tests.test_signed_document_stamping.TestSignedDocumentStamping" name="test_download_signed_pdf_contains_original_content" time="0.742" /><testcase classname="backend.tests.test_signed_document_stamping.TestSignedDocumentStamping" name="test_download_signed_pdf_contains_signature_text" time="0.490" /><testcase classname="backend.tests.test_signed_document_stamping.TestSignedDocumentStamping" name="test_download_signed_image_preserves_dimensions" time="0.709" /><testcase classname="backend.tests.test_signed_document_stamping.TestSignedDocumentStamping" name="test_download_signed_image_has_signature_overlay" time="0.619" /><testcase classname="backend.tests.test_signed_document_stamping.TestSignedDocumentStamping" name="test_download_signed_requires_auth" time="0.546" /><testcase classname="backend.tests.test_signed_document_stamping.TestSignedDocumentStamping" name="test_download_signed_returns_404_for_nonexistent" time="0.403" /><testcase classname="backend.tests.test_signed_document_stamping.TestSignedDocumentStamping" name="test_multiple_signatures_on_document" time="0.948" /><testcase classname="backend.tests.test_signed_document_stamping.TestSignedDocumentStamping" name="test_signatures_without_position_excluded_from_visual" time="1.914" /><testcase classname="backend.tests.test_signed_document_stamping.TestSignedDocumentStamping" name="test_pdf_content_disposition_header" time="0.559" /><testcase classname="backend.tests.test_signed_document_stamping.TestSignedDocumentStamping" name="test_image_content_disposition_header" time="0.572" /><testcase classname="backend.tests.test_signed_document_stamping.TestOriginalDocumentPreservation" name="test_pdf_page_count_preserved" time="0.660" /><testcase classname="backend.tests.test_signed_document_stamping.TestOriginalDocumentPreservation" name="test_pdf_mediabox_preserved" time="0.638" /></testsuite></testsuites>