<?xml version="1.0" encoding="utf-8"?><testsuites name="pytest tests"><testsuite name="pytest" errors="0" failures="0" skipped="0" tests="8" time="3.026" timestamp="2026-04-16T07:42:58.781308+00:00" hostname="agent-env-d37d05be-fbf6-449d-a49e-4c6a0d92a48d"><testcase classname="backend.tests.test_survey_booking_features.TestSurveyResultsFix" name="test_get_public_survey_returns_votes_with_selected_options" time="0.273" /><testcase classname="backend.tests.test_survey_booking_features.TestSurveyResultsFix" name="test_vote_on_survey_stores_selected_options" time="0.241" /><testcase classname="backend.tests.test_survey_booking_features.TestBookingOverview" name="test_get_all_bookings_returns_bookings" time="0.422" /><testcase classname="backend.tests.test_survey_booking_features.TestBookingOverview" name="test_get_page_bookings_returns_filtered_bookings" time="0.375" /><testcase classname="backend.tests.test_survey_booking_features.TestBookingOverview" name="test_get_page_bookings_extern" time="0.370" /><testcase classname="backend.tests.test_survey_booking_features.TestBookingOverview" name="test_get_page_bookings_invalid_page_returns_404" time="0.375" /><testcase classname="backend.tests.test_survey_booking_features.TestBookingOverview" name="test_cancel_booking" time="0.482" /><testcase classname="backend.tests.test_survey_booking_features.TestBookingPages" name="test_get_booking_pages" time="0.407" /></testsuite></testsuites>