<?xml version="1.0" encoding="utf-8"?><testsuites name="pytest tests"><testsuite name="pytest" errors="0" failures="0" skipped="0" tests="17" time="3.703" timestamp="2026-04-12T19:20:34.195509+00:00" hostname="agent-env-d37d05be-fbf6-449d-a49e-4c6a0d92a48d"><testcase classname="backend.tests.test_waiting_room.TestMeetingCreationWithLobby" name="test_create_meeting_with_lobby_enabled" time="0.516" /><testcase classname="backend.tests.test_waiting_room.TestMeetingCreationWithLobby" name="test_create_meeting_with_lobby_disabled" time="0.055" /><testcase classname="backend.tests.test_waiting_room.TestJoinLobbyEndpoint" name="test_join_lobby_when_disabled_returns_direct_join" time="0.092" /><testcase classname="backend.tests.test_waiting_room.TestJoinLobbyEndpoint" name="test_join_lobby_host_bypass" time="0.090" /><testcase classname="backend.tests.test_waiting_room.TestJoinLobbyEndpoint" name="test_join_lobby_participant_waits" time="0.397" /><testcase classname="backend.tests.test_waiting_room.TestJoinLobbyEndpoint" name="test_join_lobby_requires_auth" time="0.136" /><testcase classname="backend.tests.test_waiting_room.TestLobbyStatusEndpoint" name="test_lobby_status_waiting" time="0.103" /><testcase classname="backend.tests.test_waiting_room.TestLobbyStatusEndpoint" name="test_lobby_status_requires_auth" time="0.113" /><testcase classname="backend.tests.test_waiting_room.TestGetLobbyEndpoint" name="test_get_lobby_list" time="0.101" /><testcase classname="backend.tests.test_waiting_room.TestGetLobbyEndpoint" name="test_get_lobby_requires_auth" time="0.111" /><testcase classname="backend.tests.test_waiting_room.TestLobbyActionEndpoint" name="test_approve_participant" time="0.484" /><testcase classname="backend.tests.test_waiting_room.TestLobbyActionEndpoint" name="test_reject_participant" time="0.477" /><testcase classname="backend.tests.test_waiting_room.TestLobbyActionEndpoint" name="test_lobby_action_requires_host" time="0.053" /><testcase classname="backend.tests.test_waiting_room.TestToggleLobbyHostControl" name="test_toggle_lobby_on" time="0.148" /><testcase classname="backend.tests.test_waiting_room.TestToggleLobbyHostControl" name="test_toggle_lobby_off" time="0.064" /><testcase classname="backend.tests.test_waiting_room.TestToggleLobbyHostControl" name="test_toggle_lobby_requires_host" time="0.050" /><testcase classname="backend.tests.test_waiting_room.TestLobbyStatusPolling" name="test_full_lobby_flow" time="0.612" /></testsuite></testsuites>