<?xml version="1.0" encoding="utf-8"?><testsuites name="pytest tests"><testsuite name="pytest" errors="0" failures="0" skipped="0" tests="10" time="5.067" timestamp="2026-04-12T18:55:18.785512+00:00" hostname="agent-env-d37d05be-fbf6-449d-a49e-4c6a0d92a48d"><testcase classname="backend.tests.test_whiteboard.TestWhiteboardEndpoints" name="test_get_whiteboard_strokes_authenticated" time="0.586" /><testcase classname="backend.tests.test_whiteboard.TestWhiteboardEndpoints" name="test_get_whiteboard_strokes_unauthenticated" time="0.530" /><testcase classname="backend.tests.test_whiteboard.TestWhiteboardEndpoints" name="test_get_whiteboard_strokes_nonexistent_meeting" time="0.473" /><testcase classname="backend.tests.test_whiteboard.TestWhiteboardEndpoints" name="test_delete_whiteboard_strokes_authenticated" time="0.478" /><testcase classname="backend.tests.test_whiteboard.TestWhiteboardEndpoints" name="test_delete_whiteboard_strokes_unauthenticated" time="0.497" /><testcase classname="backend.tests.test_whiteboard.TestWhiteboardEndpoints" name="test_delete_whiteboard_idempotent" time="0.500" /><testcase classname="backend.tests.test_whiteboard.TestWhiteboardDataPersistence" name="test_whiteboard_strokes_initially_empty" time="0.526" /><testcase classname="backend.tests.test_whiteboard.TestWhiteboardDataPersistence" name="test_whiteboard_stroke_structure" time="0.539" /><testcase classname="backend.tests.test_whiteboard.TestWhiteboardIntegration" name="test_meeting_exists_for_whiteboard" time="0.376" /><testcase classname="backend.tests.test_whiteboard.TestWhiteboardIntegration" name="test_auth_required_for_whiteboard_operations" time="0.487" /></testsuite></testsuites>